{"/Users/grebmann/zcc-workspace/zana-command-center/apps/app/src/components/fleet-item.ts": {"path":"/Users/grebmann/zcc-workspace/zana-command-center/apps/app/src/components/fleet-item.ts","statementMap":{"0":{"start":{"line":31,"column":2},"end":{"line":31,"column":null}},"1":{"start":{"line":35,"column":2},"end":{"line":35,"column":null}},"2":{"start":{"line":39,"column":2},"end":{"line":48,"column":null}},"3":{"start":{"line":55,"column":2},"end":{"line":64,"column":null}},"4":{"start":{"line":68,"column":2},"end":{"line":68,"column":null}},"5":{"start":{"line":72,"column":2},"end":{"line":72,"column":null}},"6":{"start":{"line":76,"column":2},"end":{"line":76,"column":null}},"7":{"start":{"line":76,"column":50},"end":{"line":76,"column":59}},"8":{"start":{"line":81,"column":2},"end":{"line":81,"column":null}},"9":{"start":{"line":81,"column":32},"end":{"line":81,"column":null}},"10":{"start":{"line":82,"column":16},"end":{"line":82,"column":null}},"11":{"start":{"line":83,"column":2},"end":{"line":83,"column":null}},"12":{"start":{"line":87,"column":38},"end":{"line":87,"column":null}},"13":{"start":{"line":95,"column":33},"end":{"line":95,"column":null}},"14":{"start":{"line":96,"column":33},"end":{"line":96,"column":null}},"15":{"start":{"line":97,"column":2},"end":{"line":101,"column":null}},"16":{"start":{"line":98,"column":4},"end":{"line":98,"column":null}},"17":{"start":{"line":98,"column":34},"end":{"line":98,"column":null}},"18":{"start":{"line":99,"column":4},"end":{"line":100,"column":null}},"19":{"start":{"line":99,"column":37},"end":{"line":99,"column":null}},"20":{"start":{"line":100,"column":9},"end":{"line":100,"column":null}},"21":{"start":{"line":102,"column":2},"end":{"line":102,"column":null}},"22":{"start":{"line":106,"column":16},"end":{"line":106,"column":null}},"23":{"start":{"line":107,"column":2},"end":{"line":107,"column":null}},"24":{"start":{"line":107,"column":27},"end":{"line":107,"column":null}},"25":{"start":{"line":108,"column":2},"end":{"line":108,"column":null}},"26":{"start":{"line":108,"column":27},"end":{"line":108,"column":null}},"27":{"start":{"line":109,"column":2},"end":{"line":109,"column":null}},"28":{"start":{"line":113,"column":2},"end":{"line":113,"column":null}},"29":{"start":{"line":113,"column":32},"end":{"line":113,"column":null}},"30":{"start":{"line":114,"column":2},"end":{"line":114,"column":null}},"31":{"start":{"line":114,"column":32},"end":{"line":114,"column":null}},"32":{"start":{"line":115,"column":2},"end":{"line":115,"column":null}},"33":{"start":{"line":123,"column":2},"end":{"line":123,"column":null}},"34":{"start":{"line":123,"column":30},"end":{"line":123,"column":null}},"35":{"start":{"line":124,"column":2},"end":{"line":124,"column":null}},"36":{"start":{"line":138,"column":7},"end":{"line":138,"column":null}},"37":{"start":{"line":139,"column":15},"end":{"line":139,"column":null}},"38":{"start":{"line":140,"column":2},"end":{"line":153,"column":null}},"39":{"start":{"line":141,"column":16},"end":{"line":141,"column":null}},"40":{"start":{"line":142,"column":4},"end":{"line":151,"column":null}},"41":{"start":{"line":143,"column":6},"end":{"line":148,"column":null}},"42":{"start":{"line":149,"column":6},"end":{"line":149,"column":null}},"43":{"start":{"line":150,"column":6},"end":{"line":150,"column":null}},"44":{"start":{"line":152,"column":4},"end":{"line":152,"column":null}},"45":{"start":{"line":154,"column":2},"end":{"line":154,"column":null}},"46":{"start":{"line":162,"column":2},"end":{"line":165,"column":null}},"47":{"start":{"line":163,"column":18},"end":{"line":163,"column":null}},"48":{"start":{"line":163,"column":39},"end":{"line":163,"column":59}},"49":{"start":{"line":164,"column":4},"end":{"line":164,"column":null}},"50":{"start":{"line":164,"column":15},"end":{"line":164,"column":null}},"51":{"start":{"line":166,"column":2},"end":{"line":171,"column":null}},"52":{"start":{"line":167,"column":16},"end":{"line":169,"column":null}},"53":{"start":{"line":168,"column":16},"end":{"line":168,"column":null}},"54":{"start":{"line":170,"column":4},"end":{"line":170,"column":null}},"55":{"start":{"line":170,"column":13},"end":{"line":170,"column":null}},"56":{"start":{"line":172,"column":2},"end":{"line":172,"column":null}}},"fnMap":{"0":{"name":"isVisibleThread","decl":{"start":{"line":30,"column":16},"end":{"line":30,"column":32}},"loc":{"start":{"line":30,"column":65},"end":{"line":32,"column":null}},"line":30},"1":{"name":"threadTitle","decl":{"start":{"line":34,"column":16},"end":{"line":34,"column":28}},"loc":{"start":{"line":34,"column":75},"end":{"line":36,"column":null}},"line":34},"2":{"name":"agentFleetItem","decl":{"start":{"line":38,"column":16},"end":{"line":38,"column":31}},"loc":{"start":{"line":38,"column":87},"end":{"line":49,"column":null}},"line":38},"3":{"name":"threadFleetItem","decl":{"start":{"line":51,"column":16},"end":{"line":51,"column":null}},"loc":{"start":{"line":54,"column":42},"end":{"line":65,"column":null}},"line":54},"4":{"name":"isAgentFleet","decl":{"start":{"line":67,"column":16},"end":{"line":67,"column":29}},"loc":{"start":{"line":67,"column":93},"end":{"line":69,"column":null}},"line":67},"5":{"name":"isThreadFleet","decl":{"start":{"line":71,"column":16},"end":{"line":71,"column":30}},"loc":{"start":{"line":71,"column":95},"end":{"line":73,"column":null}},"line":71},"6":{"name":"fleetAgentCards","decl":{"start":{"line":75,"column":16},"end":{"line":75,"column":32}},"loc":{"start":{"line":75,"column":65},"end":{"line":77,"column":null}},"line":75},"7":{"name":"(anonymous_7)","decl":{"start":{"line":76,"column":36},"end":{"line":76,"column":41}},"loc":{"start":{"line":76,"column":50},"end":{"line":76,"column":59}},"line":76},"8":{"name":"threadIsLiveForRail","decl":{"start":{"line":80,"column":16},"end":{"line":80,"column":36}},"loc":{"start":{"line":80,"column":69},"end":{"line":84,"column":null}},"line":80},"9":{"name":"railThreadsForProject","decl":{"start":{"line":94,"column":16},"end":{"line":94,"column":38}},"loc":{"start":{"line":94,"column":83},"end":{"line":103,"column":null}},"line":94},"10":{"name":"threadRailDetail","decl":{"start":{"line":105,"column":16},"end":{"line":105,"column":33}},"loc":{"start":{"line":105,"column":81},"end":{"line":110,"column":null}},"line":105},"11":{"name":"fleetThreadLane","decl":{"start":{"line":112,"column":16},"end":{"line":112,"column":32}},"loc":{"start":{"line":112,"column":87},"end":{"line":116,"column":null}},"line":112},"12":{"name":"fleetMatchesLane","decl":{"start":{"line":118,"column":16},"end":{"line":118,"column":null}},"loc":{"start":{"line":122,"column":11},"end":{"line":125,"column":null}},"line":122},"13":{"name":"groupFleetByProject","decl":{"start":{"line":127,"column":16},"end":{"line":127,"column":36}},"loc":{"start":{"line":132,"column":3},"end":{"line":155,"column":null}},"line":132},"14":{"name":"resolveMonitorSelection","decl":{"start":{"line":157,"column":16},"end":{"line":157,"column":null}},"loc":{"start":{"line":161,"column":20},"end":{"line":173,"column":null}},"line":161},"15":{"name":"(anonymous_15)","decl":{"start":{"line":163,"column":24},"end":{"line":163,"column":30}},"loc":{"start":{"line":163,"column":39},"end":{"line":163,"column":59}},"line":163},"16":{"name":"(anonymous_16)","decl":{"start":{"line":167,"column":22},"end":{"line":167,"column":null}},"loc":{"start":{"line":168,"column":16},"end":{"line":168,"column":null}},"line":168}},"branchMap":{"0":{"loc":{"start":{"line":35,"column":9},"end":{"line":35,"column":null}},"type":"binary-expr","locations":[{"start":{"line":35,"column":9},"end":{"line":35,"column":25}},{"start":{"line":35,"column":25},"end":{"line":35,"column":null}}],"line":35},"1":{"loc":{"start":{"line":61,"column":17},"end":{"line":61,"column":null}},"type":"binary-expr","locations":[{"start":{"line":61,"column":17},"end":{"line":61,"column":34}},{"start":{"line":61,"column":34},"end":{"line":61,"column":null}}],"line":61},"2":{"loc":{"start":{"line":81,"column":2},"end":{"line":81,"column":null}},"type":"if","locations":[{"start":{"line":81,"column":2},"end":{"line":81,"column":null}},{"start":{},"end":{}}],"line":81},"3":{"loc":{"start":{"line":83,"column":9},"end":{"line":83,"column":null}},"type":"binary-expr","locations":[{"start":{"line":83,"column":9},"end":{"line":83,"column":32}},{"start":{"line":83,"column":32},"end":{"line":83,"column":null}}],"line":83},"4":{"loc":{"start":{"line":98,"column":4},"end":{"line":98,"column":null}},"type":"if","locations":[{"start":{"line":98,"column":4},"end":{"line":98,"column":null}},{"start":{},"end":{}}],"line":98},"5":{"loc":{"start":{"line":99,"column":4},"end":{"line":100,"column":null}},"type":"if","locations":[{"start":{"line":99,"column":4},"end":{"line":100,"column":null}},{"start":{"line":100,"column":9},"end":{"line":100,"column":null}}],"line":99},"6":{"loc":{"start":{"line":107,"column":2},"end":{"line":107,"column":null}},"type":"if","locations":[{"start":{"line":107,"column":2},"end":{"line":107,"column":null}},{"start":{},"end":{}}],"line":107},"7":{"loc":{"start":{"line":108,"column":2},"end":{"line":108,"column":null}},"type":"if","locations":[{"start":{"line":108,"column":2},"end":{"line":108,"column":null}},{"start":{},"end":{}}],"line":108},"8":{"loc":{"start":{"line":113,"column":2},"end":{"line":113,"column":null}},"type":"if","locations":[{"start":{"line":113,"column":2},"end":{"line":113,"column":null}},{"start":{},"end":{}}],"line":113},"9":{"loc":{"start":{"line":114,"column":2},"end":{"line":114,"column":null}},"type":"if","locations":[{"start":{"line":114,"column":2},"end":{"line":114,"column":null}},{"start":{},"end":{}}],"line":114},"10":{"loc":{"start":{"line":123,"column":2},"end":{"line":123,"column":null}},"type":"if","locations":[{"start":{"line":123,"column":2},"end":{"line":123,"column":null}},{"start":{},"end":{}}],"line":123},"11":{"loc":{"start":{"line":142,"column":4},"end":{"line":151,"column":null}},"type":"if","locations":[{"start":{"line":142,"column":4},"end":{"line":151,"column":null}},{"start":{},"end":{}}],"line":142},"12":{"loc":{"start":{"line":162,"column":2},"end":{"line":165,"column":null}},"type":"if","locations":[{"start":{"line":162,"column":2},"end":{"line":165,"column":null}},{"start":{},"end":{}}],"line":162},"13":{"loc":{"start":{"line":164,"column":4},"end":{"line":164,"column":null}},"type":"if","locations":[{"start":{"line":164,"column":4},"end":{"line":164,"column":null}},{"start":{},"end":{}}],"line":164},"14":{"loc":{"start":{"line":166,"column":2},"end":{"line":171,"column":null}},"type":"if","locations":[{"start":{"line":166,"column":2},"end":{"line":171,"column":null}},{"start":{},"end":{}}],"line":166},"15":{"loc":{"start":{"line":168,"column":16},"end":{"line":168,"column":null}},"type":"binary-expr","locations":[{"start":{"line":168,"column":16},"end":{"line":168,"column":41}},{"start":{"line":168,"column":41},"end":{"line":168,"column":null}}],"line":168},"16":{"loc":{"start":{"line":170,"column":4},"end":{"line":170,"column":null}},"type":"if","locations":[{"start":{"line":170,"column":4},"end":{"line":170,"column":null}},{"start":{},"end":{}}],"line":170},"17":{"loc":{"start":{"line":172,"column":9},"end":{"line":172,"column":null}},"type":"binary-expr","locations":[{"start":{"line":172,"column":9},"end":{"line":172,"column":21}},{"start":{"line":172,"column":21},"end":{"line":172,"column":null}}],"line":172}},"s":{"0":31,"1":4,"2":1,"3":4,"4":0,"5":0,"6":0,"7":0,"8":17,"9":1,"10":16,"11":16,"12":1,"13":1,"14":1,"15":1,"16":14,"17":1,"18":13,"19":2,"20":11,"21":1,"22":3,"23":3,"24":1,"25":2,"26":1,"27":1,"28":5,"29":1,"30":4,"31":3,"32":1,"33":2,"34":2,"35":0,"36":0,"37":0,"38":0,"39":0,"40":0,"41":0,"42":0,"43":0,"44":0,"45":0,"46":3,"47":2,"48":2,"49":2,"50":2,"51":1,"52":1,"53":2,"54":1,"55":1,"56":0},"f":{"0":31,"1":4,"2":1,"3":4,"4":0,"5":0,"6":0,"7":0,"8":17,"9":1,"10":3,"11":5,"12":2,"13":0,"14":3,"15":2,"16":2},"b":{"0":[4,0],"1":[4,3],"2":[1,16],"3":[16,14],"4":[1,13],"5":[2,11],"6":[1,2],"7":[1,1],"8":[1,4],"9":[3,1],"10":[2,0],"11":[0,0],"12":[2,1],"13":[2,0],"14":[1,0],"15":[2,1],"16":[1,0],"17":[0,0]},"meta":{"lastBranch":18,"lastFunction":17,"lastStatement":57,"seen":{"f:30:16:30:32":0,"s:31:2:31:Infinity":0,"f:34:16:34:28":1,"s:35:2:35:Infinity":1,"b:35:9:35:25:35:25:35:Infinity":0,"f:38:16:38:31":2,"s:39:2:48:Infinity":2,"f:51:16:51:Infinity":3,"s:55:2:64:Infinity":3,"b:61:17:61:34:61:34:61:Infinity":1,"f:67:16:67:29":4,"s:68:2:68:Infinity":4,"f:71:16:71:30":5,"s:72:2:72:Infinity":5,"f:75:16:75:32":6,"s:76:2:76:Infinity":6,"f:76:36:76:41":7,"s:76:50:76:59":7,"f:80:16:80:36":8,"b:81:2:81:Infinity:undefined:undefined:undefined:undefined":2,"s:81:2:81:Infinity":8,"s:81:32:81:Infinity":9,"s:82:16:82:Infinity":10,"s:83:2:83:Infinity":11,"b:83:9:83:32:83:32:83:Infinity":3,"s:87:38:87:Infinity":12,"f:94:16:94:38":9,"s:95:33:95:Infinity":13,"s:96:33:96:Infinity":14,"s:97:2:101:Infinity":15,"b:98:4:98:Infinity:undefined:undefined:undefined:undefined":4,"s:98:4:98:Infinity":16,"s:98:34:98:Infinity":17,"b:99:4:100:Infinity:100:9:100:Infinity":5,"s:99:4:100:Infinity":18,"s:99:37:99:Infinity":19,"s:100:9:100:Infinity":20,"s:102:2:102:Infinity":21,"f:105:16:105:33":10,"s:106:16:106:Infinity":22,"b:107:2:107:Infinity:undefined:undefined:undefined:undefined":6,"s:107:2:107:Infinity":23,"s:107:27:107:Infinity":24,"b:108:2:108:Infinity:undefined:undefined:undefined:undefined":7,"s:108:2:108:Infinity":25,"s:108:27:108:Infinity":26,"s:109:2:109:Infinity":27,"f:112:16:112:32":11,"b:113:2:113:Infinity:undefined:undefined:undefined:undefined":8,"s:113:2:113:Infinity":28,"s:113:32:113:Infinity":29,"b:114:2:114:Infinity:undefined:undefined:undefined:undefined":9,"s:114:2:114:Infinity":30,"s:114:32:114:Infinity":31,"s:115:2:115:Infinity":32,"f:118:16:118:Infinity":12,"b:123:2:123:Infinity:undefined:undefined:undefined:undefined":10,"s:123:2:123:Infinity":33,"s:123:30:123:Infinity":34,"s:124:2:124:Infinity":35,"f:127:16:127:36":13,"s:138:7:138:Infinity":36,"s:139:15:139:Infinity":37,"s:140:2:153:Infinity":38,"s:141:16:141:Infinity":39,"b:142:4:151:Infinity:undefined:undefined:undefined:undefined":11,"s:142:4:151:Infinity":40,"s:143:6:148:Infinity":41,"s:149:6:149:Infinity":42,"s:150:6:150:Infinity":43,"s:152:4:152:Infinity":44,"s:154:2:154:Infinity":45,"f:157:16:157:Infinity":14,"b:162:2:165:Infinity:undefined:undefined:undefined:undefined":12,"s:162:2:165:Infinity":46,"s:163:18:163:Infinity":47,"f:163:24:163:30":15,"s:163:39:163:59":48,"b:164:4:164:Infinity:undefined:undefined:undefined:undefined":13,"s:164:4:164:Infinity":49,"s:164:15:164:Infinity":50,"b:166:2:171:Infinity:undefined:undefined:undefined:undefined":14,"s:166:2:171:Infinity":51,"s:167:16:169:Infinity":52,"f:167:22:167:Infinity":16,"s:168:16:168:Infinity":53,"b:168:16:168:41:168:41:168:Infinity":15,"b:170:4:170:Infinity:undefined:undefined:undefined:undefined":16,"s:170:4:170:Infinity":54,"s:170:13:170:Infinity":55,"s:172:2:172:Infinity":56,"b:172:9:172:21:172:21:172:Infinity":17},"fnNames":{}}}
}
