{"/Users/grebmann/zcc-workspace/zana-command-center/apps/app/src/lib/fs-entry-drag.ts": {"path":"/Users/grebmann/zcc-workspace/zana-command-center/apps/app/src/lib/fs-entry-drag.ts","statementMap":{"0":{"start":{"line":4,"column":34},"end":{"line":4,"column":null}},"1":{"start":{"line":12,"column":2},"end":{"line":12,"column":null}},"2":{"start":{"line":12,"column":75},"end":{"line":12,"column":null}},"3":{"start":{"line":13,"column":17},"end":{"line":13,"column":null}},"4":{"start":{"line":14,"column":2},"end":{"line":17,"column":null}},"5":{"start":{"line":22,"column":2},"end":{"line":22,"column":null}},"6":{"start":{"line":25,"column":24},"end":{"line":25,"column":null}},"7":{"start":{"line":28,"column":2},"end":{"line":28,"column":null}},"8":{"start":{"line":29,"column":2},"end":{"line":29,"column":null}},"9":{"start":{"line":30,"column":2},"end":{"line":30,"column":null}},"10":{"start":{"line":31,"column":2},"end":{"line":31,"column":null}},"11":{"start":{"line":36,"column":2},"end":{"line":36,"column":null}},"12":{"start":{"line":36,"column":26},"end":{"line":36,"column":null}},"13":{"start":{"line":37,"column":2},"end":{"line":37,"column":null}},"14":{"start":{"line":38,"column":2},"end":{"line":38,"column":null}},"15":{"start":{"line":42,"column":2},"end":{"line":44,"column":null}},"16":{"start":{"line":43,"column":4},"end":{"line":43,"column":null}},"17":{"start":{"line":48,"column":2},"end":{"line":48,"column":null}},"18":{"start":{"line":48,"column":12},"end":{"line":48,"column":null}},"19":{"start":{"line":49,"column":2},"end":{"line":55,"column":null}},"20":{"start":{"line":50,"column":28},"end":{"line":50,"column":null}},"21":{"start":{"line":51,"column":17},"end":{"line":51,"column":null}},"22":{"start":{"line":52,"column":4},"end":{"line":52,"column":null}},"23":{"start":{"line":54,"column":4},"end":{"line":54,"column":null}}},"fnMap":{"0":{"name":"isFsEntryDragPayload","decl":{"start":{"line":11,"column":9},"end":{"line":11,"column":30}},"loc":{"start":{"line":11,"column":75},"end":{"line":19,"column":null}},"line":11},"1":{"name":"serializeFsEntryDrag","decl":{"start":{"line":21,"column":16},"end":{"line":21,"column":37}},"loc":{"start":{"line":21,"column":72},"end":{"line":23,"column":null}},"line":21},"2":{"name":"beginFsEntryDrag","decl":{"start":{"line":27,"column":16},"end":{"line":27,"column":33}},"loc":{"start":{"line":27,"column":94},"end":{"line":32,"column":null}},"line":27},"3":{"name":"consumeFsEntryDragClick","decl":{"start":{"line":35,"column":16},"end":{"line":35,"column":51}},"loc":{"start":{"line":35,"column":51},"end":{"line":39,"column":null}},"line":35},"4":{"name":"endFsEntryDrag","decl":{"start":{"line":41,"column":16},"end":{"line":41,"column":39}},"loc":{"start":{"line":41,"column":39},"end":{"line":45,"column":null}},"line":41},"5":{"name":"(anonymous_5)","decl":{"start":{"line":42,"column":13},"end":{"line":42,"column":30}},"loc":{"start":{"line":42,"column":30},"end":{"line":44,"column":5}},"line":42},"6":{"name":"parseFsEntryDrag","decl":{"start":{"line":47,"column":16},"end":{"line":47,"column":33}},"loc":{"start":{"line":47,"column":68},"end":{"line":56,"column":null}},"line":47}},"branchMap":{"0":{"loc":{"start":{"line":12,"column":2},"end":{"line":12,"column":null}},"type":"if","locations":[{"start":{"line":12,"column":2},"end":{"line":12,"column":null}},{"start":{},"end":{}}],"line":12},"1":{"loc":{"start":{"line":12,"column":6},"end":{"line":12,"column":75}},"type":"binary-expr","locations":[{"start":{"line":12,"column":6},"end":{"line":12,"column":35}},{"start":{"line":12,"column":35},"end":{"line":12,"column":53}},{"start":{"line":12,"column":53},"end":{"line":12,"column":75}}],"line":12},"2":{"loc":{"start":{"line":15,"column":4},"end":{"line":17,"column":null}},"type":"binary-expr","locations":[{"start":{"line":15,"column":4},"end":{"line":15,"column":null}},{"start":{"line":16,"column":7},"end":{"line":16,"column":null}},{"start":{"line":17,"column":8},"end":{"line":17,"column":34}},{"start":{"line":17,"column":34},"end":{"line":17,"column":null}}],"line":15},"3":{"loc":{"start":{"line":36,"column":2},"end":{"line":36,"column":null}},"type":"if","locations":[{"start":{"line":36,"column":2},"end":{"line":36,"column":null}},{"start":{},"end":{}}],"line":36},"4":{"loc":{"start":{"line":48,"column":2},"end":{"line":48,"column":null}},"type":"if","locations":[{"start":{"line":48,"column":2},"end":{"line":48,"column":null}},{"start":{},"end":{}}],"line":48},"5":{"loc":{"start":{"line":51,"column":17},"end":{"line":51,"column":null}},"type":"cond-expr","locations":[{"start":{"line":51,"column":41},"end":{"line":51,"column":50}},{"start":{"line":51,"column":50},"end":{"line":51,"column":null}}],"line":51}},"s":{"0":1,"1":7,"2":1,"3":6,"4":6,"5":6,"6":1,"7":3,"8":3,"9":3,"10":3,"11":8,"12":6,"13":2,"14":2,"15":2,"16":1,"17":6,"18":1,"19":5,"20":5,"21":5,"22":6,"23":1},"f":{"0":7,"1":6,"2":3,"3":8,"4":2,"5":1,"6":6},"b":{"0":[1,6],"1":[7,7,6],"2":[6,5,4,2],"3":[6,2],"4":[1,5],"5":[1,3]},"meta":{"lastBranch":6,"lastFunction":7,"lastStatement":24,"seen":{"s:4:34:4:Infinity":0,"f:11:9:11:30":0,"b:12:2:12:Infinity:undefined:undefined:undefined:undefined":0,"s:12:2:12:Infinity":1,"b:12:6:12:35:12:35:12:53:12:53:12:75":1,"s:12:75:12:Infinity":2,"s:13:17:13:Infinity":3,"s:14:2:17:Infinity":4,"b:15:4:15:Infinity:16:7:16:Infinity:17:8:17:34:17:34:17:Infinity":2,"f:21:16:21:37":1,"s:22:2:22:Infinity":5,"s:25:24:25:Infinity":6,"f:27:16:27:33":2,"s:28:2:28:Infinity":7,"s:29:2:29:Infinity":8,"s:30:2:30:Infinity":9,"s:31:2:31:Infinity":10,"f:35:16:35:51":3,"b:36:2:36:Infinity:undefined:undefined:undefined:undefined":3,"s:36:2:36:Infinity":11,"s:36:26:36:Infinity":12,"s:37:2:37:Infinity":13,"s:38:2:38:Infinity":14,"f:41:16:41:39":4,"s:42:2:44:Infinity":15,"f:42:13:42:30":5,"s:43:4:43:Infinity":16,"f:47:16:47:33":6,"b:48:2:48:Infinity:undefined:undefined:undefined:undefined":4,"s:48:2:48:Infinity":17,"s:48:12:48:Infinity":18,"s:49:2:55:Infinity":19,"s:50:28:50:Infinity":20,"s:51:17:51:Infinity":21,"b:51:41:51:50:51:50:51:Infinity":5,"s:52:4:52:Infinity":22,"s:54:4:54:Infinity":23},"fnNames":{}}}
,"/Users/grebmann/zcc-workspace/zana-command-center/apps/app/src/lib/suppress-post-drag-click.ts": {"path":"/Users/grebmann/zcc-workspace/zana-command-center/apps/app/src/lib/suppress-post-drag-click.ts","statementMap":{"0":{"start":{"line":2,"column":43},"end":{"line":2,"column":null}},"1":{"start":{"line":13,"column":2},"end":{"line":13,"column":null}},"2":{"start":{"line":13,"column":39},"end":{"line":13,"column":null}},"3":{"start":{"line":13,"column":52},"end":{"line":13,"column":null}},"4":{"start":{"line":15,"column":13},"end":{"line":15,"column":null}},"5":{"start":{"line":16,"column":8},"end":{"line":22,"column":null}},"6":{"start":{"line":17,"column":4},"end":{"line":17,"column":null}},"7":{"start":{"line":17,"column":14},"end":{"line":17,"column":null}},"8":{"start":{"line":18,"column":4},"end":{"line":18,"column":null}},"9":{"start":{"line":19,"column":4},"end":{"line":19,"column":null}},"10":{"start":{"line":20,"column":4},"end":{"line":20,"column":null}},"11":{"start":{"line":21,"column":4},"end":{"line":21,"column":null}},"12":{"start":{"line":23,"column":8},"end":{"line":28,"column":null}},"13":{"start":{"line":24,"column":4},"end":{"line":24,"column":null}},"14":{"start":{"line":24,"column":14},"end":{"line":24,"column":null}},"15":{"start":{"line":25,"column":4},"end":{"line":25,"column":null}},"16":{"start":{"line":26,"column":4},"end":{"line":26,"column":null}},"17":{"start":{"line":27,"column":4},"end":{"line":27,"column":null}},"18":{"start":{"line":29,"column":2},"end":{"line":29,"column":null}},"19":{"start":{"line":30,"column":16},"end":{"line":30,"column":null}},"20":{"start":{"line":31,"column":2},"end":{"line":31,"column":null}}},"fnMap":{"0":{"name":"suppressPostDragClick","decl":{"start":{"line":10,"column":16},"end":{"line":10,"column":null}},"loc":{"start":{"line":12,"column":14},"end":{"line":32,"column":null}},"line":12},"1":{"name":"(anonymous_1)","decl":{"start":{"line":13,"column":39},"end":{"line":13,"column":52}},"loc":{"start":{"line":13,"column":52},"end":{"line":13,"column":null}},"line":13},"2":{"name":"(anonymous_2)","decl":{"start":{"line":16,"column":8},"end":{"line":16,"column":19}},"loc":{"start":{"line":16,"column":36},"end":{"line":22,"column":null}},"line":16},"3":{"name":"(anonymous_3)","decl":{"start":{"line":23,"column":8},"end":{"line":23,"column":24}},"loc":{"start":{"line":23,"column":24},"end":{"line":28,"column":null}},"line":23}},"branchMap":{"0":{"loc":{"start":{"line":11,"column":2},"end":{"line":11,"column":null}},"type":"default-arg","locations":[{"start":{"line":11,"column":15},"end":{"line":11,"column":null}}],"line":11},"1":{"loc":{"start":{"line":13,"column":2},"end":{"line":13,"column":null}},"type":"if","locations":[{"start":{"line":13,"column":2},"end":{"line":13,"column":null}},{"start":{},"end":{}}],"line":13},"2":{"loc":{"start":{"line":17,"column":4},"end":{"line":17,"column":null}},"type":"if","locations":[{"start":{"line":17,"column":4},"end":{"line":17,"column":null}},{"start":{},"end":{}}],"line":17},"3":{"loc":{"start":{"line":24,"column":4},"end":{"line":24,"column":null}},"type":"if","locations":[{"start":{"line":24,"column":4},"end":{"line":24,"column":null}},{"start":{},"end":{}}],"line":24}},"s":{"0":2,"1":4,"2":1,"3":1,"4":3,"5":3,"6":3,"7":2,"8":1,"9":1,"10":1,"11":1,"12":3,"13":4,"14":1,"15":3,"16":3,"17":3,"18":3,"19":3,"20":3},"f":{"0":4,"1":1,"2":3,"3":4},"b":{"0":[4],"1":[1,3],"2":[2,1],"3":[1,3]},"meta":{"lastBranch":4,"lastFunction":4,"lastStatement":21,"seen":{"s:2:43:2:Infinity":0,"f:10:16:10:Infinity":0,"b:11:15:11:Infinity":0,"b:13:2:13:Infinity:undefined:undefined:undefined:undefined":1,"s:13:2:13:Infinity":1,"s:13:39:13:Infinity":2,"f:13:39:13:52":1,"s:13:52:13:Infinity":3,"s:15:13:15:Infinity":4,"s:16:8:22:Infinity":5,"f:16:8:16:19":2,"b:17:4:17:Infinity:undefined:undefined:undefined:undefined":2,"s:17:4:17:Infinity":6,"s:17:14:17:Infinity":7,"s:18:4:18:Infinity":8,"s:19:4:19:Infinity":9,"s:20:4:20:Infinity":10,"s:21:4:21:Infinity":11,"s:23:8:28:Infinity":12,"f:23:8:23:24":3,"b:24:4:24:Infinity:undefined:undefined:undefined:undefined":3,"s:24:4:24:Infinity":13,"s:24:14:24:Infinity":14,"s:25:4:25:Infinity":15,"s:26:4:26:Infinity":16,"s:27:4:27:Infinity":17,"s:29:2:29:Infinity":18,"s:30:16:30:Infinity":19,"s:31:2:31:Infinity":20},"fnNames":{}}}
}
