<?xml version="1.0" encoding="UTF-8"?>
<coverage generated="1787838898172" clover="3.2.0">
  <project timestamp="1787838898172" name="All files">
    <metrics statements="958" coveredstatements="949" conditionals="1184" coveredconditionals="1014" methods="180" coveredmethods="175" elements="2322" coveredelements="2138" complexity="0" loc="958" ncloc="958" packages="1" files="15" classes="15"/>
    <file name="agent.ts" path="/Users/grebmann/zcc-workspace/zana-command-center/plugins/salesforce/lib/agent.ts">
      <metrics statements="163" coveredstatements="163" conditionals="250" coveredconditionals="231" methods="38" coveredmethods="38"/>
      <line num="69" count="4" type="stmt"/>
      <line num="81" count="4" type="stmt"/>
      <line num="83" count="4" type="stmt"/>
      <line num="84" count="4" type="stmt"/>
      <line num="85" count="4" type="stmt"/>
      <line num="88" count="64" type="cond" truecount="3" falsecount="1"/>
      <line num="89" count="64" type="cond" truecount="1" falsecount="1"/>
      <line num="90" count="64" type="cond" truecount="2" falsecount="0"/>
      <line num="91" count="2" type="stmt"/>
      <line num="93" count="62" type="cond" truecount="2" falsecount="0"/>
      <line num="94" count="64" type="cond" truecount="2" falsecount="0"/>
      <line num="95" count="64" type="cond" truecount="2" falsecount="0"/>
      <line num="96" count="64" type="cond" truecount="2" falsecount="0"/>
      <line num="97" count="64" type="cond" truecount="2" falsecount="0"/>
      <line num="99" count="64" type="cond" truecount="2" falsecount="0"/>
      <line num="100" count="64" type="cond" truecount="2" falsecount="0"/>
      <line num="102" count="64" type="cond" truecount="4" falsecount="0"/>
      <line num="106" count="64" type="cond" truecount="7" falsecount="0"/>
      <line num="107" count="1" type="stmt"/>
      <line num="109" count="61" type="cond" truecount="5" falsecount="0"/>
      <line num="110" count="1" type="stmt"/>
      <line num="112" count="60" type="cond" truecount="4" falsecount="0"/>
      <line num="113" count="1" type="stmt"/>
      <line num="115" count="59" type="cond" truecount="5" falsecount="0"/>
      <line num="116" count="1" type="stmt"/>
      <line num="121" count="58" type="cond" truecount="5" falsecount="0"/>
      <line num="122" count="1" type="stmt"/>
      <line num="125" count="57" type="stmt"/>
      <line num="144" count="30" type="cond" truecount="2" falsecount="0"/>
      <line num="145" count="30" type="stmt"/>
      <line num="146" count="30" type="stmt"/>
      <line num="147" count="30" type="stmt"/>
      <line num="148" count="30" type="stmt"/>
      <line num="149" count="30" type="cond" truecount="1" falsecount="1"/>
      <line num="150" count="30" type="stmt"/>
      <line num="151" count="30" type="stmt"/>
      <line num="152" count="128" type="cond" truecount="2" falsecount="0"/>
      <line num="153" count="28" type="cond" truecount="1" falsecount="1"/>
      <line num="154" count="128" type="stmt"/>
      <line num="157" count="30" type="stmt"/>
      <line num="161" count="28" type="stmt"/>
      <line num="162" count="28" type="stmt"/>
      <line num="176" count="30" type="cond" truecount="2" falsecount="0"/>
      <line num="177" count="27" type="stmt"/>
      <line num="178" count="24" type="cond" truecount="2" falsecount="0"/>
      <line num="180" count="10" type="cond" truecount="2" falsecount="0"/>
      <line num="181" count="4" type="stmt"/>
      <line num="182" count="4" type="stmt"/>
      <line num="185" count="4" type="cond" truecount="2" falsecount="0"/>
      <line num="189" count="6" type="stmt"/>
      <line num="193" count="3" type="stmt"/>
      <line num="194" count="3" type="cond" truecount="2" falsecount="0"/>
      <line num="195" count="3" type="cond" truecount="2" falsecount="0"/>
      <line num="196" count="3" type="cond" truecount="2" falsecount="0"/>
      <line num="197" count="3" type="stmt"/>
      <line num="201" count="27" type="stmt"/>
      <line num="202" count="48" type="stmt"/>
      <line num="203" count="48" type="cond" truecount="4" falsecount="0"/>
      <line num="205" count="21" type="stmt"/>
      <line num="209" count="20" type="cond" truecount="2" falsecount="0"/>
      <line num="210" count="19" type="stmt"/>
      <line num="211" count="19" type="cond" truecount="2" falsecount="0"/>
      <line num="212" count="16" type="cond" truecount="2" falsecount="0"/>
      <line num="216" count="6" type="cond" truecount="1" falsecount="1"/>
      <line num="217" count="6" type="stmt"/>
      <line num="218" count="6" type="cond" truecount="4" falsecount="0"/>
      <line num="219" count="5" type="cond" truecount="1" falsecount="1"/>
      <line num="226" count="17" type="stmt"/>
      <line num="227" count="17" type="stmt"/>
      <line num="228" count="17" type="stmt"/>
      <line num="229" count="17" type="cond" truecount="2" falsecount="0"/>
      <line num="230" count="14" type="cond" truecount="2" falsecount="0"/>
      <line num="231" count="3" type="stmt"/>
      <line num="235" count="24" type="stmt"/>
      <line num="236" count="24" type="cond" truecount="2" falsecount="0"/>
      <line num="237" count="2" type="stmt"/>
      <line num="239" count="22" type="cond" truecount="2" falsecount="0"/>
      <line num="241" count="24" type="cond" truecount="2" falsecount="0"/>
      <line num="246" count="24" type="cond" truecount="2" falsecount="0"/>
      <line num="250" count="19" type="cond" truecount="4" falsecount="0"/>
      <line num="251" count="18" type="stmt"/>
      <line num="252" count="18" type="stmt"/>
      <line num="253" count="27" type="stmt"/>
      <line num="254" count="27" type="cond" truecount="4" falsecount="0"/>
      <line num="256" count="3" type="cond" truecount="2" falsecount="0"/>
      <line num="257" count="2" type="stmt"/>
      <line num="261" count="8" type="stmt"/>
      <line num="262" count="8" type="cond" truecount="3" falsecount="1"/>
      <line num="264" count="8" type="cond" truecount="2" falsecount="0"/>
      <line num="271" count="8" type="stmt"/>
      <line num="280" count="8" type="stmt"/>
      <line num="281" count="8" type="stmt"/>
      <line num="282" count="8" type="stmt"/>
      <line num="284" count="2" type="stmt"/>
      <line num="287" count="8" type="cond" truecount="4" falsecount="0"/>
      <line num="288" count="6" type="stmt"/>
      <line num="289" count="6" type="cond" truecount="4" falsecount="0"/>
      <line num="290" count="8" type="cond" truecount="4" falsecount="0"/>
      <line num="291" count="5" type="stmt"/>
      <line num="295" count="4" type="stmt"/>
      <line num="296" count="4" type="cond" truecount="2" falsecount="0"/>
      <line num="300" count="9" type="stmt"/>
      <line num="302" count="9" type="cond" truecount="2" falsecount="0"/>
      <line num="310" count="9" type="cond" truecount="2" falsecount="0"/>
      <line num="315" count="9" type="cond" truecount="2" falsecount="1"/>
      <line num="316" count="9" type="stmt"/>
      <line num="320" count="15" type="stmt"/>
      <line num="324" count="52" type="stmt"/>
      <line num="327" count="6" type="stmt"/>
      <line num="331" count="9" type="stmt"/>
      <line num="332" count="9" type="cond" truecount="4" falsecount="0"/>
      <line num="333" count="5" type="cond" truecount="3" falsecount="1"/>
      <line num="334" count="5" type="stmt"/>
      <line num="345" count="11" type="cond" truecount="3" falsecount="0"/>
      <line num="348" count="11" type="cond" truecount="4" falsecount="0"/>
      <line num="349" count="7" type="cond" truecount="2" falsecount="0"/>
      <line num="350" count="4" type="cond" truecount="2" falsecount="0"/>
      <line num="351" count="2" type="stmt"/>
      <line num="357" count="2" type="cond" truecount="2" falsecount="0"/>
      <line num="358" count="1" type="stmt"/>
      <line num="364" count="1" type="stmt"/>
      <line num="372" count="6" type="stmt"/>
      <line num="376" count="23" type="stmt"/>
      <line num="388" count="11" type="stmt"/>
      <line num="389" count="11" type="cond" truecount="2" falsecount="0"/>
      <line num="390" count="8" type="stmt"/>
      <line num="391" count="8" type="cond" truecount="2" falsecount="0"/>
      <line num="392" count="3" type="cond" truecount="1" falsecount="1"/>
      <line num="393" count="3" type="stmt"/>
      <line num="395" count="11" type="cond" truecount="4" falsecount="0"/>
      <line num="396" count="11" type="cond" truecount="3" falsecount="1"/>
      <line num="397" count="11" type="stmt"/>
      <line num="401" count="3" type="stmt"/>
      <line num="415" count="4" type="stmt"/>
      <line num="416" count="4" type="cond" truecount="2" falsecount="0"/>
      <line num="417" count="4" type="stmt"/>
      <line num="421" count="6" type="stmt"/>
      <line num="425" count="6" type="stmt"/>
      <line num="429" count="4" type="stmt"/>
      <line num="432" count="1" type="stmt"/>
      <line num="436" count="33" type="stmt"/>
      <line num="440" count="7" type="stmt"/>
      <line num="441" count="7" type="stmt"/>
      <line num="442" count="12" type="stmt"/>
      <line num="443" count="12" type="cond" truecount="4" falsecount="0"/>
      <line num="445" count="2" type="stmt"/>
      <line num="449" count="33" type="stmt"/>
      <line num="450" count="33" type="cond" truecount="1" falsecount="1"/>
      <line num="451" count="33" type="cond" truecount="1" falsecount="1"/>
      <line num="455" count="34" type="stmt"/>
      <line num="459" count="5" type="stmt"/>
      <line num="460" count="5" type="stmt"/>
      <line num="461" count="15" type="stmt"/>
      <line num="462" count="15" type="cond" truecount="4" falsecount="0"/>
      <line num="464" count="3" type="cond" truecount="2" falsecount="0"/>
      <line num="465" count="5" type="cond" truecount="4" falsecount="0"/>
      <line num="466" count="2" type="cond" truecount="4" falsecount="0"/>
      <line num="467" count="1" type="cond" truecount="1" falsecount="1"/>
      <line num="471" count="54" type="cond" truecount="5" falsecount="0"/>
      <line num="472" count="53" type="stmt"/>
      <line num="473" count="53" type="cond" truecount="5" falsecount="0"/>
      <line num="474" count="1" type="stmt"/>
      <line num="476" count="52" type="stmt"/>
    </file>
    <file name="apex.ts" path="/Users/grebmann/zcc-workspace/zana-command-center/plugins/salesforce/lib/apex.ts">
      <metrics statements="26" coveredstatements="26" conditionals="50" coveredconditionals="45" methods="6" coveredmethods="6"/>
      <line num="26" count="3" type="stmt"/>
      <line num="29" count="3" type="stmt"/>
      <line num="32" count="20" type="cond" truecount="3" falsecount="1"/>
      <line num="33" count="20" type="cond" truecount="1" falsecount="1"/>
      <line num="34" count="20" type="cond" truecount="2" falsecount="0"/>
      <line num="35" count="1" type="stmt"/>
      <line num="37" count="19" type="cond" truecount="2" falsecount="0"/>
      <line num="38" count="20" type="cond" truecount="2" falsecount="0"/>
      <line num="39" count="20" type="cond" truecount="2" falsecount="0"/>
      <line num="40" count="20" type="cond" truecount="2" falsecount="0"/>
      <line num="41" count="3" type="cond" truecount="2" falsecount="0"/>
      <line num="43" count="20" type="cond" truecount="2" falsecount="2"/>
      <line num="45" count="20" type="cond" truecount="4" falsecount="0"/>
      <line num="46" count="1" type="stmt"/>
      <line num="48" count="18" type="cond" truecount="5" falsecount="0"/>
      <line num="49" count="1" type="stmt"/>
      <line num="51" count="17" type="cond" truecount="2" falsecount="0"/>
      <line num="52" count="6" type="cond" truecount="2" falsecount="0"/>
      <line num="53" count="5" type="cond" truecount="2" falsecount="0"/>
      <line num="54" count="1" type="stmt"/>
      <line num="58" count="15" type="stmt"/>
      <line num="74" count="5" type="stmt"/>
      <line num="78" count="3" type="stmt"/>
      <line num="79" count="3" type="stmt"/>
      <line num="80" count="1" type="stmt"/>
      <line num="82" count="3" type="stmt"/>
    </file>
    <file name="artifacts.ts" path="/Users/grebmann/zcc-workspace/zana-command-center/plugins/salesforce/lib/artifacts.ts">
      <metrics statements="19" coveredstatements="19" conditionals="4" coveredconditionals="4" methods="6" coveredmethods="6"/>
      <line num="9" count="1" type="stmt"/>
      <line num="10" count="1" type="stmt"/>
      <line num="11" count="1" type="stmt"/>
      <line num="13" count="1" type="stmt"/>
      <line num="14" count="1" type="stmt"/>
      <line num="15" count="1" type="stmt"/>
      <line num="16" count="1" type="stmt"/>
      <line num="19" count="1" type="stmt"/>
      <line num="28" count="51" type="stmt"/>
      <line num="30" count="26" type="stmt"/>
      <line num="31" count="26" type="stmt"/>
      <line num="33" count="26" type="cond" truecount="2" falsecount="0"/>
      <line num="36" count="26" type="stmt"/>
      <line num="37" count="26" type="stmt"/>
      <line num="40" count="3" type="stmt"/>
      <line num="41" count="3" type="cond" truecount="2" falsecount="0"/>
      <line num="42" count="2" type="stmt"/>
      <line num="43" count="2" type="stmt"/>
      <line num="45" count="1" type="stmt"/>
    </file>
    <file name="connection.ts" path="/Users/grebmann/zcc-workspace/zana-command-center/plugins/salesforce/lib/connection.ts">
      <metrics statements="46" coveredstatements="46" conditionals="35" coveredconditionals="30" methods="8" coveredmethods="8"/>
      <line num="5" count="4" type="stmt"/>
      <line num="8" count="59" type="stmt"/>
      <line num="11" count="59" type="stmt"/>
      <line num="12" count="59" type="stmt"/>
      <line num="16" count="54" type="cond" truecount="2" falsecount="0"/>
      <line num="17" count="2" type="stmt"/>
      <line num="21" count="124" type="stmt"/>
      <line num="22" count="124" type="stmt"/>
      <line num="23" count="124" type="cond" truecount="4" falsecount="0"/>
      <line num="24" count="4" type="stmt"/>
      <line num="25" count="4" type="stmt"/>
      <line num="27" count="124" type="stmt"/>
      <line num="35" count="4" type="stmt"/>
      <line num="36" count="4" type="cond" truecount="2" falsecount="0"/>
      <line num="37" count="3" type="stmt"/>
      <line num="41" count="124" type="stmt"/>
      <line num="42" count="124" type="stmt"/>
      <line num="43" count="124" type="cond" truecount="2" falsecount="0"/>
      <line num="44" count="2" type="stmt"/>
      <line num="49" count="122" type="stmt"/>
      <line num="50" count="122" type="cond" truecount="5" falsecount="0"/>
      <line num="51" count="75" type="stmt"/>
      <line num="53" count="47" type="cond" truecount="1" falsecount="1"/>
      <line num="54" count="40" type="stmt"/>
      <line num="55" count="40" type="stmt"/>
      <line num="62" count="56" type="stmt"/>
      <line num="63" count="56" type="stmt"/>
      <line num="70" count="56" type="stmt"/>
      <line num="71" count="55" type="cond" truecount="2" falsecount="0"/>
      <line num="72" count="1" type="stmt"/>
      <line num="73" count="1" type="stmt"/>
      <line num="74" count="1" type="stmt"/>
      <line num="76" count="55" type="stmt"/>
      <line num="80" count="47" type="stmt"/>
      <line num="81" count="45" type="cond" truecount="2" falsecount="0"/>
      <line num="82" count="3" type="stmt"/>
      <line num="84" count="42" type="cond" truecount="2" falsecount="0"/>
      <line num="85" count="1" type="stmt"/>
      <line num="90" count="41" type="stmt"/>
      <line num="91" count="41" type="cond" truecount="2" falsecount="0"/>
      <line num="92" count="1" type="stmt"/>
      <line num="94" count="40" type="cond" truecount="1" falsecount="1"/>
      <line num="95" count="40" type="stmt"/>
      <line num="102" count="8" type="stmt"/>
      <line num="104" count="8" type="stmt"/>
      <line num="105" count="8" type="stmt"/>
    </file>
    <file name="constitution.ts" path="/Users/grebmann/zcc-workspace/zana-command-center/plugins/salesforce/lib/constitution.ts">
      <metrics statements="2" coveredstatements="2" conditionals="2" coveredconditionals="2" methods="1" coveredmethods="1"/>
      <line num="1" count="3" type="stmt"/>
      <line num="19" count="6" type="cond" truecount="2" falsecount="0"/>
    </file>
    <file name="doctor.ts" path="/Users/grebmann/zcc-workspace/zana-command-center/plugins/salesforce/lib/doctor.ts">
      <metrics statements="47" coveredstatements="47" conditionals="75" coveredconditionals="70" methods="6" coveredmethods="6"/>
      <line num="9" count="4" type="stmt"/>
      <line num="13" count="9" type="stmt"/>
      <line num="14" count="9" type="stmt"/>
      <line num="15" count="9" type="cond" truecount="2" falsecount="0"/>
      <line num="16" count="9" type="cond" truecount="2" falsecount="0"/>
      <line num="17" count="4" type="stmt"/>
      <line num="19" count="5" type="cond" truecount="2" falsecount="0"/>
      <line num="20" count="5" type="cond" truecount="2" falsecount="0"/>
      <line num="23" count="9" type="stmt"/>
      <line num="35" count="9" type="stmt"/>
      <line num="36" count="9" type="stmt"/>
      <line num="37" count="9" type="stmt"/>
      <line num="38" count="9" type="cond" truecount="2" falsecount="0"/>
      <line num="39" count="2" type="stmt"/>
      <line num="40" count="2" type="stmt"/>
      <line num="53" count="7" type="cond" truecount="2" falsecount="0"/>
      <line num="54" count="2" type="stmt"/>
      <line num="55" count="2" type="stmt"/>
      <line num="69" count="5" type="stmt"/>
      <line num="70" count="5" type="cond" truecount="3" falsecount="0"/>
      <line num="71" count="9" type="stmt"/>
      <line num="72" count="9" type="stmt"/>
      <line num="73" count="9" type="cond" truecount="2" falsecount="0"/>
      <line num="74" count="4" type="stmt"/>
      <line num="75" count="4" type="cond" truecount="2" falsecount="0"/>
      <line num="76" count="3" type="stmt"/>
      <line num="77" count="3" type="cond" truecount="1" falsecount="1"/>
      <line num="79" count="1" type="cond" truecount="1" falsecount="2"/>
      <line num="83" count="5" type="stmt"/>
      <line num="84" count="5" type="stmt"/>
      <line num="90" count="3" type="stmt"/>
      <line num="104" count="12" type="stmt"/>
      <line num="112" count="12" type="cond" truecount="2" falsecount="0"/>
      <line num="113" count="7" type="stmt"/>
      <line num="114" count="7" type="cond" truecount="2" falsecount="0"/>
      <line num="115" count="7" type="stmt"/>
      <line num="116" count="7" type="stmt"/>
      <line num="117" count="7" type="stmt"/>
      <line num="119" count="12" type="cond" truecount="2" falsecount="0"/>
      <line num="120" count="7" type="stmt"/>
      <line num="121" count="7" type="stmt"/>
      <line num="122" count="7" type="cond" truecount="2" falsecount="0"/>
      <line num="125" count="12" type="cond" truecount="4" falsecount="0"/>
      <line num="126" count="12" type="stmt"/>
      <line num="130" count="3" type="cond" truecount="2" falsecount="0"/>
      <line num="131" count="1" type="stmt"/>
      <line num="133" count="2" type="stmt"/>
    </file>
    <file name="dx-project.ts" path="/Users/grebmann/zcc-workspace/zana-command-center/plugins/salesforce/lib/dx-project.ts">
      <metrics statements="50" coveredstatements="48" conditionals="62" coveredconditionals="57" methods="9" coveredmethods="9"/>
      <line num="6" count="69" type="stmt"/>
      <line num="7" count="69" type="cond" truecount="2" falsecount="0"/>
      <line num="8" count="59" type="stmt"/>
      <line num="12" count="42" type="stmt"/>
      <line num="13" count="42" type="stmt"/>
      <line num="14" count="42" type="cond" truecount="2" falsecount="0"/>
      <line num="15" count="39" type="cond" truecount="2" falsecount="0"/>
      <line num="17" count="42" type="cond" truecount="2" falsecount="0"/>
      <line num="19" count="1" type="stmt"/>
      <line num="28" count="489" type="stmt"/>
      <line num="29" count="489" type="stmt"/>
      <line num="30" count="489" type="cond" truecount="5" falsecount="0"/>
      <line num="31" count="485" type="stmt"/>
      <line num="32" count="485" type="stmt"/>
      <line num="33" count="485" type="cond" truecount="4" falsecount="0"/>
      <line num="36" count="489" type="stmt"/>
      <line num="37" count="489" type="cond" truecount="4" falsecount="0"/>
      <line num="38" count="5" type="stmt"/>
      <line num="40" count="0" type="stmt"/>
      <line num="45" count="16" type="stmt"/>
      <line num="49" count="83" type="stmt"/>
      <line num="50" count="83" type="stmt"/>
      <line num="51" count="83" type="cond" truecount="5" falsecount="0"/>
      <line num="55" count="3" type="stmt"/>
      <line num="60" count="10" type="cond" truecount="5" falsecount="0"/>
      <line num="61" count="3" type="stmt"/>
      <line num="62" count="3" type="cond" truecount="1" falsecount="1"/>
      <line num="63" count="3" type="cond" truecount="2" falsecount="0"/>
      <line num="64" count="3" type="cond" truecount="3" falsecount="1"/>
      <line num="66" count="7" type="cond" truecount="6" falsecount="0"/>
      <line num="67" count="5" type="stmt"/>
      <line num="69" count="2" type="stmt"/>
      <line num="70" count="2" type="cond" truecount="2" falsecount="0"/>
      <line num="78" count="40" type="stmt"/>
      <line num="79" count="40" type="stmt"/>
      <line num="80" count="243" type="cond" truecount="1" falsecount="1"/>
      <line num="81" count="243" type="stmt"/>
      <line num="82" count="243" type="stmt"/>
      <line num="83" count="243" type="stmt"/>
      <line num="85" count="0" type="stmt"/>
      <line num="87" count="243" type="stmt"/>
      <line num="88" count="376" type="cond" truecount="6" falsecount="0"/>
      <line num="89" count="375" type="stmt"/>
      <line num="90" count="375" type="stmt"/>
      <line num="91" count="375" type="cond" truecount="1" falsecount="1"/>
      <line num="92" count="375" type="stmt"/>
      <line num="93" count="375" type="cond" truecount="2" falsecount="0"/>
      <line num="94" count="172" type="cond" truecount="1" falsecount="1"/>
      <line num="97" count="40" type="stmt"/>
      <line num="98" count="40" type="stmt"/>
    </file>
    <file name="guardrail.ts" path="/Users/grebmann/zcc-workspace/zana-command-center/plugins/salesforce/lib/guardrail.ts">
      <metrics statements="29" coveredstatements="29" conditionals="34" coveredconditionals="33" methods="7" coveredmethods="7"/>
      <line num="23" count="57" type="stmt"/>
      <line num="25" count="57" type="stmt"/>
      <line num="28" count="1" type="stmt"/>
      <line num="29" count="1" type="cond" truecount="1" falsecount="1"/>
      <line num="34" count="55" type="cond" truecount="2" falsecount="0"/>
      <line num="35" count="55" type="cond" truecount="2" falsecount="0"/>
      <line num="36" count="27" type="cond" truecount="2" falsecount="0"/>
      <line num="38" count="24" type="stmt"/>
      <line num="47" count="24" type="stmt"/>
      <line num="48" count="24" type="cond" truecount="4" falsecount="0"/>
      <line num="50" count="23" type="stmt"/>
      <line num="51" count="23" type="cond" truecount="4" falsecount="0"/>
      <line num="52" count="23" type="stmt"/>
      <line num="57" count="39" type="cond" truecount="2" falsecount="0"/>
      <line num="61" count="40" type="cond" truecount="2" falsecount="0"/>
      <line num="62" count="29" type="cond" truecount="2" falsecount="0"/>
      <line num="63" count="28" type="stmt"/>
      <line num="67" count="25" type="cond" truecount="2" falsecount="0"/>
      <line num="68" count="25" type="cond" truecount="2" falsecount="0"/>
      <line num="69" count="25" type="stmt"/>
      <line num="73" count="31" type="cond" truecount="8" falsecount="0"/>
      <line num="75" count="7" type="stmt"/>
      <line num="77" count="2" type="stmt"/>
      <line num="79" count="5" type="stmt"/>
      <line num="81" count="2" type="stmt"/>
      <line num="83" count="3" type="stmt"/>
      <line num="85" count="5" type="stmt"/>
      <line num="87" count="6" type="stmt"/>
      <line num="89" count="1" type="stmt"/>
    </file>
    <file name="lwc.ts" path="/Users/grebmann/zcc-workspace/zana-command-center/plugins/salesforce/lib/lwc.ts">
      <metrics statements="47" coveredstatements="47" conditionals="56" coveredconditionals="48" methods="11" coveredmethods="10"/>
      <line num="22" count="3" type="stmt"/>
      <line num="25" count="12" type="cond" truecount="3" falsecount="1"/>
      <line num="26" count="12" type="cond" truecount="1" falsecount="1"/>
      <line num="27" count="12" type="cond" truecount="2" falsecount="0"/>
      <line num="28" count="1" type="stmt"/>
      <line num="30" count="11" type="cond" truecount="2" falsecount="0"/>
      <line num="31" count="12" type="cond" truecount="2" falsecount="0"/>
      <line num="32" count="12" type="cond" truecount="7" falsecount="0"/>
      <line num="33" count="1" type="stmt"/>
      <line num="35" count="10" type="stmt"/>
      <line num="44" count="9" type="cond" truecount="1" falsecount="1"/>
      <line num="45" count="9" type="stmt"/>
      <line num="46" count="9" type="stmt"/>
      <line num="47" count="9" type="stmt"/>
      <line num="48" count="9" type="stmt"/>
      <line num="49" count="9" type="cond" truecount="1" falsecount="1"/>
      <line num="50" count="9" type="stmt"/>
      <line num="51" count="9" type="stmt"/>
      <line num="52" count="43" type="cond" truecount="2" falsecount="1"/>
      <line num="54" count="9" type="stmt"/>
      <line num="55" count="9" type="stmt"/>
      <line num="56" count="9" type="stmt"/>
      <line num="57" count="9" type="stmt"/>
      <line num="67" count="9" type="stmt"/>
      <line num="75" count="10" type="cond" truecount="2" falsecount="0"/>
      <line num="76" count="7" type="stmt"/>
      <line num="77" count="7" type="cond" truecount="2" falsecount="0"/>
      <line num="79" count="4" type="cond" truecount="2" falsecount="0"/>
      <line num="80" count="2" type="stmt"/>
      <line num="81" count="2" type="cond" truecount="3" falsecount="1"/>
      <line num="83" count="2" type="stmt"/>
      <line num="87" count="3" type="stmt"/>
      <line num="88" count="3" type="cond" truecount="2" falsecount="0"/>
      <line num="89" count="1" type="stmt"/>
      <line num="91" count="3" type="cond" truecount="2" falsecount="0"/>
      <line num="92" count="3" type="cond" truecount="2" falsecount="0"/>
      <line num="93" count="3" type="cond" truecount="2" falsecount="0"/>
      <line num="94" count="3" type="stmt"/>
      <line num="98" count="3" type="cond" truecount="1" falsecount="1"/>
      <line num="99" count="3" type="cond" truecount="1" falsecount="1"/>
      <line num="100" count="3" type="stmt"/>
      <line num="101" count="3" type="stmt"/>
      <line num="117" count="4" type="stmt"/>
      <line num="118" count="4" type="stmt"/>
      <line num="119" count="6" type="stmt"/>
      <line num="120" count="6" type="cond" truecount="4" falsecount="0"/>
      <line num="122" count="2" type="stmt"/>
    </file>
    <file name="node-deps.ts" path="/Users/grebmann/zcc-workspace/zana-command-center/plugins/salesforce/lib/node-deps.ts">
      <metrics statements="15" coveredstatements="13" conditionals="4" coveredconditionals="3" methods="9" coveredmethods="7"/>
      <line num="6" count="2" type="stmt"/>
      <line num="9" count="1" type="stmt"/>
      <line num="10" count="1" type="stmt"/>
      <line num="12" count="3" type="stmt"/>
      <line num="13" count="3" type="stmt"/>
      <line num="14" count="3" type="cond" truecount="2" falsecount="0"/>
      <line num="15" count="1" type="cond" truecount="1" falsecount="1"/>
      <line num="16" count="0" type="stmt"/>
      <line num="18" count="1" type="stmt"/>
      <line num="22" count="2" type="stmt"/>
      <line num="23" count="2" type="stmt"/>
      <line num="25" count="1" type="stmt"/>
      <line num="28" count="1" type="stmt"/>
      <line num="29" count="1" type="stmt"/>
      <line num="31" count="0" type="stmt"/>
    </file>
    <file name="org-resolution.ts" path="/Users/grebmann/zcc-workspace/zana-command-center/plugins/salesforce/lib/org-resolution.ts">
      <metrics statements="20" coveredstatements="20" conditionals="40" coveredconditionals="40" methods="6" coveredmethods="6"/>
      <line num="10" count="402" type="cond" truecount="2" falsecount="0"/>
      <line num="15" count="128" type="stmt"/>
      <line num="16" count="128" type="cond" truecount="2" falsecount="0"/>
      <line num="17" count="7" type="stmt"/>
      <line num="18" count="7" type="cond" truecount="2" falsecount="0"/>
      <line num="19" count="6" type="stmt"/>
      <line num="20" count="6" type="cond" truecount="2" falsecount="0"/>
      <line num="24" count="131" type="cond" truecount="2" falsecount="0"/>
      <line num="33" count="60" type="cond" truecount="4" falsecount="0"/>
      <line num="34" count="58" type="cond" truecount="2" falsecount="0"/>
      <line num="35" count="60" type="cond" truecount="2" falsecount="0"/>
      <line num="41" count="46" type="stmt"/>
      <line num="43" count="12" type="cond" truecount="5" falsecount="0"/>
      <line num="44" count="1" type="stmt"/>
      <line num="46" count="11" type="cond" truecount="5" falsecount="0"/>
      <line num="47" count="8" type="stmt"/>
      <line num="49" count="3" type="cond" truecount="5" falsecount="0"/>
      <line num="50" count="2" type="stmt"/>
      <line num="54" count="8" type="stmt"/>
      <line num="66" count="2" type="cond" truecount="2" falsecount="0"/>
    </file>
    <file name="plugin.ts" path="/Users/grebmann/zcc-workspace/zana-command-center/plugins/salesforce/lib/plugin.ts">
      <metrics statements="367" coveredstatements="363" conditionals="416" coveredconditionals="311" methods="51" coveredmethods="49"/>
      <line num="64" count="2" type="stmt"/>
      <line num="84" count="970" type="cond" truecount="2" falsecount="0"/>
      <line num="88" count="50" type="stmt"/>
      <line num="89" count="50" type="stmt"/>
      <line num="90" count="50" type="stmt"/>
      <line num="91" count="224" type="stmt"/>
      <line num="92" count="224" type="stmt"/>
      <line num="97" count="50" type="stmt"/>
      <line num="98" count="50" type="stmt"/>
      <line num="99" count="50" type="stmt"/>
      <line num="101" count="50" type="stmt"/>
      <line num="102" count="174" type="stmt"/>
      <line num="103" count="174" type="stmt"/>
      <line num="110" count="50" type="stmt"/>
      <line num="111" count="102" type="stmt"/>
      <line num="112" count="102" type="cond" truecount="2" falsecount="0"/>
      <line num="113" count="51" type="stmt"/>
      <line num="117" count="50" type="stmt"/>
      <line num="118" count="50" type="stmt"/>
      <line num="119" count="52" type="stmt"/>
      <line num="120" count="52" type="stmt"/>
      <line num="123" count="50" type="stmt"/>
      <line num="124" count="1" type="stmt"/>
      <line num="125" count="1" type="stmt"/>
      <line num="126" count="1" type="stmt"/>
      <line num="128" count="50" type="stmt"/>
      <line num="129" count="1" type="stmt"/>
      <line num="130" count="1" type="stmt"/>
      <line num="138" count="50" type="stmt"/>
      <line num="139" count="4" type="stmt"/>
      <line num="140" count="4" type="stmt"/>
      <line num="141" count="2" type="stmt"/>
      <line num="143" count="2" type="cond" truecount="1" falsecount="1"/>
      <line num="144" count="2" type="cond" truecount="2" falsecount="0"/>
      <line num="145" count="2" type="stmt"/>
      <line num="149" count="50" type="stmt"/>
      <line num="157" count="6" type="cond" truecount="2" falsecount="0"/>
      <line num="158" count="6" type="cond" truecount="4" falsecount="0"/>
      <line num="159" count="1" type="stmt"/>
      <line num="161" count="5" type="stmt"/>
      <line num="162" count="5" type="cond" truecount="4" falsecount="0"/>
      <line num="163" count="2" type="stmt"/>
      <line num="164" count="2" type="cond" truecount="2" falsecount="0"/>
      <line num="166" count="3" type="cond" truecount="2" falsecount="0"/>
      <line num="167" count="2" type="stmt"/>
      <line num="168" count="2" type="stmt"/>
      <line num="169" count="1" type="stmt"/>
      <line num="174" count="1" type="stmt"/>
      <line num="180" count="1" type="stmt"/>
      <line num="184" count="50" type="stmt"/>
      <line num="185" count="3" type="stmt"/>
      <line num="186" count="3" type="cond" truecount="2" falsecount="0"/>
      <line num="190" count="1" type="stmt"/>
      <line num="192" count="2" type="stmt"/>
      <line num="199" count="50" type="stmt"/>
      <line num="214" count="13" type="stmt"/>
      <line num="217" count="50" type="stmt"/>
      <line num="234" count="13" type="stmt"/>
      <line num="237" count="50" type="stmt"/>
      <line num="250" count="9" type="stmt"/>
      <line num="253" count="50" type="stmt"/>
      <line num="288" count="49" type="stmt"/>
      <line num="297" count="16" type="cond" truecount="1" falsecount="1"/>
      <line num="299" count="16" type="stmt"/>
      <line num="300" count="16" type="stmt"/>
      <line num="315" count="1" type="stmt"/>
      <line num="317" count="15" type="cond" truecount="2" falsecount="0"/>
      <line num="318" count="10" type="stmt"/>
      <line num="319" count="10" type="cond" truecount="4" falsecount="0"/>
      <line num="320" count="16" type="cond" truecount="2" falsecount="0"/>
      <line num="324" count="46" type="stmt"/>
      <line num="334" count="13" type="stmt"/>
      <line num="335" count="13" type="cond" truecount="2" falsecount="0"/>
      <line num="336" count="12" type="stmt"/>
      <line num="337" count="12" type="cond" truecount="2" falsecount="0"/>
      <line num="338" count="3" type="stmt"/>
      <line num="339" count="3" type="stmt"/>
      <line num="346" count="3" type="cond" truecount="1" falsecount="1"/>
      <line num="347" count="3" type="stmt"/>
      <line num="348" count="2" type="cond" truecount="2" falsecount="0"/>
      <line num="349" count="1" type="cond" truecount="1" falsecount="1"/>
      <line num="352" count="3" type="cond" truecount="1" falsecount="1"/>
      <line num="353" count="3" type="stmt"/>
      <line num="354" count="1" type="cond" truecount="2" falsecount="2"/>
      <line num="356" count="1" type="stmt"/>
      <line num="357" count="3" type="stmt"/>
      <line num="359" count="9" type="cond" truecount="2" falsecount="0"/>
      <line num="360" count="1" type="stmt"/>
      <line num="361" count="1" type="stmt"/>
      <line num="368" count="1" type="cond" truecount="1" falsecount="1"/>
      <line num="369" count="1" type="stmt"/>
      <line num="370" count="1" type="cond" truecount="1" falsecount="1"/>
      <line num="371" count="1" type="stmt"/>
      <line num="372" count="1" type="cond" truecount="1" falsecount="1"/>
      <line num="377" count="1" type="stmt"/>
      <line num="378" count="1" type="stmt"/>
      <line num="385" count="8" type="cond" truecount="2" falsecount="0"/>
      <line num="386" count="2" type="stmt"/>
      <line num="395" count="6" type="cond" truecount="1" falsecount="1"/>
      <line num="396" count="13" type="stmt"/>
      <line num="397" count="6" type="stmt"/>
      <line num="407" count="6" type="cond" truecount="2" falsecount="0"/>
      <line num="408" count="2" type="cond" truecount="1" falsecount="1"/>
      <line num="412" count="2" type="cond" truecount="1" falsecount="1"/>
      <line num="413" count="2" type="stmt"/>
      <line num="414" count="2" type="stmt"/>
      <line num="415" count="2" type="stmt"/>
      <line num="416" count="2" type="stmt"/>
      <line num="423" count="1" type="stmt"/>
      <line num="436" count="13" type="stmt"/>
      <line num="437" count="13" type="cond" truecount="1" falsecount="1"/>
      <line num="438" count="13" type="stmt"/>
      <line num="439" count="13" type="cond" truecount="2" falsecount="0"/>
      <line num="440" count="5" type="stmt"/>
      <line num="441" count="5" type="cond" truecount="2" falsecount="0"/>
      <line num="444" count="5" type="cond" truecount="4" falsecount="0"/>
      <line num="445" count="1" type="stmt"/>
      <line num="447" count="4" type="cond" truecount="4" falsecount="0"/>
      <line num="448" count="2" type="stmt"/>
      <line num="450" count="2" type="cond" truecount="2" falsecount="0"/>
      <line num="451" count="5" type="stmt"/>
      <line num="458" count="8" type="cond" truecount="2" falsecount="0"/>
      <line num="459" count="2" type="stmt"/>
      <line num="460" count="2" type="stmt"/>
      <line num="467" count="2" type="cond" truecount="1" falsecount="1"/>
      <line num="468" count="2" type="stmt"/>
      <line num="479" count="2" type="cond" truecount="2" falsecount="0"/>
      <line num="480" count="1" type="stmt"/>
      <line num="481" count="1" type="stmt"/>
      <line num="482" count="2" type="stmt"/>
      <line num="485" count="1" type="cond" truecount="2" falsecount="2"/>
      <line num="492" count="6" type="cond" truecount="2" falsecount="0"/>
      <line num="493" count="3" type="stmt"/>
      <line num="494" count="3" type="stmt"/>
      <line num="495" count="2" type="stmt"/>
      <line num="502" count="2" type="cond" truecount="1" falsecount="1"/>
      <line num="503" count="2" type="stmt"/>
      <line num="504" count="2" type="cond" truecount="1" falsecount="1"/>
      <line num="505" count="2" type="cond" truecount="1" falsecount="1"/>
      <line num="507" count="3" type="stmt"/>
      <line num="508" count="3" type="cond" truecount="2" falsecount="0"/>
      <line num="509" count="1" type="stmt"/>
      <line num="510" count="1" type="stmt"/>
      <line num="512" count="2" type="stmt"/>
      <line num="513" count="2" type="stmt"/>
      <line num="521" count="3" type="cond" truecount="1" falsecount="1"/>
      <line num="522" count="13" type="stmt"/>
      <line num="523" count="3" type="stmt"/>
      <line num="533" count="3" type="cond" truecount="2" falsecount="0"/>
      <line num="534" count="2" type="stmt"/>
      <line num="538" count="2" type="cond" truecount="1" falsecount="1"/>
      <line num="539" count="2" type="stmt"/>
      <line num="540" count="2" type="stmt"/>
      <line num="541" count="2" type="stmt"/>
      <line num="550" count="1" type="stmt"/>
      <line num="560" count="9" type="stmt"/>
      <line num="561" count="9" type="cond" truecount="1" falsecount="1"/>
      <line num="562" count="9" type="stmt"/>
      <line num="563" count="9" type="cond" truecount="4" falsecount="0"/>
      <line num="564" count="1" type="stmt"/>
      <line num="566" count="8" type="stmt"/>
      <line num="567" count="8" type="stmt"/>
      <line num="568" count="8" type="cond" truecount="2" falsecount="0"/>
      <line num="569" count="1" type="stmt"/>
      <line num="572" count="1" type="stmt"/>
      <line num="575" count="7" type="stmt"/>
      <line num="576" count="7" type="cond" truecount="3" falsecount="1"/>
      <line num="577" count="6" type="cond" truecount="2" falsecount="0"/>
      <line num="578" count="2" type="stmt"/>
      <line num="580" count="4" type="cond" truecount="2" falsecount="0"/>
      <line num="581" count="1" type="stmt"/>
      <line num="582" count="1" type="stmt"/>
      <line num="588" count="3" type="stmt"/>
      <line num="589" count="3" type="cond" truecount="2" falsecount="0"/>
      <line num="590" count="2" type="stmt"/>
      <line num="591" count="2" type="stmt"/>
      <line num="592" count="2" type="cond" truecount="2" falsecount="0"/>
      <line num="593" count="1" type="stmt"/>
      <line num="595" count="1" type="stmt"/>
      <line num="613" count="49" type="stmt"/>
      <line num="614" count="49" type="cond" truecount="2" falsecount="0"/>
      <line num="615" count="48" type="stmt"/>
      <line num="616" count="48" type="stmt"/>
      <line num="617" count="48" type="cond" truecount="4" falsecount="0"/>
      <line num="618" count="14" type="stmt"/>
      <line num="620" count="34" type="cond" truecount="2" falsecount="0"/>
      <line num="621" count="13" type="stmt"/>
      <line num="623" count="21" type="cond" truecount="2" falsecount="0"/>
      <line num="624" count="9" type="stmt"/>
      <line num="626" count="12" type="cond" truecount="2" falsecount="0"/>
      <line num="627" count="2" type="stmt"/>
      <line num="629" count="10" type="cond" truecount="2" falsecount="0"/>
      <line num="630" count="4" type="stmt"/>
      <line num="632" count="6" type="stmt"/>
      <line num="634" count="1" type="stmt"/>
      <line num="642" count="28" type="cond" truecount="4" falsecount="0"/>
      <line num="643" count="1" type="stmt"/>
      <line num="645" count="27" type="stmt"/>
      <line num="653" count="14" type="stmt"/>
      <line num="654" count="14" type="cond" truecount="2" falsecount="0"/>
      <line num="655" count="12" type="cond" truecount="5" falsecount="0"/>
      <line num="656" count="1" type="stmt"/>
      <line num="662" count="11" type="cond" truecount="3" falsecount="1"/>
      <line num="663" count="10" type="cond" truecount="2" falsecount="0"/>
      <line num="664" count="1" type="stmt"/>
      <line num="665" count="1" type="stmt"/>
      <line num="674" count="9" type="stmt"/>
      <line num="675" count="9" type="cond" truecount="2" falsecount="0"/>
      <line num="676" count="1" type="stmt"/>
      <line num="681" count="8" type="stmt"/>
      <line num="682" count="8" type="cond" truecount="2" falsecount="0"/>
      <line num="683" count="2" type="stmt"/>
      <line num="684" count="2" type="cond" truecount="2" falsecount="0"/>
      <line num="685" count="1" type="cond" truecount="1" falsecount="2"/>
      <line num="687" count="1" type="stmt"/>
      <line num="693" count="6" type="stmt"/>
      <line num="694" count="6" type="cond" truecount="2" falsecount="0"/>
      <line num="695" count="1" type="stmt"/>
      <line num="697" count="5" type="stmt"/>
      <line num="698" count="4" type="stmt"/>
      <line num="699" count="4" type="stmt"/>
      <line num="700" count="4" type="cond" truecount="4" falsecount="0"/>
      <line num="701" count="1" type="stmt"/>
      <line num="703" count="3" type="cond" truecount="4" falsecount="0"/>
      <line num="704" count="1" type="stmt"/>
      <line num="709" count="2" type="stmt"/>
      <line num="724" count="20" type="stmt"/>
      <line num="725" count="20" type="cond" truecount="2" falsecount="0"/>
      <line num="726" count="19" type="cond" truecount="2" falsecount="0"/>
      <line num="727" count="4" type="stmt"/>
      <line num="728" count="4" type="cond" truecount="2" falsecount="0"/>
      <line num="730" count="18" type="stmt"/>
      <line num="731" count="18" type="stmt"/>
      <line num="747" count="28" type="stmt"/>
      <line num="748" count="28" type="stmt"/>
      <line num="758" count="28" type="stmt"/>
      <line num="770" count="9" type="cond" truecount="4" falsecount="0"/>
      <line num="771" count="9" type="stmt"/>
      <line num="772" count="9" type="cond" truecount="2" falsecount="0"/>
      <line num="773" count="7" type="cond" truecount="1" falsecount="2"/>
      <line num="774" count="9" type="stmt"/>
      <line num="778" count="7" type="stmt"/>
      <line num="780" count="7" type="cond" truecount="1" falsecount="1"/>
      <line num="781" count="7" type="stmt"/>
      <line num="785" count="7" type="stmt"/>
      <line num="786" count="7" type="cond" truecount="4" falsecount="0"/>
      <line num="787" count="1" type="stmt"/>
      <line num="792" count="6" type="cond" truecount="1" falsecount="1"/>
      <line num="793" count="9" type="cond" truecount="1" falsecount="2"/>
      <line num="794" count="9" type="cond" truecount="1" falsecount="1"/>
      <line num="795" count="6" type="stmt"/>
      <line num="818" count="13" type="cond" truecount="2" falsecount="0"/>
      <line num="819" count="8" type="stmt"/>
      <line num="821" count="5" type="stmt"/>
      <line num="834" count="8" type="stmt"/>
      <line num="835" count="8" type="cond" truecount="1" falsecount="1"/>
      <line num="836" count="8" type="cond" truecount="1" falsecount="1"/>
      <line num="837" count="8" type="cond" truecount="2" falsecount="0"/>
      <line num="838" count="7" type="stmt"/>
      <line num="839" count="7" type="cond" truecount="2" falsecount="0"/>
      <line num="840" count="6" type="stmt"/>
      <line num="844" count="6" type="stmt"/>
      <line num="846" count="6" type="cond" truecount="2" falsecount="0"/>
      <line num="847" count="5" type="stmt"/>
      <line num="848" count="5" type="stmt"/>
      <line num="849" count="5" type="cond" truecount="4" falsecount="0"/>
      <line num="850" count="1" type="stmt"/>
      <line num="855" count="4" type="stmt"/>
      <line num="856" count="4" type="cond" truecount="1" falsecount="1"/>
      <line num="857" count="8" type="cond" truecount="2" falsecount="0"/>
      <line num="858" count="8" type="stmt"/>
      <line num="865" count="4" type="cond" truecount="1" falsecount="1"/>
      <line num="866" count="4" type="stmt"/>
      <line num="885" count="5" type="cond" truecount="1" falsecount="1"/>
      <line num="886" count="5" type="stmt"/>
      <line num="890" count="5" type="stmt"/>
      <line num="892" count="5" type="cond" truecount="1" falsecount="1"/>
      <line num="893" count="5" type="stmt"/>
      <line num="898" count="5" type="cond" truecount="2" falsecount="0"/>
      <line num="899" count="1" type="stmt"/>
      <line num="901" count="4" type="stmt"/>
      <line num="902" count="4" type="cond" truecount="2" falsecount="0"/>
      <line num="903" count="1" type="stmt"/>
      <line num="905" count="3" type="stmt"/>
      <line num="906" count="3" type="cond" truecount="2" falsecount="0"/>
      <line num="907" count="1" type="stmt"/>
      <line num="911" count="1" type="cond" truecount="1" falsecount="1"/>
      <line num="912" count="5" type="cond" truecount="2" falsecount="2"/>
      <line num="913" count="0" type="stmt"/>
      <line num="915" count="1" type="stmt"/>
      <line num="916" count="1" type="cond" truecount="1" falsecount="3"/>
      <line num="917" count="5" type="stmt"/>
      <line num="924" count="1" type="stmt"/>
      <line num="925" count="1" type="stmt"/>
      <line num="940" count="3" type="cond" truecount="1" falsecount="1"/>
      <line num="941" count="3" type="stmt"/>
      <line num="942" count="3" type="stmt"/>
      <line num="943" count="33" type="stmt"/>
      <line num="947" count="33" type="cond" truecount="2" falsecount="0"/>
      <line num="948" count="1" type="stmt"/>
      <line num="950" count="32" type="stmt"/>
      <line num="951" count="32" type="cond" truecount="2" falsecount="0"/>
      <line num="952" count="1" type="stmt"/>
      <line num="954" count="31" type="cond" truecount="2" falsecount="0"/>
      <line num="956" count="1" type="stmt"/>
      <line num="964" count="2" type="stmt"/>
      <line num="968" count="2" type="stmt"/>
      <line num="970" count="2" type="cond" truecount="1" falsecount="1"/>
      <line num="971" count="2" type="stmt"/>
      <line num="972" count="2" type="cond" truecount="2" falsecount="0"/>
      <line num="973" count="1" type="cond" truecount="1" falsecount="1"/>
      <line num="974" count="2" type="stmt"/>
      <line num="986" count="4" type="stmt"/>
      <line num="987" count="4" type="cond" truecount="1" falsecount="1"/>
      <line num="988" count="4" type="cond" truecount="2" falsecount="0"/>
      <line num="989" count="4" type="cond" truecount="1" falsecount="1"/>
      <line num="990" count="4" type="cond" truecount="3" falsecount="1"/>
      <line num="991" count="3" type="stmt"/>
      <line num="995" count="3" type="stmt"/>
      <line num="999" count="3" type="cond" truecount="2" falsecount="0"/>
      <line num="1000" count="2" type="stmt"/>
      <line num="1001" count="2" type="stmt"/>
      <line num="1002" count="2" type="cond" truecount="4" falsecount="0"/>
      <line num="1003" count="1" type="stmt"/>
      <line num="1008" count="1" type="cond" truecount="1" falsecount="1"/>
      <line num="1009" count="1" type="stmt"/>
      <line num="1027" count="6" type="cond" truecount="1" falsecount="1"/>
      <line num="1028" count="6" type="cond" truecount="3" falsecount="1"/>
      <line num="1029" count="6" type="cond" truecount="1" falsecount="1"/>
      <line num="1030" count="6" type="stmt"/>
      <line num="1031" count="6" type="stmt"/>
      <line num="1037" count="6" type="cond" truecount="2" falsecount="0"/>
      <line num="1038" count="5" type="stmt"/>
      <line num="1043" count="5" type="cond" truecount="3" falsecount="1"/>
      <line num="1047" count="5" type="cond" truecount="2" falsecount="0"/>
      <line num="1048" count="3" type="stmt"/>
      <line num="1052" count="3" type="stmt"/>
      <line num="1053" count="3" type="cond" truecount="4" falsecount="0"/>
      <line num="1054" count="1" type="stmt"/>
      <line num="1059" count="2" type="cond" truecount="1" falsecount="1"/>
      <line num="1060" count="2" type="stmt"/>
      <line num="1069" count="9" type="cond" truecount="3" falsecount="1"/>
      <line num="1070" count="9" type="stmt"/>
      <line num="1079" count="9" type="cond" truecount="2" falsecount="0"/>
      <line num="1080" count="1" type="stmt"/>
      <line num="1081" count="1" type="cond" truecount="1" falsecount="1"/>
      <line num="1082" count="0" type="stmt"/>
      <line num="1084" count="8" type="cond" truecount="2" falsecount="0"/>
      <line num="1085" count="2" type="stmt"/>
      <line num="1086" count="2" type="cond" truecount="1" falsecount="1"/>
      <line num="1087" count="2" type="cond" truecount="2" falsecount="0"/>
      <line num="1088" count="1" type="stmt"/>
      <line num="1093" count="6" type="cond" truecount="1" falsecount="1"/>
      <line num="1094" count="6" type="stmt"/>
      <line num="1095" count="6" type="cond" truecount="1" falsecount="1"/>
      <line num="1096" count="6" type="stmt"/>
      <line num="1097" count="6" type="cond" truecount="2" falsecount="0"/>
      <line num="1098" count="5" type="stmt"/>
      <line num="1101" count="1" type="stmt"/>
      <line num="1103" count="0" type="cond" truecount="0" falsecount="2"/>
      <line num="1104" count="0" type="stmt"/>
      <line num="1108" count="4" type="cond" truecount="2" falsecount="0"/>
      <line num="1109" count="3" type="stmt"/>
      <line num="1110" count="3" type="cond" truecount="2" falsecount="0"/>
      <line num="1111" count="2" type="stmt"/>
      <line num="1115" count="3" type="cond" truecount="1" falsecount="1"/>
      <line num="1116" count="3" type="cond" truecount="1" falsecount="1"/>
    </file>
    <file name="sf-cli.ts" path="/Users/grebmann/zcc-workspace/zana-command-center/plugins/salesforce/lib/sf-cli.ts">
      <metrics statements="66" coveredstatements="66" conditionals="82" coveredconditionals="72" methods="16" coveredmethods="16"/>
      <line num="15" count="7" type="stmt"/>
      <line num="18" count="7" type="stmt"/>
      <line num="19" count="5" type="stmt"/>
      <line num="20" count="5" type="stmt"/>
      <line num="30" count="5" type="stmt"/>
      <line num="41" count="6" type="cond" truecount="2" falsecount="0"/>
      <line num="42" count="4" type="stmt"/>
      <line num="43" count="4" type="cond" truecount="2" falsecount="0"/>
      <line num="44" count="3" type="cond" truecount="2" falsecount="0"/>
      <line num="45" count="2" type="stmt"/>
      <line num="46" count="2" type="cond" truecount="2" falsecount="0"/>
      <line num="47" count="1" type="stmt"/>
      <line num="55" count="3" type="stmt"/>
      <line num="56" count="1" type="stmt"/>
      <line num="57" count="1" type="stmt"/>
      <line num="62" count="1" type="stmt"/>
      <line num="76" count="4" type="cond" truecount="2" falsecount="0"/>
      <line num="77" count="4" type="cond" truecount="3" falsecount="1"/>
      <line num="78" count="4" type="stmt"/>
      <line num="79" count="4" type="cond" truecount="2" falsecount="0"/>
      <line num="80" count="1" type="stmt"/>
      <line num="82" count="4" type="stmt"/>
      <line num="92" count="4" type="stmt"/>
      <line num="93" count="4" type="stmt"/>
      <line num="94" count="4" type="stmt"/>
      <line num="95" count="4" type="cond" truecount="2" falsecount="0"/>
      <line num="97" count="1" type="stmt"/>
      <line num="99" count="4" type="stmt"/>
      <line num="103" count="296" type="stmt"/>
      <line num="104" count="304" type="stmt"/>
      <line num="105" count="304" type="cond" truecount="4" falsecount="0"/>
      <line num="107" count="14" type="stmt"/>
      <line num="111" count="211" type="stmt"/>
      <line num="112" count="211" type="cond" truecount="2" falsecount="0"/>
      <line num="123" count="12" type="stmt"/>
      <line num="124" count="12" type="stmt"/>
      <line num="125" count="12" type="stmt"/>
      <line num="126" count="12" type="cond" truecount="2" falsecount="0"/>
      <line num="127" count="6" type="stmt"/>
      <line num="128" count="6" type="cond" truecount="4" falsecount="0"/>
      <line num="129" count="5" type="stmt"/>
      <line num="130" count="6" type="cond" truecount="1" falsecount="1"/>
      <line num="133" count="12" type="stmt"/>
      <line num="134" count="12" type="stmt"/>
      <line num="135" count="11" type="cond" truecount="4" falsecount="0"/>
      <line num="136" count="9" type="stmt"/>
      <line num="137" count="9" type="stmt"/>
      <line num="138" count="9" type="cond" truecount="2" falsecount="0"/>
      <line num="139" count="11" type="cond" truecount="4" falsecount="0"/>
      <line num="140" count="8" type="stmt"/>
      <line num="152" count="12" type="stmt"/>
      <line num="156" count="7" type="cond" truecount="1" falsecount="1"/>
      <line num="157" count="7" type="cond" truecount="2" falsecount="0"/>
      <line num="161" count="47" type="stmt"/>
      <line num="162" count="47" type="stmt"/>
      <line num="163" count="47" type="cond" truecount="4" falsecount="0"/>
      <line num="164" count="46" type="stmt"/>
      <line num="165" count="46" type="stmt"/>
      <line num="166" count="46" type="stmt"/>
      <line num="167" count="46" type="stmt"/>
      <line num="168" count="46" type="cond" truecount="5" falsecount="0"/>
      <line num="169" count="44" type="cond" truecount="1" falsecount="2"/>
      <line num="170" count="47" type="stmt"/>
      <line num="171" count="47" type="cond" truecount="2" falsecount="1"/>
      <line num="172" count="47" type="stmt"/>
      <line num="190" count="5" type="cond" truecount="3" falsecount="0"/>
    </file>
    <file name="soql.ts" path="/Users/grebmann/zcc-workspace/zana-command-center/plugins/salesforce/lib/soql.ts">
      <metrics statements="45" coveredstatements="44" conditionals="74" coveredconditionals="68" methods="6" coveredmethods="6"/>
      <line num="30" count="3" type="stmt"/>
      <line num="40" count="25" type="cond" truecount="3" falsecount="1"/>
      <line num="41" count="25" type="cond" truecount="1" falsecount="1"/>
      <line num="42" count="25" type="cond" truecount="2" falsecount="0"/>
      <line num="43" count="2" type="stmt"/>
      <line num="45" count="23" type="cond" truecount="2" falsecount="0"/>
      <line num="46" count="25" type="cond" truecount="2" falsecount="0"/>
      <line num="47" count="25" type="cond" truecount="2" falsecount="0"/>
      <line num="48" count="25" type="cond" truecount="4" falsecount="0"/>
      <line num="50" count="25" type="cond" truecount="4" falsecount="0"/>
      <line num="51" count="22" type="cond" truecount="4" falsecount="0"/>
      <line num="52" count="21" type="cond" truecount="4" falsecount="0"/>
      <line num="54" count="20" type="cond" truecount="2" falsecount="0"/>
      <line num="55" count="15" type="stmt"/>
      <line num="56" count="15" type="cond" truecount="1" falsecount="1"/>
      <line num="57" count="15" type="cond" truecount="2" falsecount="0"/>
      <line num="58" count="15" type="cond" truecount="3" falsecount="0"/>
      <line num="60" count="15" type="cond" truecount="7" falsecount="0"/>
      <line num="66" count="15" type="cond" truecount="2" falsecount="0"/>
      <line num="71" count="15" type="stmt"/>
      <line num="86" count="5" type="stmt"/>
      <line num="100" count="15" type="cond" truecount="2" falsecount="0"/>
      <line num="101" count="15" type="cond" truecount="2" falsecount="0"/>
      <line num="102" count="14" type="stmt"/>
      <line num="106" count="20" type="stmt"/>
      <line num="111" count="20" type="cond" truecount="2" falsecount="0"/>
      <line num="112" count="19" type="stmt"/>
      <line num="113" count="19" type="cond" truecount="4" falsecount="0"/>
      <line num="114" count="2" type="stmt"/>
      <line num="116" count="17" type="cond" truecount="1" falsecount="1"/>
      <line num="117" count="0" type="stmt"/>
      <line num="119" count="17" type="stmt"/>
      <line num="120" count="17" type="stmt"/>
      <line num="121" count="17" type="cond" truecount="2" falsecount="0"/>
      <line num="122" count="20" type="stmt"/>
      <line num="126" count="8" type="stmt"/>
      <line num="127" count="8" type="cond" truecount="2" falsecount="0"/>
      <line num="128" count="7" type="stmt"/>
      <line num="130" count="1" type="stmt"/>
      <line num="134" count="2" type="cond" truecount="1" falsecount="1"/>
      <line num="135" count="2" type="stmt"/>
      <line num="136" count="2" type="cond" truecount="3" falsecount="1"/>
      <line num="137" count="2" type="stmt"/>
      <line num="138" count="2" type="stmt"/>
      <line num="139" count="2" type="stmt"/>
    </file>
    <file name="types.ts" path="/Users/grebmann/zcc-workspace/zana-command-center/plugins/salesforce/lib/types.ts">
      <metrics statements="16" coveredstatements="16" conditionals="0" coveredconditionals="0" methods="0" coveredmethods="0"/>
      <line num="1" count="11" type="stmt"/>
      <line num="2" count="11" type="stmt"/>
      <line num="3" count="11" type="stmt"/>
      <line num="4" count="11" type="stmt"/>
      <line num="5" count="11" type="stmt"/>
      <line num="6" count="11" type="stmt"/>
      <line num="7" count="11" type="stmt"/>
      <line num="8" count="11" type="stmt"/>
      <line num="9" count="11" type="stmt"/>
      <line num="10" count="11" type="stmt"/>
      <line num="11" count="11" type="stmt"/>
      <line num="12" count="11" type="stmt"/>
      <line num="13" count="11" type="stmt"/>
      <line num="15" count="11" type="stmt"/>
      <line num="16" count="11" type="stmt"/>
      <line num="17" count="11" type="stmt"/>
    </file>
  </project>
</coverage>
