{"/Users/grebmann/zcc-workspace/zana-command-center/plugins/pr-monitor/src/app/PrBoard.tsx": {"path":"/Users/grebmann/zcc-workspace/zana-command-center/plugins/pr-monitor/src/app/PrBoard.tsx","statementMap":{"0":{"start":{"line":29,"column":57},"end":{"line":39,"column":null}},"1":{"start":{"line":70,"column":18},"end":{"line":70,"column":null}},"2":{"start":{"line":70,"column":32},"end":{"line":70,"column":55}},"3":{"start":{"line":71,"column":18},"end":{"line":71,"column":null}},"4":{"start":{"line":71,"column":32},"end":{"line":71,"column":77}},"5":{"start":{"line":72,"column":26},"end":{"line":72,"column":null}},"6":{"start":{"line":74,"column":2},"end":{"line":148,"column":null}},"7":{"start":{"line":77,"column":22},"end":{"line":77,"column":null}},"8":{"start":{"line":78,"column":21},"end":{"line":78,"column":null}},"9":{"start":{"line":79,"column":28},"end":{"line":79,"column":null}},"10":{"start":{"line":80,"column":23},"end":{"line":82,"column":null}},"11":{"start":{"line":81,"column":18},"end":{"line":81,"column":null}},"12":{"start":{"line":83,"column":8},"end":{"line":145,"column":null}},"13":{"start":{"line":106,"column":31},"end":{"line":106,"column":null}},"14":{"start":{"line":117,"column":34},"end":{"line":122,"column":null}},"15":{"start":{"line":123,"column":26},"end":{"line":125,"column":null}},"16":{"start":{"line":124,"column":29},"end":{"line":124,"column":null}},"17":{"start":{"line":126,"column":20},"end":{"line":139,"column":null}}},"fnMap":{"0":{"name":"PrBoard","decl":{"start":{"line":56,"column":16},"end":{"line":56,"column":24}},"loc":{"start":{"line":69,"column":10},"end":{"line":150,"column":null}},"line":69},"1":{"name":"(anonymous_1)","decl":{"start":{"line":70,"column":18},"end":{"line":70,"column":32}},"loc":{"start":{"line":70,"column":32},"end":{"line":70,"column":55}},"line":70},"2":{"name":"(anonymous_2)","decl":{"start":{"line":71,"column":18},"end":{"line":71,"column":32}},"loc":{"start":{"line":71,"column":32},"end":{"line":71,"column":77}},"line":71},"3":{"name":"(anonymous_3)","decl":{"start":{"line":76,"column":15},"end":{"line":76,"column":20}},"loc":{"start":{"line":76,"column":31},"end":{"line":147,"column":7}},"line":76},"4":{"name":"(anonymous_4)","decl":{"start":{"line":80,"column":29},"end":{"line":80,"column":null}},"loc":{"start":{"line":81,"column":18},"end":{"line":81,"column":null}},"line":81},"5":{"name":"(anonymous_5)","decl":{"start":{"line":106,"column":16},"end":{"line":106,"column":31}},"loc":{"start":{"line":106,"column":31},"end":{"line":106,"column":null}},"line":106},"6":{"name":"(anonymous_6)","decl":{"start":{"line":116,"column":24},"end":{"line":116,"column":29}},"loc":{"start":{"line":116,"column":36},"end":{"line":141,"column":19}},"line":116},"7":{"name":"(anonymous_7)","decl":{"start":{"line":123,"column":57},"end":{"line":123,"column":null}},"loc":{"start":{"line":124,"column":29},"end":{"line":124,"column":null}},"line":124}},"branchMap":{"0":{"loc":{"start":{"line":63,"column":2},"end":{"line":63,"column":null}},"type":"default-arg","locations":[{"start":{"line":63,"column":15},"end":{"line":63,"column":null}}],"line":63},"1":{"loc":{"start":{"line":64,"column":2},"end":{"line":64,"column":null}},"type":"default-arg","locations":[{"start":{"line":64,"column":14},"end":{"line":64,"column":null}}],"line":64},"2":{"loc":{"start":{"line":72,"column":26},"end":{"line":72,"column":null}},"type":"binary-expr","locations":[{"start":{"line":72,"column":26},"end":{"line":72,"column":47}},{"start":{"line":72,"column":47},"end":{"line":72,"column":null}}],"line":72},"3":{"loc":{"start":{"line":81,"column":18},"end":{"line":81,"column":null}},"type":"binary-expr","locations":[{"start":{"line":81,"column":18},"end":{"line":81,"column":41}},{"start":{"line":81,"column":41},"end":{"line":81,"column":null}}],"line":81},"4":{"loc":{"start":{"line":81,"column":64},"end":{"line":81,"column":null}},"type":"binary-expr","locations":[{"start":{"line":81,"column":64},"end":{"line":81,"column":81}},{"start":{"line":81,"column":81},"end":{"line":81,"column":null}}],"line":81},"5":{"loc":{"start":{"line":86,"column":64},"end":{"line":86,"column":null}},"type":"cond-expr","locations":[{"start":{"line":86,"column":78},"end":{"line":86,"column":108}},{"start":{"line":86,"column":108},"end":{"line":86,"column":null}}],"line":86},"6":{"loc":{"start":{"line":89,"column":28},"end":{"line":89,"column":null}},"type":"cond-expr","locations":[{"start":{"line":89,"column":42},"end":{"line":89,"column":51}},{"start":{"line":89,"column":51},"end":{"line":89,"column":null}}],"line":89},"7":{"loc":{"start":{"line":95,"column":15},"end":{"line":98,"column":null}},"type":"binary-expr","locations":[{"start":{"line":95,"column":15},"end":{"line":95,"column":null}},{"start":{"line":96,"column":16},"end":{"line":98,"column":null}}],"line":95},"8":{"loc":{"start":{"line":103,"column":23},"end":{"line":103,"column":null}},"type":"cond-expr","locations":[{"start":{"line":103,"column":37},"end":{"line":103,"column":79}},{"start":{"line":103,"column":79},"end":{"line":103,"column":null}}],"line":103},"9":{"loc":{"start":{"line":104,"column":28},"end":{"line":104,"column":null}},"type":"cond-expr","locations":[{"start":{"line":104,"column":42},"end":{"line":104,"column":84}},{"start":{"line":104,"column":84},"end":{"line":104,"column":null}}],"line":104},"10":{"loc":{"start":{"line":108,"column":17},"end":{"line":108,"column":null}},"type":"cond-expr","locations":[{"start":{"line":108,"column":31},"end":{"line":108,"column":61}},{"start":{"line":108,"column":60},"end":{"line":108,"column":null}}],"line":108},"11":{"loc":{"start":{"line":111,"column":13},"end":{"line":145,"column":null}},"type":"binary-expr","locations":[{"start":{"line":111,"column":13},"end":{"line":111,"column":null}},{"start":{"line":112,"column":14},"end":{"line":145,"column":null}}],"line":111},"12":{"loc":{"start":{"line":113,"column":17},"end":{"line":141,"column":null}},"type":"cond-expr","locations":[{"start":{"line":114,"column":18},"end":{"line":116,"column":24}},{"start":{"line":116,"column":18},"end":{"line":141,"column":null}}],"line":113},"13":{"loc":{"start":{"line":120,"column":22},"end":{"line":120,"column":null}},"type":"binary-expr","locations":[{"start":{"line":120,"column":22},"end":{"line":120,"column":38}},{"start":{"line":120,"column":38},"end":{"line":120,"column":null}}],"line":120},"14":{"loc":{"start":{"line":121,"column":22},"end":{"line":121,"column":null}},"type":"binary-expr","locations":[{"start":{"line":121,"column":22},"end":{"line":121,"column":40}},{"start":{"line":121,"column":40},"end":{"line":121,"column":null}}],"line":121},"15":{"loc":{"start":{"line":123,"column":37},"end":{"line":123,"column":55}},"type":"binary-expr","locations":[{"start":{"line":123,"column":37},"end":{"line":123,"column":53}},{"start":{"line":123,"column":53},"end":{"line":123,"column":55}}],"line":123}},"s":{"0":5,"1":103,"2":68,"3":103,"4":69,"5":103,"6":103,"7":136,"8":136,"9":136,"10":136,"11":134,"12":136,"13":2,"14":132,"15":132,"16":9,"17":132},"f":{"0":103,"1":68,"2":69,"3":136,"4":134,"5":2,"6":132,"7":9},"b":{"0":[103],"1":[103],"2":[103,103],"3":[134,133],"4":[133,98],"5":[2,134],"6":[2,134],"7":[136,8],"8":[2,134],"9":[2,134],"10":[2,134],"11":[136,134],"12":[18,116],"13":[132,22],"14":[132,22],"15":[132,22]},"meta":{"lastBranch":16,"lastFunction":8,"lastStatement":18,"seen":{"s:29:57:39:Infinity":0,"f:56:16:56:24":0,"b:63:15:63:Infinity":0,"b:64:14:64:Infinity":1,"s:70:18:70:Infinity":1,"f:70:18:70:32":1,"s:70:32:70:55":2,"s:71:18:71:Infinity":3,"f:71:18:71:32":2,"s:71:32:71:77":4,"s:72:26:72:Infinity":5,"b:72:26:72:47:72:47:72:Infinity":2,"s:74:2:148:Infinity":6,"f:76:15:76:20":3,"s:77:22:77:Infinity":7,"s:78:21:78:Infinity":8,"s:79:28:79:Infinity":9,"s:80:23:82:Infinity":10,"f:80:29:80:Infinity":4,"s:81:18:81:Infinity":11,"b:81:18:81:41:81:41:81:Infinity":3,"b:81:64:81:81:81:81:81:Infinity":4,"s:83:8:145:Infinity":12,"b:86:78:86:108:86:108:86:Infinity":5,"b:89:42:89:51:89:51:89:Infinity":6,"b:95:15:95:Infinity:96:16:98:Infinity":7,"b:103:37:103:79:103:79:103:Infinity":8,"b:104:42:104:84:104:84:104:Infinity":9,"f:106:16:106:31":5,"s:106:31:106:Infinity":13,"b:108:31:108:61:108:60:108:Infinity":10,"b:111:13:111:Infinity:112:14:145:Infinity":11,"b:114:18:116:24:116:18:141:Infinity":12,"f:116:24:116:29":6,"s:117:34:122:Infinity":14,"b:120:22:120:38:120:38:120:Infinity":13,"b:121:22:121:40:121:40:121:Infinity":14,"s:123:26:125:Infinity":15,"b:123:37:123:53:123:53:123:55":15,"f:123:57:123:Infinity":7,"s:124:29:124:Infinity":16,"s:126:20:139:Infinity":17},"fnNames":{}}}
,"/Users/grebmann/zcc-workspace/zana-command-center/plugins/pr-monitor/src/app/PrBoardCard.tsx": {"path":"/Users/grebmann/zcc-workspace/zana-command-center/plugins/pr-monitor/src/app/PrBoardCard.tsx","statementMap":{"0":{"start":{"line":52,"column":2},"end":{"line":57,"column":null}},"1":{"start":{"line":53,"column":14},"end":{"line":53,"column":null}},"2":{"start":{"line":54,"column":4},"end":{"line":54,"column":null}},"3":{"start":{"line":56,"column":4},"end":{"line":56,"column":null}},"4":{"start":{"line":61,"column":2},"end":{"line":61,"column":null}},"5":{"start":{"line":76,"column":34},"end":{"line":76,"column":null}},"6":{"start":{"line":77,"column":17},"end":{"line":77,"column":null}},"7":{"start":{"line":78,"column":17},"end":{"line":78,"column":null}},"8":{"start":{"line":79,"column":19},"end":{"line":79,"column":null}},"9":{"start":{"line":80,"column":23},"end":{"line":80,"column":null}},"10":{"start":{"line":81,"column":19},"end":{"line":81,"column":null}},"11":{"start":{"line":82,"column":16},"end":{"line":84,"column":null}},"12":{"start":{"line":85,"column":17},"end":{"line":85,"column":null}},"13":{"start":{"line":86,"column":22},"end":{"line":86,"column":null}},"14":{"start":{"line":87,"column":18},"end":{"line":87,"column":null}},"15":{"start":{"line":88,"column":21},"end":{"line":88,"column":null}},"16":{"start":{"line":89,"column":16},"end":{"line":98,"column":null}},"17":{"start":{"line":100,"column":4},"end":{"line":104,"column":null}},"18":{"start":{"line":105,"column":21},"end":{"line":105,"column":null}},"19":{"start":{"line":106,"column":23},"end":{"line":106,"column":null}},"20":{"start":{"line":108,"column":8},"end":{"line":114,"column":null}},"21":{"start":{"line":109,"column":4},"end":{"line":113,"column":null}},"22":{"start":{"line":110,"column":6},"end":{"line":110,"column":null}},"23":{"start":{"line":111,"column":6},"end":{"line":111,"column":null}},"24":{"start":{"line":112,"column":6},"end":{"line":112,"column":null}},"25":{"start":{"line":116,"column":19},"end":{"line":120,"column":null}},"26":{"start":{"line":117,"column":4},"end":{"line":117,"column":null}},"27":{"start":{"line":117,"column":17},"end":{"line":117,"column":null}},"28":{"start":{"line":118,"column":19},"end":{"line":118,"column":null}},"29":{"start":{"line":119,"column":4},"end":{"line":119,"column":null}},"30":{"start":{"line":122,"column":25},"end":{"line":128,"column":null}},"31":{"start":{"line":123,"column":19},"end":{"line":126,"column":null}},"32":{"start":{"line":127,"column":4},"end":{"line":127,"column":null}},"33":{"start":{"line":130,"column":8},"end":{"line":133,"column":null}},"34":{"start":{"line":131,"column":4},"end":{"line":132,"column":null}},"35":{"start":{"line":131,"column":35},"end":{"line":131,"column":null}},"36":{"start":{"line":132,"column":9},"end":{"line":132,"column":null}},"37":{"start":{"line":135,"column":20},"end":{"line":143,"column":null}},"38":{"start":{"line":136,"column":4},"end":{"line":136,"column":null}},"39":{"start":{"line":137,"column":4},"end":{"line":142,"column":null}},"40":{"start":{"line":138,"column":21},"end":{"line":138,"column":null}},"41":{"start":{"line":139,"column":6},"end":{"line":139,"column":null}},"42":{"start":{"line":141,"column":6},"end":{"line":141,"column":null}},"43":{"start":{"line":145,"column":8},"end":{"line":151,"column":null}},"44":{"start":{"line":146,"column":4},"end":{"line":149,"column":null}},"45":{"start":{"line":147,"column":6},"end":{"line":147,"column":null}},"46":{"start":{"line":148,"column":6},"end":{"line":148,"column":null}},"47":{"start":{"line":150,"column":4},"end":{"line":150,"column":null}},"48":{"start":{"line":153,"column":2},"end":{"line":290,"column":null}},"49":{"start":{"line":169,"column":8},"end":{"line":173,"column":null}},"50":{"start":{"line":170,"column":10},"end":{"line":170,"column":null}},"51":{"start":{"line":171,"column":10},"end":{"line":172,"column":null}},"52":{"start":{"line":171,"column":26},"end":{"line":171,"column":null}},"53":{"start":{"line":172,"column":15},"end":{"line":172,"column":null}},"54":{"start":{"line":186,"column":26},"end":{"line":186,"column":null}},"55":{"start":{"line":188,"column":12},"end":{"line":188,"column":null}},"56":{"start":{"line":189,"column":12},"end":{"line":189,"column":null}},"57":{"start":{"line":206,"column":14},"end":{"line":206,"column":null}},"58":{"start":{"line":207,"column":14},"end":{"line":207,"column":null}},"59":{"start":{"line":219,"column":14},"end":{"line":219,"column":null}},"60":{"start":{"line":220,"column":14},"end":{"line":220,"column":null}},"61":{"start":{"line":232,"column":14},"end":{"line":232,"column":null}},"62":{"start":{"line":233,"column":14},"end":{"line":233,"column":null}},"63":{"start":{"line":281,"column":16},"end":{"line":281,"column":null}},"64":{"start":{"line":282,"column":16},"end":{"line":282,"column":null}}},"fnMap":{"0":{"name":"isSafeExternalUrl","decl":{"start":{"line":51,"column":9},"end":{"line":51,"column":27}},"loc":{"start":{"line":51,"column":49},"end":{"line":58,"column":null}},"line":51},"1":{"name":"isUnread","decl":{"start":{"line":60,"column":9},"end":{"line":60,"column":18}},"loc":{"start":{"line":60,"column":44},"end":{"line":62,"column":null}},"line":60},"2":{"name":"PrBoardCard","decl":{"start":{"line":64,"column":16},"end":{"line":64,"column":28}},"loc":{"start":{"line":75,"column":10},"end":{"line":292,"column":null}},"line":75},"3":{"name":"(anonymous_3)","decl":{"start":{"line":108,"column":8},"end":{"line":108,"column":23}},"loc":{"start":{"line":108,"column":84},"end":{"line":114,"column":null}},"line":108},"4":{"name":"(anonymous_4)","decl":{"start":{"line":116,"column":19},"end":{"line":116,"column":31}},"loc":{"start":{"line":116,"column":31},"end":{"line":120,"column":null}},"line":116},"5":{"name":"(anonymous_5)","decl":{"start":{"line":122,"column":25},"end":{"line":122,"column":37}},"loc":{"start":{"line":122,"column":37},"end":{"line":128,"column":null}},"line":122},"6":{"name":"(anonymous_6)","decl":{"start":{"line":130,"column":8},"end":{"line":130,"column":23}},"loc":{"start":{"line":130,"column":23},"end":{"line":133,"column":null}},"line":130},"7":{"name":"(anonymous_7)","decl":{"start":{"line":135,"column":20},"end":{"line":135,"column":32}},"loc":{"start":{"line":135,"column":32},"end":{"line":143,"column":null}},"line":135},"8":{"name":"(anonymous_8)","decl":{"start":{"line":145,"column":8},"end":{"line":145,"column":27}},"loc":{"start":{"line":145,"column":51},"end":{"line":151,"column":null}},"line":145},"9":{"name":"(anonymous_9)","decl":{"start":{"line":168,"column":6},"end":{"line":168,"column":18}},"loc":{"start":{"line":168,"column":24},"end":{"line":174,"column":null}},"line":168},"10":{"name":"(anonymous_10)","decl":{"start":{"line":186,"column":10},"end":{"line":186,"column":20}},"loc":{"start":{"line":186,"column":26},"end":{"line":186,"column":null}},"line":186},"11":{"name":"(anonymous_11)","decl":{"start":{"line":187,"column":10},"end":{"line":187,"column":21}},"loc":{"start":{"line":187,"column":27},"end":{"line":190,"column":null}},"line":187},"12":{"name":"(anonymous_12)","decl":{"start":{"line":205,"column":12},"end":{"line":205,"column":22}},"loc":{"start":{"line":205,"column":28},"end":{"line":208,"column":null}},"line":205},"13":{"name":"(anonymous_13)","decl":{"start":{"line":218,"column":12},"end":{"line":218,"column":22}},"loc":{"start":{"line":218,"column":28},"end":{"line":221,"column":null}},"line":218},"14":{"name":"(anonymous_14)","decl":{"start":{"line":231,"column":12},"end":{"line":231,"column":22}},"loc":{"start":{"line":231,"column":28},"end":{"line":234,"column":null}},"line":231},"15":{"name":"(anonymous_15)","decl":{"start":{"line":280,"column":14},"end":{"line":280,"column":24}},"loc":{"start":{"line":280,"column":30},"end":{"line":283,"column":null}},"line":280}},"branchMap":{"0":{"loc":{"start":{"line":54,"column":11},"end":{"line":54,"column":null}},"type":"binary-expr","locations":[{"start":{"line":54,"column":11},"end":{"line":54,"column":37}},{"start":{"line":54,"column":37},"end":{"line":54,"column":null}}],"line":54},"1":{"loc":{"start":{"line":61,"column":9},"end":{"line":61,"column":null}},"type":"binary-expr","locations":[{"start":{"line":61,"column":9},"end":{"line":61,"column":32}},{"start":{"line":61,"column":32},"end":{"line":61,"column":null}}],"line":61},"2":{"loc":{"start":{"line":61,"column":55},"end":{"line":61,"column":null}},"type":"binary-expr","locations":[{"start":{"line":61,"column":55},"end":{"line":61,"column":72}},{"start":{"line":61,"column":72},"end":{"line":61,"column":null}}],"line":61},"3":{"loc":{"start":{"line":71,"column":2},"end":{"line":71,"column":null}},"type":"default-arg","locations":[{"start":{"line":71,"column":20},"end":{"line":71,"column":null}}],"line":71},"4":{"loc":{"start":{"line":72,"column":2},"end":{"line":72,"column":null}},"type":"default-arg","locations":[{"start":{"line":72,"column":15},"end":{"line":72,"column":null}}],"line":72},"5":{"loc":{"start":{"line":78,"column":17},"end":{"line":78,"column":null}},"type":"binary-expr","locations":[{"start":{"line":78,"column":17},"end":{"line":78,"column":50}},{"start":{"line":78,"column":50},"end":{"line":78,"column":null}}],"line":78},"6":{"loc":{"start":{"line":81,"column":19},"end":{"line":81,"column":null}},"type":"binary-expr","locations":[{"start":{"line":81,"column":19},"end":{"line":81,"column":34}},{"start":{"line":81,"column":34},"end":{"line":81,"column":null}}],"line":81},"7":{"loc":{"start":{"line":82,"column":16},"end":{"line":84,"column":null}},"type":"cond-expr","locations":[{"start":{"line":83,"column":6},"end":{"line":83,"column":null}},{"start":{"line":84,"column":6},"end":{"line":84,"column":null}}],"line":82},"8":{"loc":{"start":{"line":85,"column":17},"end":{"line":85,"column":null}},"type":"binary-expr","locations":[{"start":{"line":85,"column":17},"end":{"line":85,"column":30}},{"start":{"line":85,"column":30},"end":{"line":85,"column":null}}],"line":85},"9":{"loc":{"start":{"line":87,"column":18},"end":{"line":87,"column":null}},"type":"binary-expr","locations":[{"start":{"line":87,"column":18},"end":{"line":87,"column":34}},{"start":{"line":87,"column":34},"end":{"line":87,"column":52}},{"start":{"line":87,"column":52},"end":{"line":87,"column":null}}],"line":87},"10":{"loc":{"start":{"line":88,"column":21},"end":{"line":88,"column":null}},"type":"binary-expr","locations":[{"start":{"line":88,"column":21},"end":{"line":88,"column":38}},{"start":{"line":88,"column":38},"end":{"line":88,"column":null}}],"line":88},"11":{"loc":{"start":{"line":95,"column":18},"end":{"line":95,"column":null}},"type":"cond-expr","locations":[{"start":{"line":95,"column":40},"end":{"line":95,"column":100}},{"start":{"line":95,"column":100},"end":{"line":95,"column":null}}],"line":95},"12":{"loc":{"start":{"line":96,"column":15},"end":{"line":96,"column":null}},"type":"binary-expr","locations":[{"start":{"line":96,"column":15},"end":{"line":96,"column":31}},{"start":{"line":96,"column":31},"end":{"line":96,"column":null}}],"line":96},"13":{"loc":{"start":{"line":97,"column":17},"end":{"line":97,"column":null}},"type":"binary-expr","locations":[{"start":{"line":97,"column":17},"end":{"line":97,"column":35}},{"start":{"line":97,"column":35},"end":{"line":97,"column":null}}],"line":97},"14":{"loc":{"start":{"line":100,"column":4},"end":{"line":104,"column":null}},"type":"cond-expr","locations":[{"start":{"line":101,"column":8},"end":{"line":101,"column":null}},{"start":{"line":102,"column":8},"end":{"line":104,"column":null}}],"line":100},"15":{"loc":{"start":{"line":102,"column":8},"end":{"line":104,"column":null}},"type":"cond-expr","locations":[{"start":{"line":103,"column":10},"end":{"line":103,"column":null}},{"start":{"line":104,"column":10},"end":{"line":104,"column":null}}],"line":102},"16":{"loc":{"start":{"line":102,"column":8},"end":{"line":102,"column":null}},"type":"binary-expr","locations":[{"start":{"line":102,"column":8},"end":{"line":102,"column":28}},{"start":{"line":102,"column":28},"end":{"line":102,"column":null}}],"line":102},"17":{"loc":{"start":{"line":105,"column":21},"end":{"line":105,"column":null}},"type":"cond-expr","locations":[{"start":{"line":105,"column":69},"end":{"line":105,"column":80}},{"start":{"line":105,"column":80},"end":{"line":105,"column":null}}],"line":105},"18":{"loc":{"start":{"line":105,"column":21},"end":{"line":105,"column":69}},"type":"binary-expr","locations":[{"start":{"line":105,"column":21},"end":{"line":105,"column":48}},{"start":{"line":105,"column":48},"end":{"line":105,"column":69}}],"line":105},"19":{"loc":{"start":{"line":105,"column":80},"end":{"line":105,"column":null}},"type":"cond-expr","locations":[{"start":{"line":105,"column":99},"end":{"line":105,"column":108}},{"start":{"line":105,"column":108},"end":{"line":105,"column":null}}],"line":105},"20":{"loc":{"start":{"line":106,"column":23},"end":{"line":106,"column":null}},"type":"binary-expr","locations":[{"start":{"line":106,"column":23},"end":{"line":106,"column":35}},{"start":{"line":106,"column":35},"end":{"line":106,"column":49}},{"start":{"line":106,"column":49},"end":{"line":106,"column":null}}],"line":106},"21":{"loc":{"start":{"line":109,"column":4},"end":{"line":113,"column":null}},"type":"if","locations":[{"start":{"line":109,"column":4},"end":{"line":113,"column":null}},{"start":{},"end":{}}],"line":109},"22":{"loc":{"start":{"line":109,"column":8},"end":{"line":109,"column":34}},"type":"binary-expr","locations":[{"start":{"line":109,"column":8},"end":{"line":109,"column":22}},{"start":{"line":109,"column":22},"end":{"line":109,"column":34}}],"line":109},"23":{"loc":{"start":{"line":117,"column":4},"end":{"line":117,"column":null}},"type":"if","locations":[{"start":{"line":117,"column":4},"end":{"line":117,"column":null}},{"start":{},"end":{}}],"line":117},"24":{"loc":{"start":{"line":131,"column":4},"end":{"line":132,"column":null}},"type":"if","locations":[{"start":{"line":131,"column":4},"end":{"line":132,"column":null}},{"start":{"line":132,"column":9},"end":{"line":132,"column":null}}],"line":131},"25":{"loc":{"start":{"line":146,"column":4},"end":{"line":149,"column":null}},"type":"if","locations":[{"start":{"line":146,"column":4},"end":{"line":149,"column":null}},{"start":{},"end":{}}],"line":146},"26":{"loc":{"start":{"line":146,"column":8},"end":{"line":146,"column":46}},"type":"binary-expr","locations":[{"start":{"line":146,"column":8},"end":{"line":146,"column":21}},{"start":{"line":146,"column":21},"end":{"line":146,"column":34}},{"start":{"line":146,"column":34},"end":{"line":146,"column":46}}],"line":146},"27":{"loc":{"start":{"line":157,"column":8},"end":{"line":157,"column":null}},"type":"cond-expr","locations":[{"start":{"line":157,"column":17},"end":{"line":157,"column":44}},{"start":{"line":157,"column":44},"end":{"line":157,"column":null}}],"line":157},"28":{"loc":{"start":{"line":158,"column":8},"end":{"line":158,"column":null}},"type":"cond-expr","locations":[{"start":{"line":158,"column":17},"end":{"line":158,"column":44}},{"start":{"line":158,"column":44},"end":{"line":158,"column":null}}],"line":158},"29":{"loc":{"start":{"line":159,"column":8},"end":{"line":159,"column":null}},"type":"cond-expr","locations":[{"start":{"line":159,"column":19},"end":{"line":159,"column":48}},{"start":{"line":159,"column":48},"end":{"line":159,"column":null}}],"line":159},"30":{"loc":{"start":{"line":160,"column":8},"end":{"line":160,"column":null}},"type":"cond-expr","locations":[{"start":{"line":160,"column":19},"end":{"line":160,"column":48}},{"start":{"line":160,"column":48},"end":{"line":160,"column":null}}],"line":160},"31":{"loc":{"start":{"line":161,"column":8},"end":{"line":161,"column":null}},"type":"cond-expr","locations":[{"start":{"line":161,"column":23},"end":{"line":161,"column":49}},{"start":{"line":161,"column":49},"end":{"line":161,"column":null}}],"line":161},"32":{"loc":{"start":{"line":162,"column":8},"end":{"line":162,"column":null}},"type":"cond-expr","locations":[{"start":{"line":162,"column":23},"end":{"line":162,"column":54}},{"start":{"line":162,"column":54},"end":{"line":162,"column":null}}],"line":162},"33":{"loc":{"start":{"line":163,"column":8},"end":{"line":163,"column":null}},"type":"cond-expr","locations":[{"start":{"line":163,"column":21},"end":{"line":163,"column":53}},{"start":{"line":163,"column":53},"end":{"line":163,"column":null}}],"line":163},"34":{"loc":{"start":{"line":169,"column":8},"end":{"line":173,"column":null}},"type":"if","locations":[{"start":{"line":169,"column":8},"end":{"line":173,"column":null}},{"start":{},"end":{}}],"line":169},"35":{"loc":{"start":{"line":169,"column":12},"end":{"line":169,"column":48}},"type":"binary-expr","locations":[{"start":{"line":169,"column":12},"end":{"line":169,"column":33}},{"start":{"line":169,"column":33},"end":{"line":169,"column":48}}],"line":169},"36":{"loc":{"start":{"line":171,"column":10},"end":{"line":172,"column":null}},"type":"if","locations":[{"start":{"line":171,"column":10},"end":{"line":172,"column":null}},{"start":{"line":172,"column":15},"end":{"line":172,"column":null}}],"line":171},"37":{"loc":{"start":{"line":184,"column":17},"end":{"line":184,"column":null}},"type":"cond-expr","locations":[{"start":{"line":184,"column":28},"end":{"line":184,"column":49}},{"start":{"line":184,"column":49},"end":{"line":184,"column":null}}],"line":184},"38":{"loc":{"start":{"line":185,"column":22},"end":{"line":185,"column":null}},"type":"cond-expr","locations":[{"start":{"line":185,"column":33},"end":{"line":185,"column":54}},{"start":{"line":185,"column":54},"end":{"line":185,"column":null}}],"line":185},"39":{"loc":{"start":{"line":196,"column":9},"end":{"line":196,"column":null}},"type":"binary-expr","locations":[{"start":{"line":196,"column":9},"end":{"line":196,"column":21}},{"start":{"line":196,"column":21},"end":{"line":196,"column":null}}],"line":196},"40":{"loc":{"start":{"line":200,"column":51},"end":{"line":200,"column":null}},"type":"cond-expr","locations":[{"start":{"line":200,"column":62},"end":{"line":200,"column":93}},{"start":{"line":200,"column":93},"end":{"line":200,"column":null}}],"line":200},"41":{"loc":{"start":{"line":201,"column":19},"end":{"line":201,"column":null}},"type":"cond-expr","locations":[{"start":{"line":201,"column":30},"end":{"line":201,"column":45}},{"start":{"line":201,"column":45},"end":{"line":201,"column":null}}],"line":201},"42":{"loc":{"start":{"line":202,"column":22},"end":{"line":202,"column":null}},"type":"cond-expr","locations":[{"start":{"line":202,"column":33},"end":{"line":202,"column":48}},{"start":{"line":202,"column":48},"end":{"line":202,"column":null}}],"line":202},"43":{"loc":{"start":{"line":203,"column":24},"end":{"line":203,"column":null}},"type":"cond-expr","locations":[{"start":{"line":203,"column":35},"end":{"line":203,"column":50}},{"start":{"line":203,"column":50},"end":{"line":203,"column":null}}],"line":203},"44":{"loc":{"start":{"line":210,"column":33},"end":{"line":210,"column":77}},"type":"cond-expr","locations":[{"start":{"line":210,"column":44},"end":{"line":210,"column":71}},{"start":{"line":210,"column":71},"end":{"line":210,"column":77}}],"line":210},"45":{"loc":{"start":{"line":244,"column":9},"end":{"line":247,"column":null}},"type":"binary-expr","locations":[{"start":{"line":244,"column":9},"end":{"line":244,"column":null}},{"start":{"line":245,"column":10},"end":{"line":247,"column":null}}],"line":244},"46":{"loc":{"start":{"line":245,"column":67},"end":{"line":245,"column":null}},"type":"binary-expr","locations":[{"start":{"line":245,"column":67},"end":{"line":245,"column":85}},{"start":{"line":245,"column":85},"end":{"line":245,"column":null}}],"line":245},"47":{"loc":{"start":{"line":249,"column":9},"end":{"line":254,"column":null}},"type":"cond-expr","locations":[{"start":{"line":250,"column":10},"end":{"line":254,"column":20}},{"start":{"line":254,"column":10},"end":{"line":254,"column":null}}],"line":249},"48":{"loc":{"start":{"line":254,"column":10},"end":{"line":254,"column":null}},"type":"binary-expr","locations":[{"start":{"line":254,"column":10},"end":{"line":254,"column":25}},{"start":{"line":254,"column":25},"end":{"line":254,"column":null}}],"line":254},"49":{"loc":{"start":{"line":256,"column":9},"end":{"line":259,"column":null}},"type":"binary-expr","locations":[{"start":{"line":256,"column":9},"end":{"line":256,"column":null}},{"start":{"line":257,"column":10},"end":{"line":259,"column":null}}],"line":256},"50":{"loc":{"start":{"line":261,"column":9},"end":{"line":264,"column":null}},"type":"binary-expr","locations":[{"start":{"line":261,"column":9},"end":{"line":261,"column":null}},{"start":{"line":262,"column":10},"end":{"line":264,"column":null}}],"line":261},"51":{"loc":{"start":{"line":266,"column":9},"end":{"line":269,"column":null}},"type":"binary-expr","locations":[{"start":{"line":266,"column":9},"end":{"line":266,"column":null}},{"start":{"line":267,"column":10},"end":{"line":269,"column":null}}],"line":266},"52":{"loc":{"start":{"line":271,"column":9},"end":{"line":287,"column":null}},"type":"binary-expr","locations":[{"start":{"line":271,"column":9},"end":{"line":271,"column":null}},{"start":{"line":272,"column":10},"end":{"line":287,"column":null}}],"line":271},"53":{"loc":{"start":{"line":285,"column":46},"end":{"line":285,"column":75}},"type":"cond-expr","locations":[{"start":{"line":285,"column":57},"end":{"line":285,"column":70}},{"start":{"line":285,"column":70},"end":{"line":285,"column":75}}],"line":285}},"s":{"0":3,"1":3,"2":3,"3":1,"4":160,"5":160,"6":160,"7":160,"8":160,"9":160,"10":160,"11":160,"12":160,"13":160,"14":160,"15":160,"16":160,"17":160,"18":160,"19":160,"20":160,"21":7,"22":6,"23":6,"24":6,"25":160,"26":5,"27":1,"28":4,"29":4,"30":160,"31":2,"32":2,"33":160,"34":3,"35":1,"36":2,"37":160,"38":1,"39":1,"40":1,"41":1,"42":1,"43":160,"44":5,"45":2,"46":2,"47":3,"48":160,"49":4,"50":3,"51":3,"52":1,"53":2,"54":1,"55":1,"56":1,"57":2,"58":2,"59":3,"60":3,"61":1,"62":1,"63":1,"64":1},"f":{"0":3,"1":160,"2":160,"3":7,"4":5,"5":2,"6":3,"7":1,"8":5,"9":4,"10":1,"11":1,"12":2,"13":3,"14":1,"15":1},"b":{"0":[3,2],"1":[160,151],"2":[151,98],"3":[160],"4":[160],"5":[160,155],"6":[160,134],"7":[27,133],"8":[160,0],"9":[160,160,0],"10":[160,159],"11":[160,0],"12":[160,28],"13":[160,28],"14":[1,159],"15":[126,33],"16":[159,158],"17":[126,34],"18":[160,159],"19":[1,33],"20":[160,159,158],"21":[6,1],"22":[7,6],"23":[1,4],"24":[1,2],"25":[2,3],"26":[5,4,4],"27":[16,144],"28":[8,152],"29":[1,159],"30":[1,159],"31":[3,157],"32":[2,158],"33":[1,159],"34":[3,1],"35":[4,2],"36":[1,2],"37":[1,159],"38":[1,159],"39":[160,27],"40":[1,159],"41":[1,159],"42":[1,159],"43":[1,159],"44":[1,159],"45":[160,38],"46":[38,0],"47":[127,33],"48":[33,33],"49":[160,4],"50":[160,1],"51":[160,1],"52":[160,3],"53":[1,2]},"meta":{"lastBranch":54,"lastFunction":16,"lastStatement":65,"seen":{"f:51:9:51:27":0,"s:52:2:57:Infinity":0,"s:53:14:53:Infinity":1,"s:54:4:54:Infinity":2,"b:54:11:54:37:54:37:54:Infinity":0,"s:56:4:56:Infinity":3,"f:60:9:60:18":1,"s:61:2:61:Infinity":4,"b:61:9:61:32:61:32:61:Infinity":1,"b:61:55:61:72:61:72:61:Infinity":2,"f:64:16:64:28":2,"b:71:20:71:Infinity":3,"b:72:15:72:Infinity":4,"s:76:34:76:Infinity":5,"s:77:17:77:Infinity":6,"s:78:17:78:Infinity":7,"b:78:17:78:50:78:50:78:Infinity":5,"s:79:19:79:Infinity":8,"s:80:23:80:Infinity":9,"s:81:19:81:Infinity":10,"b:81:19:81:34:81:34:81:Infinity":6,"s:82:16:84:Infinity":11,"b:83:6:83:Infinity:84:6:84:Infinity":7,"s:85:17:85:Infinity":12,"b:85:17:85:30:85:30:85:Infinity":8,"s:86:22:86:Infinity":13,"s:87:18:87:Infinity":14,"b:87:18:87:34:87:34:87:52:87:52:87:Infinity":9,"s:88:21:88:Infinity":15,"b:88:21:88:38:88:38:88:Infinity":10,"s:89:16:98:Infinity":16,"b:95:40:95:100:95:100:95:Infinity":11,"b:96:15:96:31:96:31:96:Infinity":12,"b:97:17:97:35:97:35:97:Infinity":13,"s:100:4:104:Infinity":17,"b:101:8:101:Infinity:102:8:104:Infinity":14,"b:103:10:103:Infinity:104:10:104:Infinity":15,"b:102:8:102:28:102:28:102:Infinity":16,"s:105:21:105:Infinity":18,"b:105:69:105:80:105:80:105:Infinity":17,"b:105:21:105:48:105:48:105:69":18,"b:105:99:105:108:105:108:105:Infinity":19,"s:106:23:106:Infinity":19,"b:106:23:106:35:106:35:106:49:106:49:106:Infinity":20,"s:108:8:114:Infinity":20,"f:108:8:108:23":3,"b:109:4:113:Infinity:undefined:undefined:undefined:undefined":21,"s:109:4:113:Infinity":21,"b:109:8:109:22:109:22:109:34":22,"s:110:6:110:Infinity":22,"s:111:6:111:Infinity":23,"s:112:6:112:Infinity":24,"s:116:19:120:Infinity":25,"f:116:19:116:31":4,"b:117:4:117:Infinity:undefined:undefined:undefined:undefined":23,"s:117:4:117:Infinity":26,"s:117:17:117:Infinity":27,"s:118:19:118:Infinity":28,"s:119:4:119:Infinity":29,"s:122:25:128:Infinity":30,"f:122:25:122:37":5,"s:123:19:126:Infinity":31,"s:127:4:127:Infinity":32,"s:130:8:133:Infinity":33,"f:130:8:130:23":6,"b:131:4:132:Infinity:132:9:132:Infinity":24,"s:131:4:132:Infinity":34,"s:131:35:131:Infinity":35,"s:132:9:132:Infinity":36,"s:135:20:143:Infinity":37,"f:135:20:135:32":7,"s:136:4:136:Infinity":38,"s:137:4:142:Infinity":39,"s:138:21:138:Infinity":40,"s:139:6:139:Infinity":41,"s:141:6:141:Infinity":42,"s:145:8:151:Infinity":43,"f:145:8:145:27":8,"b:146:4:149:Infinity:undefined:undefined:undefined:undefined":25,"s:146:4:149:Infinity":44,"b:146:8:146:21:146:21:146:34:146:34:146:46":26,"s:147:6:147:Infinity":45,"s:148:6:148:Infinity":46,"s:150:4:150:Infinity":47,"s:153:2:290:Infinity":48,"b:157:17:157:44:157:44:157:Infinity":27,"b:158:17:158:44:158:44:158:Infinity":28,"b:159:19:159:48:159:48:159:Infinity":29,"b:160:19:160:48:160:48:160:Infinity":30,"b:161:23:161:49:161:49:161:Infinity":31,"b:162:23:162:54:162:54:162:Infinity":32,"b:163:21:163:53:163:53:163:Infinity":33,"f:168:6:168:18":9,"b:169:8:173:Infinity:undefined:undefined:undefined:undefined":34,"s:169:8:173:Infinity":49,"b:169:12:169:33:169:33:169:48":35,"s:170:10:170:Infinity":50,"b:171:10:172:Infinity:172:15:172:Infinity":36,"s:171:10:172:Infinity":51,"s:171:26:171:Infinity":52,"s:172:15:172:Infinity":53,"b:184:28:184:49:184:49:184:Infinity":37,"b:185:33:185:54:185:54:185:Infinity":38,"f:186:10:186:20":10,"s:186:26:186:Infinity":54,"f:187:10:187:21":11,"s:188:12:188:Infinity":55,"s:189:12:189:Infinity":56,"b:196:9:196:21:196:21:196:Infinity":39,"b:200:62:200:93:200:93:200:Infinity":40,"b:201:30:201:45:201:45:201:Infinity":41,"b:202:33:202:48:202:48:202:Infinity":42,"b:203:35:203:50:203:50:203:Infinity":43,"f:205:12:205:22":12,"s:206:14:206:Infinity":57,"s:207:14:207:Infinity":58,"b:210:44:210:71:210:71:210:77":44,"f:218:12:218:22":13,"s:219:14:219:Infinity":59,"s:220:14:220:Infinity":60,"f:231:12:231:22":14,"s:232:14:232:Infinity":61,"s:233:14:233:Infinity":62,"b:244:9:244:Infinity:245:10:247:Infinity":45,"b:245:67:245:85:245:85:245:Infinity":46,"b:250:10:254:20:254:10:254:Infinity":47,"b:254:10:254:25:254:25:254:Infinity":48,"b:256:9:256:Infinity:257:10:259:Infinity":49,"b:261:9:261:Infinity:262:10:264:Infinity":50,"b:266:9:266:Infinity:267:10:269:Infinity":51,"b:271:9:271:Infinity:272:10:287:Infinity":52,"f:280:14:280:24":15,"s:281:16:281:Infinity":63,"s:282:16:282:Infinity":64,"b:285:57:285:70:285:70:285:75":53},"fnNames":{}}}
,"/Users/grebmann/zcc-workspace/zana-command-center/plugins/pr-monitor/src/app/PrTileList.tsx": {"path":"/Users/grebmann/zcc-workspace/zana-command-center/plugins/pr-monitor/src/app/PrTileList.tsx","statementMap":{"0":{"start":{"line":49,"column":39},"end":{"line":59,"column":null}},"1":{"start":{"line":62,"column":51},"end":{"line":62,"column":null}},"2":{"start":{"line":68,"column":76},"end":{"line":74,"column":null}},"3":{"start":{"line":85,"column":13},"end":{"line":85,"column":null}},"4":{"start":{"line":86,"column":13},"end":{"line":86,"column":null}},"5":{"start":{"line":87,"column":2},"end":{"line":87,"column":null}},"6":{"start":{"line":87,"column":17},"end":{"line":87,"column":null}},"7":{"start":{"line":88,"column":2},"end":{"line":88,"column":null}},"8":{"start":{"line":140,"column":2},"end":{"line":140,"column":null}},"9":{"start":{"line":155,"column":4},"end":{"line":159,"column":null}},"10":{"start":{"line":157,"column":17},"end":{"line":157,"column":null}},"11":{"start":{"line":157,"column":33},"end":{"line":157,"column":44}},"12":{"start":{"line":158,"column":6},"end":{"line":158,"column":null}},"13":{"start":{"line":160,"column":2},"end":{"line":160,"column":null}},"14":{"start":{"line":165,"column":12},"end":{"line":165,"column":null}},"15":{"start":{"line":166,"column":2},"end":{"line":166,"column":null}},"16":{"start":{"line":171,"column":19},"end":{"line":171,"column":null}},"17":{"start":{"line":172,"column":2},"end":{"line":184,"column":null}},"18":{"start":{"line":187,"column":27},"end":{"line":187,"column":null}},"19":{"start":{"line":188,"column":26},"end":{"line":188,"column":null}},"20":{"start":{"line":216,"column":24},"end":{"line":216,"column":null}},"21":{"start":{"line":217,"column":28},"end":{"line":217,"column":null}},"22":{"start":{"line":218,"column":34},"end":{"line":218,"column":null}},"23":{"start":{"line":219,"column":42},"end":{"line":219,"column":null}},"24":{"start":{"line":220,"column":36},"end":{"line":220,"column":null}},"25":{"start":{"line":221,"column":38},"end":{"line":221,"column":null}},"26":{"start":{"line":222,"column":36},"end":{"line":222,"column":null}},"27":{"start":{"line":223,"column":36},"end":{"line":223,"column":null}},"28":{"start":{"line":223,"column":72},"end":{"line":223,"column":81}},"29":{"start":{"line":224,"column":21},"end":{"line":224,"column":null}},"30":{"start":{"line":225,"column":19},"end":{"line":225,"column":null}},"31":{"start":{"line":226,"column":8},"end":{"line":231,"column":null}},"32":{"start":{"line":227,"column":4},"end":{"line":227,"column":null}},"33":{"start":{"line":227,"column":26},"end":{"line":227,"column":null}},"34":{"start":{"line":228,"column":4},"end":{"line":228,"column":null}},"35":{"start":{"line":228,"column":25},"end":{"line":228,"column":null}},"36":{"start":{"line":229,"column":4},"end":{"line":230,"column":null}},"37":{"start":{"line":229,"column":26},"end":{"line":229,"column":null}},"38":{"start":{"line":230,"column":9},"end":{"line":230,"column":null}},"39":{"start":{"line":233,"column":2},"end":{"line":245,"column":null}},"40":{"start":{"line":234,"column":16},"end":{"line":234,"column":null}},"41":{"start":{"line":235,"column":4},"end":{"line":237,"column":null}},"42":{"start":{"line":236,"column":6},"end":{"line":236,"column":null}},"43":{"start":{"line":236,"column":47},"end":{"line":236,"column":null}},"44":{"start":{"line":238,"column":4},"end":{"line":241,"column":null}},"45":{"start":{"line":239,"column":6},"end":{"line":239,"column":null}},"46":{"start":{"line":239,"column":43},"end":{"line":239,"column":null}},"47":{"start":{"line":240,"column":6},"end":{"line":240,"column":null}},"48":{"start":{"line":242,"column":4},"end":{"line":244,"column":null}},"49":{"start":{"line":243,"column":6},"end":{"line":243,"column":null}},"50":{"start":{"line":247,"column":8},"end":{"line":250,"column":null}},"51":{"start":{"line":248,"column":4},"end":{"line":248,"column":null}},"52":{"start":{"line":249,"column":4},"end":{"line":249,"column":null}},"53":{"start":{"line":252,"column":8},"end":{"line":260,"column":null}},"54":{"start":{"line":253,"column":4},"end":{"line":259,"column":null}},"55":{"start":{"line":254,"column":19},"end":{"line":254,"column":null}},"56":{"start":{"line":255,"column":6},"end":{"line":256,"column":null}},"57":{"start":{"line":255,"column":28},"end":{"line":255,"column":null}},"58":{"start":{"line":256,"column":11},"end":{"line":256,"column":null}},"59":{"start":{"line":257,"column":6},"end":{"line":257,"column":null}},"60":{"start":{"line":258,"column":6},"end":{"line":258,"column":null}},"61":{"start":{"line":265,"column":16},"end":{"line":272,"column":null}},"62":{"start":{"line":266,"column":27},"end":{"line":266,"column":null}},"63":{"start":{"line":267,"column":4},"end":{"line":270,"column":null}},"64":{"start":{"line":268,"column":16},"end":{"line":268,"column":null}},"65":{"start":{"line":269,"column":6},"end":{"line":269,"column":null}},"66":{"start":{"line":269,"column":29},"end":{"line":269,"column":null}},"67":{"start":{"line":271,"column":4},"end":{"line":271,"column":null}},"68":{"start":{"line":277,"column":20},"end":{"line":281,"column":null}},"69":{"start":{"line":278,"column":4},"end":{"line":278,"column":null}},"70":{"start":{"line":278,"column":32},"end":{"line":278,"column":null}},"71":{"start":{"line":279,"column":16},"end":{"line":279,"column":null}},"72":{"start":{"line":280,"column":4},"end":{"line":280,"column":null}},"73":{"start":{"line":280,"column":30},"end":{"line":280,"column":53}},"74":{"start":{"line":286,"column":25},"end":{"line":290,"column":null}},"75":{"start":{"line":287,"column":14},"end":{"line":287,"column":null}},"76":{"start":{"line":288,"column":4},"end":{"line":288,"column":null}},"77":{"start":{"line":288,"column":32},"end":{"line":288,"column":null}},"78":{"start":{"line":289,"column":4},"end":{"line":289,"column":null}},"79":{"start":{"line":293,"column":19},"end":{"line":296,"column":null}},"80":{"start":{"line":294,"column":4},"end":{"line":294,"column":null}},"81":{"start":{"line":294,"column":23},"end":{"line":294,"column":null}},"82":{"start":{"line":295,"column":4},"end":{"line":295,"column":null}},"83":{"start":{"line":295,"column":36},"end":{"line":295,"column":53}},"84":{"start":{"line":298,"column":19},"end":{"line":302,"column":null}},"85":{"start":{"line":299,"column":14},"end":{"line":299,"column":null}},"86":{"start":{"line":300,"column":4},"end":{"line":300,"column":null}},"87":{"start":{"line":300,"column":12},"end":{"line":300,"column":null}},"88":{"start":{"line":301,"column":4},"end":{"line":301,"column":null}},"89":{"start":{"line":301,"column":35},"end":{"line":301,"column":61}},"90":{"start":{"line":304,"column":16},"end":{"line":349,"column":null}},"91":{"start":{"line":305,"column":16},"end":{"line":305,"column":null}},"92":{"start":{"line":306,"column":18},"end":{"line":306,"column":null}},"93":{"start":{"line":309,"column":4},"end":{"line":312,"column":null}},"94":{"start":{"line":310,"column":6},"end":{"line":310,"column":null}},"95":{"start":{"line":311,"column":6},"end":{"line":311,"column":null}},"96":{"start":{"line":313,"column":4},"end":{"line":347,"column":null}},"97":{"start":{"line":314,"column":16},"end":{"line":314,"column":null}},"98":{"start":{"line":315,"column":6},"end":{"line":338,"column":null}},"99":{"start":{"line":317,"column":10},"end":{"line":317,"column":null}},"100":{"start":{"line":318,"column":10},"end":{"line":318,"column":null}},"101":{"start":{"line":322,"column":10},"end":{"line":322,"column":null}},"102":{"start":{"line":323,"column":10},"end":{"line":323,"column":null}},"103":{"start":{"line":325,"column":10},"end":{"line":325,"column":null}},"104":{"start":{"line":326,"column":10},"end":{"line":326,"column":null}},"105":{"start":{"line":334,"column":10},"end":{"line":336,"column":null}},"106":{"start":{"line":337,"column":10},"end":{"line":337,"column":null}},"107":{"start":{"line":339,"column":6},"end":{"line":345,"column":null}},"108":{"start":{"line":341,"column":19},"end":{"line":341,"column":null}},"109":{"start":{"line":342,"column":19},"end":{"line":342,"column":null}},"110":{"start":{"line":343,"column":8},"end":{"line":343,"column":null}},"111":{"start":{"line":343,"column":23},"end":{"line":343,"column":null}},"112":{"start":{"line":344,"column":8},"end":{"line":344,"column":null}},"113":{"start":{"line":346,"column":6},"end":{"line":346,"column":null}},"114":{"start":{"line":348,"column":4},"end":{"line":348,"column":null}},"115":{"start":{"line":351,"column":21},"end":{"line":354,"column":null}},"116":{"start":{"line":352,"column":10},"end":{"line":352,"column":null}},"117":{"start":{"line":359,"column":22},"end":{"line":359,"column":null}},"118":{"start":{"line":359,"column":36},"end":{"line":359,"column":71}},"119":{"start":{"line":362,"column":20},"end":{"line":362,"column":null}},"120":{"start":{"line":362,"column":34},"end":{"line":362,"column":61}},"121":{"start":{"line":362,"column":52},"end":{"line":362,"column":58}},"122":{"start":{"line":363,"column":24},"end":{"line":366,"column":null}},"123":{"start":{"line":364,"column":10},"end":{"line":364,"column":null}},"124":{"start":{"line":364,"column":34},"end":{"line":364,"column":49}},"125":{"start":{"line":367,"column":27},"end":{"line":367,"column":null}},"126":{"start":{"line":368,"column":28},"end":{"line":368,"column":null}},"127":{"start":{"line":370,"column":8},"end":{"line":377,"column":null}},"128":{"start":{"line":371,"column":4},"end":{"line":376,"column":null}},"129":{"start":{"line":372,"column":19},"end":{"line":372,"column":null}},"130":{"start":{"line":373,"column":6},"end":{"line":374,"column":null}},"131":{"start":{"line":373,"column":25},"end":{"line":373,"column":null}},"132":{"start":{"line":374,"column":11},"end":{"line":374,"column":null}},"133":{"start":{"line":375,"column":6},"end":{"line":375,"column":null}},"134":{"start":{"line":379,"column":8},"end":{"line":386,"column":null}},"135":{"start":{"line":380,"column":4},"end":{"line":385,"column":null}},"136":{"start":{"line":382,"column":6},"end":{"line":382,"column":null}},"137":{"start":{"line":384,"column":6},"end":{"line":384,"column":null}},"138":{"start":{"line":388,"column":8},"end":{"line":388,"column":null}},"139":{"start":{"line":388,"column":31},"end":{"line":388,"column":null}},"140":{"start":{"line":392,"column":26},"end":{"line":392,"column":null}},"141":{"start":{"line":394,"column":25},"end":{"line":397,"column":null}},"142":{"start":{"line":395,"column":15},"end":{"line":395,"column":null}},"143":{"start":{"line":395,"column":31},"end":{"line":395,"column":42}},"144":{"start":{"line":396,"column":4},"end":{"line":396,"column":null}},"145":{"start":{"line":404,"column":23},"end":{"line":404,"column":null}},"146":{"start":{"line":407,"column":2},"end":{"line":431,"column":null}},"147":{"start":{"line":409,"column":4},"end":{"line":422,"column":null}},"148":{"start":{"line":410,"column":22},"end":{"line":410,"column":null}},"149":{"start":{"line":411,"column":6},"end":{"line":420,"column":null}},"150":{"start":{"line":424,"column":4},"end":{"line":429,"column":null}},"151":{"start":{"line":434,"column":4},"end":{"line":455,"column":null}},"152":{"start":{"line":440,"column":23},"end":{"line":440,"column":null}},"153":{"start":{"line":450,"column":23},"end":{"line":450,"column":null}},"154":{"start":{"line":459,"column":4},"end":{"line":685,"column":null}},"155":{"start":{"line":469,"column":27},"end":{"line":469,"column":null}},"156":{"start":{"line":475,"column":22},"end":{"line":475,"column":null}},"157":{"start":{"line":476,"column":12},"end":{"line":487,"column":null}},"158":{"start":{"line":483,"column":31},"end":{"line":483,"column":null}},"159":{"start":{"line":503,"column":14},"end":{"line":503,"column":null}},"160":{"start":{"line":503,"column":22},"end":{"line":503,"column":null}},"161":{"start":{"line":524,"column":29},"end":{"line":524,"column":null}},"162":{"start":{"line":533,"column":25},"end":{"line":533,"column":null}},"163":{"start":{"line":533,"column":48},"end":{"line":533,"column":50}},"164":{"start":{"line":547,"column":27},"end":{"line":547,"column":null}},"165":{"start":{"line":549,"column":14},"end":{"line":551,"column":null}},"166":{"start":{"line":550,"column":64},"end":{"line":550,"column":71}},"167":{"start":{"line":553,"column":31},"end":{"line":553,"column":null}},"168":{"start":{"line":565,"column":29},"end":{"line":565,"column":null}},"169":{"start":{"line":565,"column":50},"end":{"line":565,"column":52}},"170":{"start":{"line":576,"column":31},"end":{"line":576,"column":null}},"171":{"start":{"line":589,"column":25},"end":{"line":589,"column":null}},"172":{"start":{"line":609,"column":29},"end":{"line":609,"column":null}},"173":{"start":{"line":613,"column":14},"end":{"line":615,"column":null}},"174":{"start":{"line":621,"column":27},"end":{"line":621,"column":null}},"175":{"start":{"line":655,"column":29},"end":{"line":655,"column":null}},"176":{"start":{"line":664,"column":29},"end":{"line":664,"column":null}},"177":{"start":{"line":674,"column":16},"end":{"line":674,"column":null}},"178":{"start":{"line":675,"column":16},"end":{"line":675,"column":null}},"179":{"start":{"line":688,"column":2},"end":{"line":773,"column":null}},"180":{"start":{"line":704,"column":83},"end":{"line":704,"column":97}},"181":{"start":{"line":709,"column":83},"end":{"line":709,"column":98}},"182":{"start":{"line":736,"column":26},"end":{"line":741,"column":null}},"183":{"start":{"line":742,"column":24},"end":{"line":747,"column":null}},"184":{"start":{"line":748,"column":18},"end":{"line":750,"column":null}},"185":{"start":{"line":749,"column":21},"end":{"line":749,"column":null}},"186":{"start":{"line":751,"column":12},"end":{"line":768,"column":null}}},"fnMap":{"0":{"name":"compareFavoritesFirst","decl":{"start":{"line":84,"column":16},"end":{"line":84,"column":38}},"loc":{"start":{"line":84,"column":78},"end":{"line":89,"column":null}},"line":84},"1":{"name":"isUnread","decl":{"start":{"line":139,"column":9},"end":{"line":139,"column":18}},"loc":{"start":{"line":139,"column":44},"end":{"line":141,"column":null}},"line":139},"2":{"name":"resolveBulkFavorite","decl":{"start":{"line":150,"column":16},"end":{"line":150,"column":null}},"loc":{"start":{"line":153,"column":40},"end":{"line":161,"column":null}},"line":153},"3":{"name":"(anonymous_3)","decl":{"start":{"line":156,"column":9},"end":{"line":156,"column":16}},"loc":{"start":{"line":156,"column":22},"end":{"line":159,"column":5}},"line":156},"4":{"name":"(anonymous_4)","decl":{"start":{"line":157,"column":21},"end":{"line":157,"column":27}},"loc":{"start":{"line":157,"column":33},"end":{"line":157,"column":44}},"line":157},"5":{"name":"shortRepo","decl":{"start":{"line":164,"column":9},"end":{"line":164,"column":19}},"loc":{"start":{"line":164,"column":41},"end":{"line":167,"column":null}},"line":164},"6":{"name":"searchText","decl":{"start":{"line":170,"column":9},"end":{"line":170,"column":20}},"loc":{"start":{"line":170,"column":45},"end":{"line":185,"column":null}},"line":170},"7":{"name":"PrTileList","decl":{"start":{"line":190,"column":16},"end":{"line":190,"column":27}},"loc":{"start":{"line":215,"column":10},"end":{"line":775,"column":null}},"line":215},"8":{"name":"(anonymous_8)","decl":{"start":{"line":223,"column":36},"end":{"line":223,"column":72}},"loc":{"start":{"line":223,"column":72},"end":{"line":223,"column":81}},"line":223},"9":{"name":"(anonymous_9)","decl":{"start":{"line":226,"column":8},"end":{"line":226,"column":23}},"loc":{"start":{"line":226,"column":46},"end":{"line":231,"column":null}},"line":226},"10":{"name":"(anonymous_10)","decl":{"start":{"line":233,"column":2},"end":{"line":233,"column":18}},"loc":{"start":{"line":233,"column":18},"end":{"line":245,"column":5}},"line":233},"11":{"name":"(anonymous_11)","decl":{"start":{"line":235,"column":55},"end":{"line":235,"column":61}},"loc":{"start":{"line":235,"column":71},"end":{"line":237,"column":5}},"line":235},"12":{"name":"(anonymous_12)","decl":{"start":{"line":238,"column":55},"end":{"line":238,"column":61}},"loc":{"start":{"line":238,"column":71},"end":{"line":241,"column":5}},"line":238},"13":{"name":"(anonymous_13)","decl":{"start":{"line":242,"column":4},"end":{"line":242,"column":17}},"loc":{"start":{"line":242,"column":17},"end":{"line":244,"column":null}},"line":242},"14":{"name":"(anonymous_14)","decl":{"start":{"line":247,"column":8},"end":{"line":247,"column":28}},"loc":{"start":{"line":247,"column":47},"end":{"line":250,"column":null}},"line":247},"15":{"name":"(anonymous_15)","decl":{"start":{"line":252,"column":8},"end":{"line":252,"column":26}},"loc":{"start":{"line":252,"column":53},"end":{"line":260,"column":null}},"line":252},"16":{"name":"(anonymous_16)","decl":{"start":{"line":253,"column":4},"end":{"line":253,"column":18}},"loc":{"start":{"line":253,"column":27},"end":{"line":259,"column":5}},"line":253},"17":{"name":"(anonymous_17)","decl":{"start":{"line":265,"column":16},"end":{"line":265,"column":30}},"loc":{"start":{"line":265,"column":30},"end":{"line":272,"column":5}},"line":265},"18":{"name":"(anonymous_18)","decl":{"start":{"line":277,"column":20},"end":{"line":277,"column":34}},"loc":{"start":{"line":277,"column":34},"end":{"line":281,"column":5}},"line":277},"19":{"name":"(anonymous_19)","decl":{"start":{"line":280,"column":15},"end":{"line":280,"column":23}},"loc":{"start":{"line":280,"column":30},"end":{"line":280,"column":53}},"line":280},"20":{"name":"(anonymous_20)","decl":{"start":{"line":286,"column":25},"end":{"line":286,"column":39}},"loc":{"start":{"line":286,"column":39},"end":{"line":290,"column":5}},"line":286},"21":{"name":"(anonymous_21)","decl":{"start":{"line":293,"column":19},"end":{"line":293,"column":33}},"loc":{"start":{"line":293,"column":33},"end":{"line":296,"column":5}},"line":293},"22":{"name":"(anonymous_22)","decl":{"start":{"line":295,"column":21},"end":{"line":295,"column":29}},"loc":{"start":{"line":295,"column":36},"end":{"line":295,"column":53}},"line":295},"23":{"name":"(anonymous_23)","decl":{"start":{"line":298,"column":19},"end":{"line":298,"column":33}},"loc":{"start":{"line":298,"column":33},"end":{"line":302,"column":5}},"line":298},"24":{"name":"(anonymous_24)","decl":{"start":{"line":301,"column":20},"end":{"line":301,"column":28}},"loc":{"start":{"line":301,"column":35},"end":{"line":301,"column":61}},"line":301},"25":{"name":"(anonymous_25)","decl":{"start":{"line":304,"column":16},"end":{"line":304,"column":30}},"loc":{"start":{"line":304,"column":30},"end":{"line":349,"column":5}},"line":304},"26":{"name":"(anonymous_26)","decl":{"start":{"line":313,"column":10},"end":{"line":313,"column":16}},"loc":{"start":{"line":313,"column":25},"end":{"line":347,"column":5}},"line":313},"27":{"name":"(anonymous_27)","decl":{"start":{"line":351,"column":21},"end":{"line":351,"column":null}},"loc":{"start":{"line":352,"column":10},"end":{"line":352,"column":null}},"line":352},"28":{"name":"(anonymous_28)","decl":{"start":{"line":359,"column":22},"end":{"line":359,"column":36}},"loc":{"start":{"line":359,"column":36},"end":{"line":359,"column":71}},"line":359},"29":{"name":"(anonymous_29)","decl":{"start":{"line":362,"column":20},"end":{"line":362,"column":34}},"loc":{"start":{"line":362,"column":34},"end":{"line":362,"column":61}},"line":362},"30":{"name":"(anonymous_30)","decl":{"start":{"line":362,"column":40},"end":{"line":362,"column":45}},"loc":{"start":{"line":362,"column":52},"end":{"line":362,"column":58}},"line":362},"31":{"name":"(anonymous_31)","decl":{"start":{"line":363,"column":24},"end":{"line":363,"column":null}},"loc":{"start":{"line":364,"column":10},"end":{"line":364,"column":null}},"line":364},"32":{"name":"(anonymous_32)","decl":{"start":{"line":364,"column":20},"end":{"line":364,"column":28}},"loc":{"start":{"line":364,"column":34},"end":{"line":364,"column":49}},"line":364},"33":{"name":"(anonymous_33)","decl":{"start":{"line":370,"column":8},"end":{"line":370,"column":24}},"loc":{"start":{"line":370,"column":40},"end":{"line":377,"column":null}},"line":370},"34":{"name":"(anonymous_34)","decl":{"start":{"line":371,"column":4},"end":{"line":371,"column":17}},"loc":{"start":{"line":371,"column":26},"end":{"line":376,"column":5}},"line":371},"35":{"name":"(anonymous_35)","decl":{"start":{"line":379,"column":8},"end":{"line":379,"column":32}},"loc":{"start":{"line":379,"column":32},"end":{"line":386,"column":null}},"line":379},"36":{"name":"(anonymous_36)","decl":{"start":{"line":388,"column":8},"end":{"line":388,"column":31}},"loc":{"start":{"line":388,"column":31},"end":{"line":388,"column":null}},"line":388},"37":{"name":"(anonymous_37)","decl":{"start":{"line":394,"column":41},"end":{"line":394,"column":48}},"loc":{"start":{"line":394,"column":54},"end":{"line":397,"column":3}},"line":394},"38":{"name":"(anonymous_38)","decl":{"start":{"line":395,"column":19},"end":{"line":395,"column":25}},"loc":{"start":{"line":395,"column":31},"end":{"line":395,"column":42}},"line":395},"39":{"name":"(anonymous_39)","decl":{"start":{"line":440,"column":8},"end":{"line":440,"column":23}},"loc":{"start":{"line":440,"column":23},"end":{"line":440,"column":null}},"line":440},"40":{"name":"(anonymous_40)","decl":{"start":{"line":450,"column":8},"end":{"line":450,"column":23}},"loc":{"start":{"line":450,"column":23},"end":{"line":450,"column":null}},"line":450},"41":{"name":"(anonymous_41)","decl":{"start":{"line":469,"column":12},"end":{"line":469,"column":27}},"loc":{"start":{"line":469,"column":27},"end":{"line":469,"column":null}},"line":469},"42":{"name":"(anonymous_42)","decl":{"start":{"line":474,"column":24},"end":{"line":474,"column":29}},"loc":{"start":{"line":474,"column":35},"end":{"line":489,"column":11}},"line":474},"43":{"name":"(anonymous_43)","decl":{"start":{"line":483,"column":16},"end":{"line":483,"column":31}},"loc":{"start":{"line":483,"column":31},"end":{"line":483,"column":null}},"line":483},"44":{"name":"(anonymous_44)","decl":{"start":{"line":502,"column":12},"end":{"line":502,"column":18}},"loc":{"start":{"line":502,"column":25},"end":{"line":504,"column":null}},"line":502},"45":{"name":"(anonymous_45)","decl":{"start":{"line":524,"column":12},"end":{"line":524,"column":23}},"loc":{"start":{"line":524,"column":29},"end":{"line":524,"column":null}},"line":524},"46":{"name":"(anonymous_46)","decl":{"start":{"line":533,"column":10},"end":{"line":533,"column":25}},"loc":{"start":{"line":533,"column":25},"end":{"line":533,"column":null}},"line":533},"47":{"name":"(anonymous_47)","decl":{"start":{"line":533,"column":25},"end":{"line":533,"column":42}},"loc":{"start":{"line":533,"column":48},"end":{"line":533,"column":50}},"line":533},"48":{"name":"(anonymous_48)","decl":{"start":{"line":547,"column":12},"end":{"line":547,"column":27}},"loc":{"start":{"line":547,"column":27},"end":{"line":547,"column":null}},"line":547},"49":{"name":"(anonymous_49)","decl":{"start":{"line":548,"column":12},"end":{"line":548,"column":27}},"loc":{"start":{"line":549,"column":14},"end":{"line":551,"column":null}},"line":549},"50":{"name":"(anonymous_50)","decl":{"start":{"line":550,"column":50},"end":{"line":550,"column":58}},"loc":{"start":{"line":550,"column":64},"end":{"line":550,"column":71}},"line":550},"51":{"name":"(anonymous_51)","decl":{"start":{"line":553,"column":12},"end":{"line":553,"column":31}},"loc":{"start":{"line":553,"column":31},"end":{"line":553,"column":null}},"line":553},"52":{"name":"(anonymous_52)","decl":{"start":{"line":565,"column":14},"end":{"line":565,"column":29}},"loc":{"start":{"line":565,"column":29},"end":{"line":565,"column":null}},"line":565},"53":{"name":"(anonymous_53)","decl":{"start":{"line":565,"column":29},"end":{"line":565,"column":44}},"loc":{"start":{"line":565,"column":50},"end":{"line":565,"column":52}},"line":565},"54":{"name":"(anonymous_54)","decl":{"start":{"line":576,"column":16},"end":{"line":576,"column":31}},"loc":{"start":{"line":576,"column":31},"end":{"line":576,"column":null}},"line":576},"55":{"name":"(anonymous_55)","decl":{"start":{"line":589,"column":10},"end":{"line":589,"column":25}},"loc":{"start":{"line":589,"column":25},"end":{"line":589,"column":null}},"line":589},"56":{"name":"(anonymous_56)","decl":{"start":{"line":609,"column":12},"end":{"line":609,"column":23}},"loc":{"start":{"line":609,"column":29},"end":{"line":609,"column":null}},"line":609},"57":{"name":"(anonymous_57)","decl":{"start":{"line":612,"column":25},"end":{"line":612,"column":30}},"loc":{"start":{"line":613,"column":14},"end":{"line":615,"column":null}},"line":613},"58":{"name":"(anonymous_58)","decl":{"start":{"line":621,"column":12},"end":{"line":621,"column":27}},"loc":{"start":{"line":621,"column":27},"end":{"line":621,"column":null}},"line":621},"59":{"name":"(anonymous_59)","decl":{"start":{"line":655,"column":14},"end":{"line":655,"column":29}},"loc":{"start":{"line":655,"column":29},"end":{"line":655,"column":null}},"line":655},"60":{"name":"(anonymous_60)","decl":{"start":{"line":664,"column":14},"end":{"line":664,"column":29}},"loc":{"start":{"line":664,"column":29},"end":{"line":664,"column":null}},"line":664},"61":{"name":"(anonymous_61)","decl":{"start":{"line":673,"column":14},"end":{"line":673,"column":29}},"loc":{"start":{"line":673,"column":29},"end":{"line":676,"column":null}},"line":673},"62":{"name":"(anonymous_62)","decl":{"start":{"line":704,"column":68},"end":{"line":704,"column":83}},"loc":{"start":{"line":704,"column":83},"end":{"line":704,"column":97}},"line":704},"63":{"name":"(anonymous_63)","decl":{"start":{"line":709,"column":68},"end":{"line":709,"column":83}},"loc":{"start":{"line":709,"column":83},"end":{"line":709,"column":98}},"line":709},"64":{"name":"(anonymous_64)","decl":{"start":{"line":732,"column":17},"end":{"line":732,"column":22}},"loc":{"start":{"line":732,"column":29},"end":{"line":770,"column":11}},"line":732},"65":{"name":"(anonymous_65)","decl":{"start":{"line":748,"column":49},"end":{"line":748,"column":null}},"loc":{"start":{"line":749,"column":21},"end":{"line":749,"column":null}},"line":749}},"branchMap":{"0":{"loc":{"start":{"line":85,"column":13},"end":{"line":85,"column":null}},"type":"cond-expr","locations":[{"start":{"line":85,"column":26},"end":{"line":85,"column":30}},{"start":{"line":85,"column":30},"end":{"line":85,"column":null}}],"line":85},"1":{"loc":{"start":{"line":86,"column":13},"end":{"line":86,"column":null}},"type":"cond-expr","locations":[{"start":{"line":86,"column":26},"end":{"line":86,"column":30}},{"start":{"line":86,"column":30},"end":{"line":86,"column":null}}],"line":86},"2":{"loc":{"start":{"line":87,"column":2},"end":{"line":87,"column":null}},"type":"if","locations":[{"start":{"line":87,"column":2},"end":{"line":87,"column":null}},{"start":{},"end":{}}],"line":87},"3":{"loc":{"start":{"line":140,"column":9},"end":{"line":140,"column":null}},"type":"binary-expr","locations":[{"start":{"line":140,"column":9},"end":{"line":140,"column":32}},{"start":{"line":140,"column":32},"end":{"line":140,"column":null}}],"line":140},"4":{"loc":{"start":{"line":140,"column":55},"end":{"line":140,"column":null}},"type":"binary-expr","locations":[{"start":{"line":140,"column":55},"end":{"line":140,"column":72}},{"start":{"line":140,"column":72},"end":{"line":140,"column":null}}],"line":140},"5":{"loc":{"start":{"line":155,"column":4},"end":{"line":159,"column":null}},"type":"binary-expr","locations":[{"start":{"line":155,"column":4},"end":{"line":155,"column":null}},{"start":{"line":156,"column":4},"end":{"line":159,"column":null}}],"line":155},"6":{"loc":{"start":{"line":158,"column":13},"end":{"line":158,"column":null}},"type":"cond-expr","locations":[{"start":{"line":158,"column":18},"end":{"line":158,"column":41}},{"start":{"line":158,"column":41},"end":{"line":158,"column":null}}],"line":158},"7":{"loc":{"start":{"line":160,"column":9},"end":{"line":160,"column":null}},"type":"cond-expr","locations":[{"start":{"line":160,"column":23},"end":{"line":160,"column":66}},{"start":{"line":160,"column":66},"end":{"line":160,"column":null}}],"line":160},"8":{"loc":{"start":{"line":166,"column":9},"end":{"line":166,"column":null}},"type":"cond-expr","locations":[{"start":{"line":166,"column":18},"end":{"line":166,"column":38}},{"start":{"line":166,"column":38},"end":{"line":166,"column":null}}],"line":166},"9":{"loc":{"start":{"line":171,"column":19},"end":{"line":171,"column":null}},"type":"binary-expr","locations":[{"start":{"line":171,"column":19},"end":{"line":171,"column":34}},{"start":{"line":171,"column":34},"end":{"line":171,"column":88}},{"start":{"line":171,"column":88},"end":{"line":171,"column":null}}],"line":171},"10":{"loc":{"start":{"line":177,"column":4},"end":{"line":177,"column":null}},"type":"binary-expr","locations":[{"start":{"line":177,"column":4},"end":{"line":177,"column":22}},{"start":{"line":177,"column":22},"end":{"line":177,"column":null}}],"line":177},"11":{"loc":{"start":{"line":178,"column":4},"end":{"line":178,"column":null}},"type":"binary-expr","locations":[{"start":{"line":178,"column":4},"end":{"line":178,"column":22}},{"start":{"line":178,"column":22},"end":{"line":178,"column":null}}],"line":178},"12":{"loc":{"start":{"line":213,"column":12},"end":{"line":213,"column":null}},"type":"default-arg","locations":[{"start":{"line":213,"column":27},"end":{"line":213,"column":null}}],"line":213},"13":{"loc":{"start":{"line":225,"column":19},"end":{"line":225,"column":null}},"type":"cond-expr","locations":[{"start":{"line":225,"column":38},"end":{"line":225,"column":53}},{"start":{"line":225,"column":53},"end":{"line":225,"column":null}}],"line":225},"14":{"loc":{"start":{"line":227,"column":4},"end":{"line":227,"column":null}},"type":"if","locations":[{"start":{"line":227,"column":4},"end":{"line":227,"column":null}},{"start":{},"end":{}}],"line":227},"15":{"loc":{"start":{"line":228,"column":4},"end":{"line":228,"column":null}},"type":"if","locations":[{"start":{"line":228,"column":4},"end":{"line":228,"column":null}},{"start":{},"end":{}}],"line":228},"16":{"loc":{"start":{"line":229,"column":4},"end":{"line":230,"column":null}},"type":"if","locations":[{"start":{"line":229,"column":4},"end":{"line":230,"column":null}},{"start":{"line":230,"column":9},"end":{"line":230,"column":null}}],"line":229},"17":{"loc":{"start":{"line":236,"column":6},"end":{"line":236,"column":null}},"type":"if","locations":[{"start":{"line":236,"column":6},"end":{"line":236,"column":null}},{"start":{},"end":{}}],"line":236},"18":{"loc":{"start":{"line":236,"column":10},"end":{"line":236,"column":47}},"type":"binary-expr","locations":[{"start":{"line":236,"column":10},"end":{"line":236,"column":19}},{"start":{"line":236,"column":19},"end":{"line":236,"column":47}}],"line":236},"19":{"loc":{"start":{"line":239,"column":6},"end":{"line":239,"column":null}},"type":"if","locations":[{"start":{"line":239,"column":6},"end":{"line":239,"column":null}},{"start":{},"end":{}}],"line":239},"20":{"loc":{"start":{"line":239,"column":10},"end":{"line":239,"column":43}},"type":"binary-expr","locations":[{"start":{"line":239,"column":10},"end":{"line":239,"column":20}},{"start":{"line":239,"column":20},"end":{"line":239,"column":43}}],"line":239},"21":{"loc":{"start":{"line":255,"column":6},"end":{"line":256,"column":null}},"type":"if","locations":[{"start":{"line":255,"column":6},"end":{"line":256,"column":null}},{"start":{"line":256,"column":11},"end":{"line":256,"column":null}}],"line":255},"22":{"loc":{"start":{"line":269,"column":6},"end":{"line":269,"column":null}},"type":"if","locations":[{"start":{"line":269,"column":6},"end":{"line":269,"column":null}},{"start":{},"end":{}}],"line":269},"23":{"loc":{"start":{"line":278,"column":4},"end":{"line":278,"column":null}},"type":"if","locations":[{"start":{"line":278,"column":4},"end":{"line":278,"column":null}},{"start":{},"end":{}}],"line":278},"24":{"loc":{"start":{"line":288,"column":50},"end":{"line":288,"column":75}},"type":"binary-expr","locations":[{"start":{"line":288,"column":50},"end":{"line":288,"column":70}},{"start":{"line":288,"column":70},"end":{"line":288,"column":75}}],"line":288},"25":{"loc":{"start":{"line":294,"column":4},"end":{"line":294,"column":null}},"type":"if","locations":[{"start":{"line":294,"column":4},"end":{"line":294,"column":null}},{"start":{},"end":{}}],"line":294},"26":{"loc":{"start":{"line":300,"column":4},"end":{"line":300,"column":null}},"type":"if","locations":[{"start":{"line":300,"column":4},"end":{"line":300,"column":null}},{"start":{},"end":{}}],"line":300},"27":{"loc":{"start":{"line":305,"column":16},"end":{"line":305,"column":null}},"type":"cond-expr","locations":[{"start":{"line":305,"column":36},"end":{"line":305,"column":40}},{"start":{"line":305,"column":40},"end":{"line":305,"column":null}}],"line":305},"28":{"loc":{"start":{"line":309,"column":4},"end":{"line":312,"column":null}},"type":"if","locations":[{"start":{"line":309,"column":4},"end":{"line":312,"column":null}},{"start":{},"end":{}}],"line":309},"29":{"loc":{"start":{"line":315,"column":6},"end":{"line":338,"column":null}},"type":"switch","locations":[{"start":{"line":316,"column":8},"end":{"line":318,"column":null}},{"start":{"line":319,"column":8},"end":{"line":323,"column":null}},{"start":{"line":324,"column":8},"end":{"line":326,"column":null}},{"start":{"line":327,"column":8},"end":{"line":327,"column":null}},{"start":{"line":328,"column":8},"end":{"line":337,"column":null}}],"line":315},"30":{"loc":{"start":{"line":317,"column":17},"end":{"line":317,"column":38}},"type":"binary-expr","locations":[{"start":{"line":317,"column":17},"end":{"line":317,"column":32}},{"start":{"line":317,"column":32},"end":{"line":317,"column":38}}],"line":317},"31":{"loc":{"start":{"line":317,"column":38},"end":{"line":317,"column":null}},"type":"binary-expr","locations":[{"start":{"line":317,"column":38},"end":{"line":317,"column":53}},{"start":{"line":317,"column":53},"end":{"line":317,"column":null}}],"line":317},"32":{"loc":{"start":{"line":335,"column":13},"end":{"line":335,"column":null}},"type":"binary-expr","locations":[{"start":{"line":335,"column":13},"end":{"line":335,"column":28}},{"start":{"line":335,"column":28},"end":{"line":335,"column":45}},{"start":{"line":335,"column":45},"end":{"line":335,"column":null}}],"line":335},"33":{"loc":{"start":{"line":336,"column":13},"end":{"line":336,"column":null}},"type":"binary-expr","locations":[{"start":{"line":336,"column":13},"end":{"line":336,"column":28}},{"start":{"line":336,"column":28},"end":{"line":336,"column":45}},{"start":{"line":336,"column":45},"end":{"line":336,"column":null}}],"line":336},"34":{"loc":{"start":{"line":339,"column":6},"end":{"line":345,"column":null}},"type":"if","locations":[{"start":{"line":339,"column":6},"end":{"line":345,"column":null}},{"start":{},"end":{}}],"line":339},"35":{"loc":{"start":{"line":341,"column":19},"end":{"line":341,"column":null}},"type":"cond-expr","locations":[{"start":{"line":341,"column":33},"end":{"line":341,"column":37}},{"start":{"line":341,"column":37},"end":{"line":341,"column":null}}],"line":341},"36":{"loc":{"start":{"line":342,"column":19},"end":{"line":342,"column":null}},"type":"cond-expr","locations":[{"start":{"line":342,"column":33},"end":{"line":342,"column":37}},{"start":{"line":342,"column":37},"end":{"line":342,"column":null}}],"line":342},"37":{"loc":{"start":{"line":343,"column":8},"end":{"line":343,"column":null}},"type":"if","locations":[{"start":{"line":343,"column":8},"end":{"line":343,"column":null}},{"start":{},"end":{}}],"line":343},"38":{"loc":{"start":{"line":344,"column":16},"end":{"line":344,"column":37}},"type":"binary-expr","locations":[{"start":{"line":344,"column":16},"end":{"line":344,"column":31}},{"start":{"line":344,"column":31},"end":{"line":344,"column":37}}],"line":344},"39":{"loc":{"start":{"line":344,"column":37},"end":{"line":344,"column":null}},"type":"binary-expr","locations":[{"start":{"line":344,"column":37},"end":{"line":344,"column":52}},{"start":{"line":344,"column":52},"end":{"line":344,"column":null}}],"line":344},"40":{"loc":{"start":{"line":367,"column":27},"end":{"line":367,"column":null}},"type":"binary-expr","locations":[{"start":{"line":367,"column":27},"end":{"line":367,"column":47}},{"start":{"line":367,"column":47},"end":{"line":367,"column":null}}],"line":367},"41":{"loc":{"start":{"line":368,"column":28},"end":{"line":368,"column":null}},"type":"binary-expr","locations":[{"start":{"line":368,"column":28},"end":{"line":368,"column":56}},{"start":{"line":368,"column":56},"end":{"line":368,"column":null}}],"line":368},"42":{"loc":{"start":{"line":373,"column":6},"end":{"line":374,"column":null}},"type":"if","locations":[{"start":{"line":373,"column":6},"end":{"line":374,"column":null}},{"start":{"line":374,"column":11},"end":{"line":374,"column":null}}],"line":373},"43":{"loc":{"start":{"line":380,"column":4},"end":{"line":385,"column":null}},"type":"if","locations":[{"start":{"line":380,"column":4},"end":{"line":385,"column":null}},{"start":{"line":383,"column":11},"end":{"line":385,"column":null}}],"line":380},"44":{"loc":{"start":{"line":380,"column":8},"end":{"line":380,"column":47}},"type":"binary-expr","locations":[{"start":{"line":380,"column":8},"end":{"line":380,"column":28}},{"start":{"line":380,"column":28},"end":{"line":380,"column":47}}],"line":380},"45":{"loc":{"start":{"line":392,"column":26},"end":{"line":392,"column":null}},"type":"cond-expr","locations":[{"start":{"line":392,"column":53},"end":{"line":392,"column":69}},{"start":{"line":392,"column":69},"end":{"line":392,"column":null}}],"line":392},"46":{"loc":{"start":{"line":396,"column":11},"end":{"line":396,"column":null}},"type":"cond-expr","locations":[{"start":{"line":396,"column":16},"end":{"line":396,"column":32}},{"start":{"line":396,"column":32},"end":{"line":396,"column":null}}],"line":396},"47":{"loc":{"start":{"line":407,"column":2},"end":{"line":431,"column":null}},"type":"if","locations":[{"start":{"line":407,"column":2},"end":{"line":431,"column":null}},{"start":{},"end":{}}],"line":407},"48":{"loc":{"start":{"line":409,"column":4},"end":{"line":422,"column":null}},"type":"if","locations":[{"start":{"line":409,"column":4},"end":{"line":422,"column":null}},{"start":{},"end":{}}],"line":409},"49":{"loc":{"start":{"line":410,"column":22},"end":{"line":410,"column":null}},"type":"binary-expr","locations":[{"start":{"line":410,"column":22},"end":{"line":410,"column":33}},{"start":{"line":410,"column":33},"end":{"line":410,"column":null}}],"line":410},"50":{"loc":{"start":{"line":413,"column":11},"end":{"line":413,"column":null}},"type":"cond-expr","locations":[{"start":{"line":413,"column":21},"end":{"line":413,"column":79}},{"start":{"line":413,"column":78},"end":{"line":413,"column":null}}],"line":413},"51":{"loc":{"start":{"line":414,"column":15},"end":{"line":414,"column":70}},"type":"cond-expr","locations":[{"start":{"line":414,"column":25},"end":{"line":414,"column":52}},{"start":{"line":414,"column":52},"end":{"line":414,"column":70}}],"line":414},"52":{"loc":{"start":{"line":416,"column":13},"end":{"line":418,"column":null}},"type":"cond-expr","locations":[{"start":{"line":417,"column":16},"end":{"line":417,"column":null}},{"start":{"line":418,"column":16},"end":{"line":418,"column":null}}],"line":416},"53":{"loc":{"start":{"line":462,"column":7},"end":{"line":490,"column":null}},"type":"binary-expr","locations":[{"start":{"line":462,"column":7},"end":{"line":462,"column":null}},{"start":{"line":463,"column":8},"end":{"line":490,"column":null}}],"line":462},"54":{"loc":{"start":{"line":468,"column":42},"end":{"line":468,"column":null}},"type":"cond-expr","locations":[{"start":{"line":468,"column":58},"end":{"line":468,"column":69}},{"start":{"line":468,"column":69},"end":{"line":468,"column":null}}],"line":468},"55":{"loc":{"start":{"line":475,"column":22},"end":{"line":475,"column":null}},"type":"binary-expr","locations":[{"start":{"line":475,"column":22},"end":{"line":475,"column":47}},{"start":{"line":475,"column":47},"end":{"line":475,"column":null}}],"line":475},"56":{"loc":{"start":{"line":482,"column":68},"end":{"line":482,"column":null}},"type":"cond-expr","locations":[{"start":{"line":482,"column":80},"end":{"line":482,"column":91}},{"start":{"line":482,"column":91},"end":{"line":482,"column":null}}],"line":482},"57":{"loc":{"start":{"line":497,"column":9},"end":{"line":508,"column":null}},"type":"binary-expr","locations":[{"start":{"line":497,"column":9},"end":{"line":497,"column":null}},{"start":{"line":498,"column":8},"end":{"line":508,"column":null}}],"line":497},"58":{"loc":{"start":{"line":498,"column":49},"end":{"line":498,"column":null}},"type":"cond-expr","locations":[{"start":{"line":498,"column":68},"end":{"line":498,"column":88}},{"start":{"line":498,"column":88},"end":{"line":498,"column":null}}],"line":498},"59":{"loc":{"start":{"line":503,"column":14},"end":{"line":503,"column":null}},"type":"if","locations":[{"start":{"line":503,"column":14},"end":{"line":503,"column":null}},{"start":{},"end":{}}],"line":503},"60":{"loc":{"start":{"line":506,"column":24},"end":{"line":506,"column":null}},"type":"cond-expr","locations":[{"start":{"line":506,"column":43},"end":{"line":506,"column":63}},{"start":{"line":506,"column":63},"end":{"line":506,"column":null}}],"line":506},"61":{"loc":{"start":{"line":511,"column":9},"end":{"line":514,"column":null}},"type":"binary-expr","locations":[{"start":{"line":511,"column":9},"end":{"line":511,"column":null}},{"start":{"line":512,"column":8},"end":{"line":514,"column":null}}],"line":511},"62":{"loc":{"start":{"line":532,"column":44},"end":{"line":532,"column":null}},"type":"cond-expr","locations":[{"start":{"line":532,"column":67},"end":{"line":532,"column":81}},{"start":{"line":532,"column":81},"end":{"line":532,"column":null}}],"line":532},"63":{"loc":{"start":{"line":538,"column":21},"end":{"line":538,"column":null}},"type":"binary-expr","locations":[{"start":{"line":538,"column":21},"end":{"line":538,"column":45}},{"start":{"line":538,"column":45},"end":{"line":538,"column":null}}],"line":538},"64":{"loc":{"start":{"line":542,"column":9},"end":{"line":555,"column":null}},"type":"binary-expr","locations":[{"start":{"line":542,"column":9},"end":{"line":542,"column":null}},{"start":{"line":543,"column":10},"end":{"line":555,"column":null}}],"line":542},"65":{"loc":{"start":{"line":550,"column":16},"end":{"line":550,"column":null}},"type":"cond-expr","locations":[{"start":{"line":550,"column":40},"end":{"line":550,"column":75}},{"start":{"line":550,"column":75},"end":{"line":550,"column":null}}],"line":550},"66":{"loc":{"start":{"line":558,"column":9},"end":{"line":582,"column":null}},"type":"binary-expr","locations":[{"start":{"line":558,"column":9},"end":{"line":558,"column":null}},{"start":{"line":559,"column":10},"end":{"line":582,"column":null}}],"line":558},"67":{"loc":{"start":{"line":562,"column":48},"end":{"line":562,"column":null}},"type":"cond-expr","locations":[{"start":{"line":562,"column":61},"end":{"line":562,"column":75}},{"start":{"line":562,"column":75},"end":{"line":562,"column":null}}],"line":562},"68":{"loc":{"start":{"line":570,"column":13},"end":{"line":582,"column":null}},"type":"binary-expr","locations":[{"start":{"line":570,"column":13},"end":{"line":570,"column":null}},{"start":{"line":571,"column":14},"end":{"line":582,"column":null}}],"line":570},"69":{"loc":{"start":{"line":573,"column":50},"end":{"line":573,"column":null}},"type":"cond-expr","locations":[{"start":{"line":573,"column":62},"end":{"line":573,"column":76}},{"start":{"line":573,"column":76},"end":{"line":573,"column":null}}],"line":573},"70":{"loc":{"start":{"line":575,"column":23},"end":{"line":575,"column":null}},"type":"cond-expr","locations":[{"start":{"line":575,"column":35},"end":{"line":575,"column":58}},{"start":{"line":575,"column":58
[...]
3,"102":13,"103":0,"104":0,"105":28,"106":28,"107":41,"108":32,"109":32,"110":32,"111":5,"112":27,"113":9,"114":100,"115":153,"116":102,"117":153,"118":94,"119":153,"120":102,"121":139,"122":153,"123":113,"124":166,"125":153,"126":153,"127":153,"128":4,"129":4,"130":4,"131":0,"132":4,"133":4,"134":153,"135":6,"136":1,"137":5,"138":153,"139":1,"140":153,"141":153,"142":197,"143":258,"144":197,"145":153,"146":153,"147":3,"148":2,"149":2,"150":1,"151":150,"152":1,"153":2,"154":150,"155":0,"156":504,"157":504,"158":2,"159":84,"160":56,"161":5,"162":2,"163":2,"164":0,"165":1,"166":0,"167":1,"168":0,"169":0,"170":1,"171":2,"172":1,"173":280,"174":1,"175":2,"176":2,"177":1,"178":1,"179":153,"180":0,"181":0,"182":99,"183":99,"184":99,"185":0,"186":99},"f":{"0":5,"1":393,"2":157,"3":15,"4":18,"5":9,"6":9,"7":153,"8":63,"9":3,"10":63,"11":63,"12":63,"13":26,"14":1,"15":1,"16":1,"17":94,"18":94,"19":4,"20":94,"21":97,"22":4,"23":102,"24":9,"25":102,"26":41,"27":102,"28":94,"29":102,"30":139,"31":113,"32":166,"33":4,"34":4,"35":6,"36":1,"37":197,"38":258,"39":1,"40":2,"41":0,"42":504,"43":2,"44":84,"45":5,"46":2,"47":2,"48":0,"49":1,"50":0,"51":1,"52":0,"53":0,"54":1,"55":2,"56":1,"57":280,"58":1,"59":2,"60":2,"61":1,"62":0,"63":0,"64":99,"65":0},"b":{"0":[4,1],"1":[3,2],"2":[3,2],"3":[393,384],"4":[384,176],"5":[157,12],"6":[15,0],"7":[2,155],"8":[9,0],"9":[9,9,9],"10":[9,0],"11":[9,0],"12":[153],"13":[93,60],"14":[2,1],"15":[1,2],"16":[1,2],"17":[0,63],"18":[63,63],"19":[63,0],"20":[63,63],"21":[0,1],"22":[95,39],"23":[92,2],"24":[132,104],"25":[95,2],"26":[97,5],"27":[58,44],"28":[2,100],"29":[0,13,0,28,28],"30":[0,0],"31":[0,0],"32":[28,26,0],"33":[28,27,0],"34":[32,9],"35":[5,27],"36":[10,22],"37":[5,27],"38":[27,4],"39":[32,4],"40":[153,148],"41":[153,9],"42":[0,4],"43":[1,5],"44":[6,5],"45":[9,144],"46":[197,0],"47":[3,150],"48":[2,1],"49":[2,1],"50":[1,1],"51":[1,1],"52":[1,1],"53":[150,56],"54":[54,2],"55":[504,441],"56":[2,502],"57":[153,56],"58":[5,51],"59":[56,28],"60":[5,51],"61":[153,56],"62":[2,148],"63":[153,2],"64":[153,2],"65":[0,1],"66":[153,94],"67":[0,94],"68":[94,94],"69":[2,92],"70":[2,92],"71":[0,92],"72":[2,92],"73":[153,56],"74":[9,47],"75":[5,4],"76":[41,6],"77":[46,10],"78":[56,10],"79":[153,56],"80":[0,1],"81":[2,54],"82":[7,47],"83":[7,49],"84":[7,49],"85":[153,9],"86":[5,4],"87":[5,4],"88":[5,4],"89":[8,1],"90":[94,56],"91":[2,148],"92":[2,0],"93":[2,2],"94":[2,0],"95":[94,54],"96":[99,93],"97":[99,93],"98":[99,93],"99":[99,93],"100":[99,93]},"meta":{"lastBranch":101,"lastFunction":66,"lastStatement":187,"seen":{"s:49:39:59:Infinity":0,"s:62:51:62:Infinity":1,"s:68:76:74:Infinity":2,"f:84:16:84:38":0,"s:85:13:85:Infinity":3,"b:85:26:85:30:85:30:85:Infinity":0,"s:86:13:86:Infinity":4,"b:86:26:86:30:86:30:86:Infinity":1,"b:87:2:87:Infinity:undefined:undefined:undefined:undefined":2,"s:87:2:87:Infinity":5,"s:87:17:87:Infinity":6,"s:88:2:88:Infinity":7,"f:139:9:139:18":1,"s:140:2:140:Infinity":8,"b:140:9:140:32:140:32:140:Infinity":3,"b:140:55:140:72:140:72:140:Infinity":4,"f:150:16:150:Infinity":2,"s:155:4:159:Infinity":9,"b:155:4:155:Infinity:156:4:159:Infinity":5,"f:156:9:156:16":3,"s:157:17:157:Infinity":10,"f:157:21:157:27":4,"s:157:33:157:44":11,"s:158:6:158:Infinity":12,"b:158:18:158:41:158:41:158:Infinity":6,"s:160:2:160:Infinity":13,"b:160:23:160:66:160:66:160:Infinity":7,"f:164:9:164:19":5,"s:165:12:165:Infinity":14,"s:166:2:166:Infinity":15,"b:166:18:166:38:166:38:166:Infinity":8,"f:170:9:170:20":6,"s:171:19:171:Infinity":16,"b:171:19:171:34:171:34:171:88:171:88:171:Infinity":9,"s:172:2:184:Infinity":17,"b:177:4:177:22:177:22:177:Infinity":10,"b:178:4:178:22:178:22:178:Infinity":11,"s:187:27:187:Infinity":18,"s:188:26:188:Infinity":19,"f:190:16:190:27":7,"b:213:27:213:Infinity":12,"s:216:24:216:Infinity":20,"s:217:28:217:Infinity":21,"s:218:34:218:Infinity":22,"s:219:42:219:Infinity":23,"s:220:36:220:Infinity":24,"s:221:38:221:Infinity":25,"s:222:36:222:Infinity":26,"s:223:36:223:Infinity":27,"f:223:36:223:72":8,"s:223:72:223:81":28,"s:224:21:224:Infinity":29,"s:225:19:225:Infinity":30,"b:225:38:225:53:225:53:225:Infinity":13,"s:226:8:231:Infinity":31,"f:226:8:226:23":9,"b:227:4:227:Infinity:undefined:undefined:undefined:undefined":14,"s:227:4:227:Infinity":32,"s:227:26:227:Infinity":33,"b:228:4:228:Infinity:undefined:undefined:undefined:undefined":15,"s:228:4:228:Infinity":34,"s:228:25:228:Infinity":35,"b:229:4:230:Infinity:230:9:230:Infinity":16,"s:229:4:230:Infinity":36,"s:229:26:229:Infinity":37,"s:230:9:230:Infinity":38,"s:233:2:245:Infinity":39,"f:233:2:233:18":10,"s:234:16:234:Infinity":40,"s:235:4:237:Infinity":41,"f:235:55:235:61":11,"b:236:6:236:Infinity:undefined:undefined:undefined:undefined":17,"s:236:6:236:Infinity":42,"b:236:10:236:19:236:19:236:47":18,"s:236:47:236:Infinity":43,"s:238:4:241:Infinity":44,"f:238:55:238:61":12,"b:239:6:239:Infinity:undefined:undefined:undefined:undefined":19,"s:239:6:239:Infinity":45,"b:239:10:239:20:239:20:239:43":20,"s:239:43:239:Infinity":46,"s:240:6:240:Infinity":47,"s:242:4:244:Infinity":48,"f:242:4:242:17":13,"s:243:6:243:Infinity":49,"s:247:8:250:Infinity":50,"f:247:8:247:28":14,"s:248:4:248:Infinity":51,"s:249:4:249:Infinity":52,"s:252:8:260:Infinity":53,"f:252:8:252:26":15,"s:253:4:259:Infinity":54,"f:253:4:253:18":16,"s:254:19:254:Infinity":55,"b:255:6:256:Infinity:256:11:256:Infinity":21,"s:255:6:256:Infinity":56,"s:255:28:255:Infinity":57,"s:256:11:256:Infinity":58,"s:257:6:257:Infinity":59,"s:258:6:258:Infinity":60,"s:265:16:272:Infinity":61,"f:265:16:265:30":17,"s:266:27:266:Infinity":62,"s:267:4:270:Infinity":63,"s:268:16:268:Infinity":64,"b:269:6:269:Infinity:undefined:undefined:undefined:undefined":22,"s:269:6:269:Infinity":65,"s:269:29:269:Infinity":66,"s:271:4:271:Infinity":67,"s:277:20:281:Infinity":68,"f:277:20:277:34":18,"b:278:4:278:Infinity:undefined:undefined:undefined:undefined":23,"s:278:4:278:Infinity":69,"s:278:32:278:Infinity":70,"s:279:16:279:Infinity":71,"s:280:4:280:Infinity":72,"f:280:15:280:23":19,"s:280:30:280:53":73,"s:286:25:290:Infinity":74,"f:286:25:286:39":20,"s:287:14:287:Infinity":75,"s:288:4:288:Infinity":76,"s:288:32:288:Infinity":77,"b:288:50:288:70:288:70:288:75":24,"s:289:4:289:Infinity":78,"s:293:19:296:Infinity":79,"f:293:19:293:33":21,"b:294:4:294:Infinity:undefined:undefined:undefined:undefined":25,"s:294:4:294:Infinity":80,"s:294:23:294:Infinity":81,"s:295:4:295:Infinity":82,"f:295:21:295:29":22,"s:295:36:295:53":83,"s:298:19:302:Infinity":84,"f:298:19:298:33":23,"s:299:14:299:Infinity":85,"b:300:4:300:Infinity:undefined:undefined:undefined:undefined":26,"s:300:4:300:Infinity":86,"s:300:12:300:Infinity":87,"s:301:4:301:Infinity":88,"f:301:20:301:28":24,"s:301:35:301:61":89,"s:304:16:349:Infinity":90,"f:304:16:304:30":25,"s:305:16:305:Infinity":91,"b:305:36:305:40:305:40:305:Infinity":27,"s:306:18:306:Infinity":92,"b:309:4:312:Infinity:undefined:undefined:undefined:undefined":28,"s:309:4:312:Infinity":93,"s:310:6:310:Infinity":94,"s:311:6:311:Infinity":95,"s:313:4:347:Infinity":96,"f:313:10:313:16":26,"s:314:16:314:Infinity":97,"b:316:8:318:Infinity:319:8:323:Infinity:324:8:326:Infinity:327:8:327:Infinity:328:8:337:Infinity":29,"s:315:6:338:Infinity":98,"s:317:10:317:Infinity":99,"b:317:17:317:32:317:32:317:38":30,"b:317:38:317:53:317:53:317:Infinity":31,"s:318:10:318:Infinity":100,"s:322:10:322:Infinity":101,"s:323:10:323:Infinity":102,"s:325:10:325:Infinity":103,"s:326:10:326:Infinity":104,"s:334:10:336:Infinity":105,"b:335:13:335:28:335:28:335:45:335:45:335:Infinity":32,"b:336:13:336:28:336:28:336:45:336:45:336:Infinity":33,"s:337:10:337:Infinity":106,"b:339:6:345:Infinity:undefined:undefined:undefined:undefined":34,"s:339:6:345:Infinity":107,"s:341:19:341:Infinity":108,"b:341:33:341:37:341:37:341:Infinity":35,"s:342:19:342:Infinity":109,"b:342:33:342:37:342:37:342:Infinity":36,"b:343:8:343:Infinity:undefined:undefined:undefined:undefined":37,"s:343:8:343:Infinity":110,"s:343:23:343:Infinity":111,"s:344:8:344:Infinity":112,"b:344:16:344:31:344:31:344:37":38,"b:344:37:344:52:344:52:344:Infinity":39,"s:346:6:346:Infinity":113,"s:348:4:348:Infinity":114,"s:351:21:354:Infinity":115,"f:351:21:351:Infinity":27,"s:352:10:352:Infinity":116,"s:359:22:359:Infinity":117,"f:359:22:359:36":28,"s:359:36:359:71":118,"s:362:20:362:Infinity":119,"f:362:20:362:34":29,"s:362:34:362:61":120,"f:362:40:362:45":30,"s:362:52:362:58":121,"s:363:24:366:Infinity":122,"f:363:24:363:Infinity":31,"s:364:10:364:Infinity":123,"f:364:20:364:28":32,"s:364:34:364:49":124,"s:367:27:367:Infinity":125,"b:367:27:367:47:367:47:367:Infinity":40,"s:368:28:368:Infinity":126,"b:368:28:368:56:368:56:368:Infinity":41,"s:370:8:377:Infinity":127,"f:370:8:370:24":33,"s:371:4:376:Infinity":128,"f:371:4:371:17":34,"s:372:19:372:Infinity":129,"b:373:6:374:Infinity:374:11:374:Infinity":42,"s:373:6:374:Infinity":130,"s:373:25:373:Infinity":131,"s:374:11:374:Infinity":132,"s:375:6:375:Infinity":133,"s:379:8:386:Infinity":134,"f:379:8:379:32":35,"b:380:4:385:Infinity:383:11:385:Infinity":43,"s:380:4:385:Infinity":135,"b:380:8:380:28:380:28:380:47":44,"s:382:6:382:Infinity":136,"s:384:6:384:Infinity":137,"s:388:8:388:Infinity":138,"f:388:8:388:31":36,"s:388:31:388:Infinity":139,"s:392:26:392:Infinity":140,"b:392:53:392:69:392:69:392:Infinity":45,"s:394:25:397:Infinity":141,"f:394:41:394:48":37,"s:395:15:395:Infinity":142,"f:395:19:395:25":38,"s:395:31:395:42":143,"s:396:4:396:Infinity":144,"b:396:16:396:32:396:32:396:Infinity":46,"s:404:23:404:Infinity":145,"b:407:2:431:Infinity:undefined:undefined:undefined:undefined":47,"s:407:2:431:Infinity":146,"b:409:4:422:Infinity:undefined:undefined:undefined:undefined":48,"s:409:4:422:Infinity":147,"s:410:22:410:Infinity":148,"b:410:22:410:33:410:33:410:Infinity":49,"s:411:6:420:Infinity":149,"b:413:21:413:79:413:78:413:Infinity":50,"b:414:25:414:52:414:52:414:70":51,"b:417:16:417:Infinity:418:16:418:Infinity":52,"s:424:4:429:Infinity":150,"s:434:4:455:Infinity":151,"f:440:8:440:23":39,"s:440:23:440:Infinity":152,"f:450:8:450:23":40,"s:450:23:450:Infinity":153,"s:459:4:685:Infinity":154,"b:462:7:462:Infinity:463:8:490:Infinity":53,"b:468:58:468:69:468:69:468:Infinity":54,"f:469:12:469:27":41,"s:469:27:469:Infinity":155,"f:474:24:474:29":42,"s:475:22:475:Infinity":156,"b:475:22:475:47:475:47:475:Infinity":55,"s:476:12:487:Infinity":157,"b:482:80:482:91:482:91:482:Infinity":56,"f:483:16:483:31":43,"s:483:31:483:Infinity":158,"b:497:9:497:Infinity:498:8:508:Infinity":57,"b:498:68:498:88:498:88:498:Infinity":58,"f:502:12:502:18":44,"b:503:14:503:Infinity:undefined:undefined:undefined:undefined":59,"s:503:14:503:Infinity":159,"s:503:22:503:Infinity":160,"b:506:43:506:63:506:63:506:Infinity":60,"b:511:9:511:Infinity:512:8:514:Infinity":61,"f:524:12:524:23":45,"s:524:29:524:Infinity":161,"b:532:67:532:81:532:81:532:Infinity":62,"f:533:10:533:25":46,"s:533:25:533:Infinity":162,"f:533:25:533:42":47,"s:533:48:533:50":163,"b:538:21:538:45:538:45:538:Infinity":63,"b:542:9:542:Infinity:543:10:555:Infinity":64,"f:547:12:547:27":48,"s:547:27:547:Infinity":164,"f:548:12:548:27":49,"s:549:14:551:Infinity":165,"b:550:40:550:75:550:75:550:Infinity":65,"f:550:50:550:58":50,"s:550:64:550:71":166,"f:553:12:553:31":51,"s:553:31:553:Infinity":167,"b:558:9:558:Infinity:559:10:582:Infinity":66,"b:562:61:562:75:562:75:562:Infinity":67,"f:565:14:565:29":52,"s:565:29:565:Infinity":168,"f:565:29:565:44":53,"s:565:50:565:52":169,"b:570:13:570:Infinity:571:14:582:Infinity":68,"b:573:62:573:76:573:76:573:Infinity":69,"b:575:35:575:58:575:58:575:Infinity":70,"b:575:111:575:116:575:116:575:Infinity":71,"f:576:16:576:31":54,"s:576:31:576:Infinity":170,"b:579:35:579:50:579:50:579:80":72,"b:585:9:585:Infinity:586:8:601:Infinity":73,"f:589:10:589:25":55,"s:589:25:589:Infinity":171,"b:592:16:592:Infinity:593:16:593:Infinity":74,"b:592:84:592:95:592:95:592:Infinity":75,"b:593:55:593:66:593:66:593:Infinity":76,"b:598:30:598:46:598:46:598:Infinity":77,"b:599:13:599:32:599:32:600:Infinity":78,"b:604:9:604:Infinity:605:8:634:Infinity":79,"f:609:12:609:23":56,"s:609:29:609:Infinity":172,"f:612:25:612:30":57,"s:613:14:615:Infinity":173,"f:621:12:621:27":58,"s:621:27:621:Infinity":174,"b:621:71:621:80:621:80:621:85":80,"b:625:18:625:Infinity:626:18:628:Infinity":81,"b:627:20:627:Infinity:628:20:628:Infinity":82,"b:630:44:630:65:630:65:630:Infinity":83,"b:632:33:632:58:632:57:632:Infinity":84,"b:639:7:639:Infinity:640:8:683:Infinity":85,"f:655:14:655:29":59,"s:655:29:655:Infinity":175,"b:656:65:656:76:656:76:656:Infinity":86,"b:658:32:658:54:658:53:659:15":87,"b:659:38:659:54:659:54:659:72":88,"f:664:14:664:29":60,"s:664:29:664:Infinity":176,"b:667:59:667:64:667:64:667:92":89,"f:673:14:673:29":61,"s:674:16:674:Infinity":177,"s:675:16:675:Infinity":178,"s:688:2:773:Infinity":179,"b:689:54:689:75:689:75:689:Infinity":90,"b:694:8:715:23:715:10:773:Infinity":91,"b:699:16:699:Infinity:700:16:700:Infinity":92,"b:703:13:703:Infinity:704:14:708:21":93,"f:704:68:704:83":62,"s:704:83:704:97":180,"b:708:13:708:Infinity:709:14:713:Infinity":94,"f:709:68:709:83":63,"s:709:83:709:98":181,"b:716:8:731:9:731:8:773:Infinity":95,"f:732:17:732:22":64,"s:736:26:741:Infinity":182,"b:739:14:739:30:739:30:739:Infinity":96,"b:740:14:740:32:740:32:740:Infinity":97,"s:742:24:747:Infinity":183,"b:745:14:745:32:745:32:745:Infinity":98,"b:746:14:746:34:746:34:746:Infinity":99,"s:748:18:750:Infinity":184,"b:748:29:748:45:748:45:748:47":100,"f:748:49:748:Infinity":65,"s:749:21:749:Infinity":185,"s:751:12:768:Infinity":186},"fnNames":{}}}
,"/Users/grebmann/zcc-workspace/zana-command-center/plugins/pr-monitor/src/app/pr-board.ts": {"path":"/Users/grebmann/zcc-workspace/zana-command-center/plugins/pr-monitor/src/app/pr-board.ts","statementMap":{"0":{"start":{"line":13,"column":56},"end":{"line":21,"column":null}},"1":{"start":{"line":24,"column":65},"end":{"line":27,"column":null}},"2":{"start":{"line":30,"column":67},"end":{"line":40,"column":null}},"3":{"start":{"line":45,"column":2},"end":{"line":45,"column":null}},"4":{"start":{"line":51,"column":2},"end":{"line":61,"column":null}},"5":{"start":{"line":66,"column":18},"end":{"line":66,"column":null}},"6":{"start":{"line":67,"column":2},"end":{"line":67,"column":null}},"7":{"start":{"line":67,"column":24},"end":{"line":67,"column":null}},"8":{"start":{"line":68,"column":2},"end":{"line":68,"column":null}},"9":{"start":{"line":72,"column":2},"end":{"line":82,"column":null}},"10":{"start":{"line":85,"column":54},"end":{"line":88,"column":null}},"11":{"start":{"line":91,"column":2},"end":{"line":91,"column":null}},"12":{"start":{"line":103,"column":17},"end":{"line":103,"column":null}},"13":{"start":{"line":104,"column":2},"end":{"line":106,"column":null}},"14":{"start":{"line":105,"column":4},"end":{"line":105,"column":null}},"15":{"start":{"line":105,"column":49},"end":{"line":105,"column":67}},"16":{"start":{"line":107,"column":2},"end":{"line":110,"column":null}},"17":{"start":{"line":109,"column":49},"end":{"line":109,"column":67}},"18":{"start":{"line":115,"column":17},"end":{"line":115,"column":null}},"19":{"start":{"line":116,"column":2},"end":{"line":116,"column":null}},"20":{"start":{"line":116,"column":42},"end":{"line":116,"column":62}},"21":{"start":{"line":121,"column":12},"end":{"line":121,"column":null}},"22":{"start":{"line":122,"column":2},"end":{"line":122,"column":null}}},"fnMap":{"0":{"name":"isListViewMode","decl":{"start":{"line":44,"column":16},"end":{"line":44,"column":31}},"loc":{"start":{"line":44,"column":70},"end":{"line":46,"column":null}},"line":44},"1":{"name":"emptyBoardColumns","decl":{"start":{"line":50,"column":16},"end":{"line":50,"column":52}},"loc":{"start":{"line":50,"column":52},"end":{"line":62,"column":null}},"line":50},"2":{"name":"groupPrsByStatus","decl":{"start":{"line":65,"column":16},"end":{"line":65,"column":33}},"loc":{"start":{"line":65,"column":78},"end":{"line":69,"column":null}},"line":65},"3":{"name":"boardColumnCounts","decl":{"start":{"line":71,"column":16},"end":{"line":71,"column":34}},"loc":{"start":{"line":71,"column":91},"end":{"line":83,"column":null}},"line":71},"4":{"name":"isPrRollupStatus","decl":{"start":{"line":90,"column":16},"end":{"line":90,"column":33}},"loc":{"start":{"line":90,"column":74},"end":{"line":92,"column":null}},"line":90},"5":{"name":"visibleBoardColumns","decl":{"start":{"line":99,"column":16},"end":{"line":99,"column":null}},"loc":{"start":{"line":102,"column":20},"end":{"line":111,"column":null}},"line":102},"6":{"name":"(anonymous_6)","decl":{"start":{"line":105,"column":30},"end":{"line":105,"column":38}},"loc":{"start":{"line":105,"column":49},"end":{"line":105,"column":67}},"line":105},"7":{"name":"(anonymous_7)","decl":{"start":{"line":109,"column":30},"end":{"line":109,"column":38}},"loc":{"start":{"line":109,"column":49},"end":{"line":109,"column":67}},"line":109},"8":{"name":"emptyActiveColumnCount","decl":{"start":{"line":114,"column":16},"end":{"line":114,"column":39}},"loc":{"start":{"line":114,"column":72},"end":{"line":117,"column":null}},"line":114},"9":{"name":"(anonymous_9)","decl":{"start":{"line":116,"column":23},"end":{"line":116,"column":31}},"loc":{"start":{"line":116,"column":42},"end":{"line":116,"column":62}},"line":116},"10":{"name":"shortRepoName","decl":{"start":{"line":120,"column":16},"end":{"line":120,"column":30}},"loc":{"start":{"line":120,"column":52},"end":{"line":123,"column":null}},"line":120}},"branchMap":{"0":{"loc":{"start":{"line":45,"column":9},"end":{"line":45,"column":null}},"type":"binary-expr","locations":[{"start":{"line":45,"column":9},"end":{"line":45,"column":29}},{"start":{"line":45,"column":29},"end":{"line":45,"column":null}}],"line":45},"1":{"loc":{"start":{"line":91,"column":9},"end":{"line":91,"column":null}},"type":"binary-expr","locations":[{"start":{"line":91,"column":9},"end":{"line":91,"column":39}},{"start":{"line":91,"column":39},"end":{"line":91,"column":null}}],"line":91},"2":{"loc":{"start":{"line":101,"column":2},"end":{"line":101,"column":null}},"type":"default-arg","locations":[{"start":{"line":101,"column":34},"end":{"line":101,"column":null}}],"line":101},"3":{"loc":{"start":{"line":104,"column":2},"end":{"line":106,"column":null}},"type":"if","locations":[{"start":{"line":104,"column":2},"end":{"line":106,"column":null}},{"start":{},"end":{}}],"line":104},"4":{"loc":{"start":{"line":122,"column":9},"end":{"line":122,"column":null}},"type":"cond-expr","locations":[{"start":{"line":122,"column":18},"end":{"line":122,"column":38}},{"start":{"line":122,"column":38},"end":{"line":122,"column":null}}],"line":122}},"s":{"0":7,"1":7,"2":7,"3":34,"4":178,"5":176,"6":176,"7":239,"8":176,"9":179,"10":7,"11":3,"12":75,"13":75,"14":71,"15":639,"16":4,"17":8,"18":103,"19":103,"20":721,"21":162,"22":162},"f":{"0":34,"1":178,"2":176,"3":179,"4":3,"5":75,"6":639,"7":8,"8":103,"9":721,"10":162},"b":{"0":[34,32],"1":[3,2],"2":[75],"3":[71,4],"4":[161,1]},"meta":{"lastBranch":5,"lastFunction":11,"lastStatement":23,"seen":{"s:13:56:21:Infinity":0,"s:24:65:27:Infinity":1,"s:30:67:40:Infinity":2,"f:44:16:44:31":0,"s:45:2:45:Infinity":3,"b:45:9:45:29:45:29:45:Infinity":0,"f:50:16:50:52":1,"s:51:2:61:Infinity":4,"f:65:16:65:33":2,"s:66:18:66:Infinity":5,"s:67:2:67:Infinity":6,"s:67:24:67:Infinity":7,"s:68:2:68:Infinity":8,"f:71:16:71:34":3,"s:72:2:82:Infinity":9,"s:85:54:88:Infinity":10,"f:90:16:90:33":4,"s:91:2:91:Infinity":11,"b:91:9:91:39:91:39:91:Infinity":1,"f:99:16:99:Infinity":5,"b:101:34:101:Infinity":2,"s:103:17:103:Infinity":12,"b:104:2:106:Infinity:undefined:undefined:undefined:undefined":3,"s:104:2:106:Infinity":13,"s:105:4:105:Infinity":14,"f:105:30:105:38":6,"s:105:49:105:67":15,"s:107:2:110:Infinity":16,"f:109:30:109:38":7,"s:109:49:109:67":17,"f:114:16:114:39":8,"s:115:17:115:Infinity":18,"s:116:2:116:Infinity":19,"f:116:23:116:31":9,"s:116:42:116:62":20,"f:120:16:120:30":10,"s:121:12:121:Infinity":21,"s:122:2:122:Infinity":22,"b:122:18:122:38:122:38:122:Infinity":4},"fnNames":{}}}
}
