{"/Users/grebmann/zcc-workspace/zana-command-center/apps/app/src/modules/index.ts": {"path":"/Users/grebmann/zcc-workspace/zana-command-center/apps/app/src/modules/index.ts","statementMap":{"0":{"start":{"line":19,"column":40},"end":{"line":19,"column":null}},"1":{"start":{"line":22,"column":26},"end":{"line":22,"column":null}},"2":{"start":{"line":22,"column":49},"end":{"line":22,"column":53}},"3":{"start":{"line":27,"column":2},"end":{"line":27,"column":null}},"4":{"start":{"line":27,"column":33},"end":{"line":27,"column":44}},"5":{"start":{"line":31,"column":2},"end":{"line":31,"column":null}},"6":{"start":{"line":42,"column":2},"end":{"line":42,"column":null}},"7":{"start":{"line":42,"column":70},"end":{"line":42,"column":null}},"8":{"start":{"line":43,"column":16},"end":{"line":43,"column":null}},"9":{"start":{"line":43,"column":47},"end":{"line":43,"column":51}},"10":{"start":{"line":44,"column":15},"end":{"line":44,"column":null}},"11":{"start":{"line":45,"column":2},"end":{"line":45,"column":null}},"12":{"start":{"line":45,"column":41},"end":{"line":45,"column":null}},"13":{"start":{"line":46,"column":2},"end":{"line":53,"column":null}},"14":{"start":{"line":47,"column":21},"end":{"line":47,"column":null}},"15":{"start":{"line":48,"column":4},"end":{"line":51,"column":null}},"16":{"start":{"line":49,"column":6},"end":{"line":49,"column":null}},"17":{"start":{"line":50,"column":6},"end":{"line":50,"column":null}},"18":{"start":{"line":52,"column":4},"end":{"line":52,"column":null}},"19":{"start":{"line":52,"column":55},"end":{"line":52,"column":null}},"20":{"start":{"line":54,"column":17},"end":{"line":58,"column":null}},"21":{"start":{"line":55,"column":4},"end":{"line":55,"column":null}},"22":{"start":{"line":55,"column":25},"end":{"line":55,"column":null}},"23":{"start":{"line":56,"column":4},"end":{"line":56,"column":null}},"24":{"start":{"line":57,"column":4},"end":{"line":57,"column":null}},"25":{"start":{"line":59,"column":2},"end":{"line":59,"column":null}},"26":{"start":{"line":70,"column":27},"end":{"line":70,"column":null}},"27":{"start":{"line":70,"column":54},"end":{"line":70,"column":63}},"28":{"start":{"line":71,"column":27},"end":{"line":71,"column":null}},"29":{"start":{"line":71,"column":54},"end":{"line":71,"column":63}},"30":{"start":{"line":72,"column":2},"end":{"line":75,"column":null}},"31":{"start":{"line":73,"column":10},"end":{"line":73,"column":null}},"32":{"start":{"line":80,"column":2},"end":{"line":83,"column":null}},"33":{"start":{"line":83,"column":16},"end":{"line":83,"column":27}},"34":{"start":{"line":88,"column":17},"end":{"line":88,"column":null}},"35":{"start":{"line":89,"column":2},"end":{"line":89,"column":null}},"36":{"start":{"line":89,"column":23},"end":{"line":89,"column":56}},"37":{"start":{"line":89,"column":42},"end":{"line":89,"column":53}},"38":{"start":{"line":102,"column":2},"end":{"line":108,"column":null}},"39":{"start":{"line":103,"column":19},"end":{"line":103,"column":42}},"40":{"start":{"line":105,"column":10},"end":{"line":107,"column":null}},"41":{"start":{"line":113,"column":17},"end":{"line":113,"column":null}},"42":{"start":{"line":114,"column":2},"end":{"line":114,"column":null}},"43":{"start":{"line":114,"column":23},"end":{"line":114,"column":56}},"44":{"start":{"line":119,"column":2},"end":{"line":121,"column":null}},"45":{"start":{"line":126,"column":2},"end":{"line":129,"column":null}},"46":{"start":{"line":129,"column":15},"end":{"line":129,"column":19}}},"fnMap":{"0":{"name":"(anonymous_0)","decl":{"start":{"line":22,"column":38},"end":{"line":22,"column":43}},"loc":{"start":{"line":22,"column":49},"end":{"line":22,"column":53}},"line":22},"1":{"name":"getModule","decl":{"start":{"line":26,"column":16},"end":{"line":26,"column":26}},"loc":{"start":{"line":26,"column":61},"end":{"line":28,"column":null}},"line":26},"2":{"name":"(anonymous_2)","decl":{"start":{"line":27,"column":21},"end":{"line":27,"column":27}},"loc":{"start":{"line":27,"column":33},"end":{"line":27,"column":44}},"line":27},"3":{"name":"loadErrorOf","decl":{"start":{"line":30,"column":9},"end":{"line":30,"column":21}},"loc":{"start":{"line":30,"column":60},"end":{"line":32,"column":null}},"line":30},"4":{"name":"mergeModules","decl":{"start":{"line":41,"column":9},"end":{"line":41,"column":22}},"loc":{"start":{"line":41,"column":97},"end":{"line":60,"column":null}},"line":41},"5":{"name":"(anonymous_5)","decl":{"start":{"line":43,"column":36},"end":{"line":43,"column":41}},"loc":{"start":{"line":43,"column":47},"end":{"line":43,"column":51}},"line":43},"6":{"name":"(anonymous_6)","decl":{"start":{"line":54,"column":36},"end":{"line":54,"column":44}},"loc":{"start":{"line":54,"column":50},"end":{"line":58,"column":3}},"line":54},"7":{"name":"useMergedModules","decl":{"start":{"line":69,"column":16},"end":{"line":69,"column":48}},"loc":{"start":{"line":69,"column":48},"end":{"line":76,"column":null}},"line":69},"8":{"name":"(anonymous_8)","decl":{"start":{"line":70,"column":27},"end":{"line":70,"column":48}},"loc":{"start":{"line":70,"column":54},"end":{"line":70,"column":63}},"line":70},"9":{"name":"(anonymous_9)","decl":{"start":{"line":71,"column":27},"end":{"line":71,"column":48}},"loc":{"start":{"line":71,"column":54},"end":{"line":71,"column":63}},"line":71},"10":{"name":"(anonymous_10)","decl":{"start":{"line":72,"column":9},"end":{"line":72,"column":null}},"loc":{"start":{"line":73,"column":10},"end":{"line":73,"column":null}},"line":73},"11":{"name":"getMergedModule","decl":{"start":{"line":79,"column":16},"end":{"line":79,"column":32}},"loc":{"start":{"line":79,"column":67},"end":{"line":84,"column":null}},"line":79},"12":{"name":"(anonymous_12)","decl":{"start":{"line":83,"column":4},"end":{"line":83,"column":10}},"loc":{"start":{"line":83,"column":16},"end":{"line":83,"column":27}},"line":83},"13":{"name":"useMergedModule","decl":{"start":{"line":87,"column":16},"end":{"line":87,"column":32}},"loc":{"start":{"line":87,"column":67},"end":{"line":90,"column":null}},"line":87},"14":{"name":"(anonymous_14)","decl":{"start":{"line":89,"column":9},"end":{"line":89,"column":23}},"loc":{"start":{"line":89,"column":23},"end":{"line":89,"column":56}},"line":89},"15":{"name":"(anonymous_15)","decl":{"start":{"line":89,"column":30},"end":{"line":89,"column":36}},"loc":{"start":{"line":89,"column":42},"end":{"line":89,"column":53}},"line":89},"16":{"name":"selectProjectTabModules","decl":{"start":{"line":101,"column":16},"end":{"line":101,"column":40}},"loc":{"start":{"line":101,"column":75},"end":{"line":109,"column":null}},"line":101},"17":{"name":"(anonymous_17)","decl":{"start":{"line":103,"column":5},"end":{"line":103,"column":13}},"loc":{"start":{"line":103,"column":19},"end":{"line":103,"column":42}},"line":103},"18":{"name":"(anonymous_18)","decl":{"start":{"line":104,"column":5},"end":{"line":104,"column":null}},"loc":{"start":{"line":105,"column":10},"end":{"line":107,"column":null}},"line":105},"19":{"name":"useProjectTabModules","decl":{"start":{"line":112,"column":16},"end":{"line":112,"column":52}},"loc":{"start":{"line":112,"column":52},"end":{"line":115,"column":null}},"line":112},"20":{"name":"(anonymous_20)","decl":{"start":{"line":114,"column":9},"end":{"line":114,"column":23}},"loc":{"start":{"line":114,"column":23},"end":{"line":114,"column":56}},"line":114},"21":{"name":"getProjectTabModules","decl":{"start":{"line":118,"column":16},"end":{"line":118,"column":52}},"loc":{"start":{"line":118,"column":52},"end":{"line":122,"column":null}},"line":118},"22":{"name":"getMergedModuleIds","decl":{"start":{"line":125,"column":16},"end":{"line":125,"column":47}},"loc":{"start":{"line":125,"column":47},"end":{"line":130,"column":null}},"line":125},"23":{"name":"(anonymous_23)","decl":{"start":{"line":129,"column":4},"end":{"line":129,"column":9}},"loc":{"start":{"line":129,"column":15},"end":{"line":129,"column":19}},"line":129}},"branchMap":{"0":{"loc":{"start":{"line":31,"column":9},"end":{"line":31,"column":null}},"type":"cond-expr","locations":[{"start":{"line":31,"column":34},"end":{"line":31,"column":80}},{"start":{"line":31,"column":80},"end":{"line":31,"column":null}}],"line":31},"1":{"loc":{"start":{"line":42,"column":2},"end":{"line":42,"column":null}},"type":"if","locations":[{"start":{"line":42,"column":2},"end":{"line":42,"column":null}},{"start":{},"end":{}}],"line":42},"2":{"loc":{"start":{"line":42,"column":6},"end":{"line":42,"column":70}},"type":"binary-expr","locations":[{"start":{"line":42,"column":6},"end":{"line":42,"column":39}},{"start":{"line":42,"column":39},"end":{"line":42,"column":70}}],"line":42},"3":{"loc":{"start":{"line":48,"column":4},"end":{"line":51,"column":null}},"type":"if","locations":[{"start":{"line":48,"column":4},"end":{"line":51,"column":null}},{"start":{},"end":{}}],"line":48},"4":{"loc":{"start":{"line":52,"column":4},"end":{"line":52,"column":null}},"type":"if","locations":[{"start":{"line":52,"column":4},"end":{"line":52,"column":null}},{"start":{},"end":{}}],"line":52},"5":{"loc":{"start":{"line":52,"column":8},"end":{"line":52,"column":55}},"type":"binary-expr","locations":[{"start":{"line":52,"column":8},"end":{"line":52,"column":33}},{"start":{"line":52,"column":33},"end":{"line":52,"column":55}}],"line":52},"6":{"loc":{"start":{"line":55,"column":4},"end":{"line":55,"column":null}},"type":"if","locations":[{"start":{"line":55,"column":4},"end":{"line":55,"column":null}},{"start":{},"end":{}}],"line":55},"7":{"loc":{"start":{"line":59,"column":9},"end":{"line":59,"column":null}},"type":"cond-expr","locations":[{"start":{"line":59,"column":31},"end":{"line":59,"column":45}},{"start":{"line":59,"column":45},"end":{"line":59,"column":null}}],"line":59},"8":{"loc":{"start":{"line":103,"column":19},"end":{"line":103,"column":42}},"type":"binary-expr","locations":[{"start":{"line":103,"column":19},"end":{"line":103,"column":35}},{"start":{"line":103,"column":35},"end":{"line":103,"column":42}}],"line":103},"9":{"loc":{"start":{"line":105,"column":10},"end":{"line":107,"column":null}},"type":"binary-expr","locations":[{"start":{"line":105,"column":10},"end":{"line":106,"column":null}},{"start":{"line":107,"column":8},"end":{"line":107,"column":null}}],"line":105},"10":{"loc":{"start":{"line":106,"column":9},"end":{"line":106,"column":40}},"type":"binary-expr","locations":[{"start":{"line":106,"column":9},"end":{"line":106,"column":32}},{"start":{"line":106,"column":32},"end":{"line":106,"column":40}}],"line":106},"11":{"loc":{"start":{"line":106,"column":40},"end":{"line":106,"column":null}},"type":"binary-expr","locations":[{"start":{"line":106,"column":40},"end":{"line":106,"column":63}},{"start":{"line":106,"column":63},"end":{"line":106,"column":null}}],"line":106}},"s":{"0":2,"1":2,"2":2,"3":0,"4":0,"5":3,"6":2,"7":0,"8":2,"9":2,"10":2,"11":2,"12":2,"13":2,"14":2,"15":2,"16":0,"17":0,"18":2,"19":1,"20":2,"21":2,"22":0,"23":2,"24":2,"25":2,"26":0,"27":0,"28":0,"29":0,"30":0,"31":0,"32":2,"33":4,"34":0,"35":0,"36":0,"37":0,"38":0,"39":0,"40":0,"41":0,"42":0,"43":0,"44":0,"45":0,"46":0},"f":{"0":2,"1":0,"2":0,"3":3,"4":2,"5":2,"6":2,"7":0,"8":0,"9":0,"10":0,"11":2,"12":4,"13":0,"14":0,"15":0,"16":0,"17":0,"18":0,"19":0,"20":0,"21":0,"22":0,"23":0},"b":{"0":[1,2],"1":[0,2],"2":[2,0],"3":[0,2],"4":[1,1],"5":[2,1],"6":[0,2],"7":[0,2],"8":[0,0],"9":[0,0],"10":[0,0],"11":[0,0]},"meta":{"lastBranch":12,"lastFunction":24,"lastStatement":47,"seen":{"s:19:40:19:Infinity":0,"s:22:26:22:Infinity":1,"f:22:38:22:43":0,"s:22:49:22:53":2,"f:26:16:26:26":1,"s:27:2:27:Infinity":3,"f:27:21:27:27":2,"s:27:33:27:44":4,"f:30:9:30:21":3,"s:31:2:31:Infinity":5,"b:31:34:31:80:31:80:31:Infinity":0,"f:41:9:41:22":4,"b:42:2:42:Infinity:undefined:undefined:undefined:undefined":1,"s:42:2:42:Infinity":6,"b:42:6:42:39:42:39:42:70":2,"s:42:70:42:Infinity":7,"s:43:16:43:Infinity":8,"f:43:36:43:41":5,"s:43:47:43:51":9,"s:44:15:44:Infinity":10,"s:45:2:45:Infinity":11,"s:45:41:45:Infinity":12,"s:46:2:53:Infinity":13,"s:47:21:47:Infinity":14,"b:48:4:51:Infinity:undefined:undefined:undefined:undefined":3,"s:48:4:51:Infinity":15,"s:49:6:49:Infinity":16,"s:50:6:50:Infinity":17,"b:52:4:52:Infinity:undefined:undefined:undefined:undefined":4,"s:52:4:52:Infinity":18,"b:52:8:52:33:52:33:52:55":5,"s:52:55:52:Infinity":19,"s:54:17:58:Infinity":20,"f:54:36:54:44":6,"b:55:4:55:Infinity:undefined:undefined:undefined:undefined":6,"s:55:4:55:Infinity":21,"s:55:25:55:Infinity":22,"s:56:4:56:Infinity":23,"s:57:4:57:Infinity":24,"s:59:2:59:Infinity":25,"b:59:31:59:45:59:45:59:Infinity":7,"f:69:16:69:48":7,"s:70:27:70:Infinity":26,"f:70:27:70:48":8,"s:70:54:70:63":27,"s:71:27:71:Infinity":28,"f:71:27:71:48":9,"s:71:54:71:63":29,"s:72:2:75:Infinity":30,"f:72:9:72:Infinity":10,"s:73:10:73:Infinity":31,"f:79:16:79:32":11,"s:80:2:83:Infinity":32,"f:83:4:83:10":12,"s:83:16:83:27":33,"f:87:16:87:32":13,"s:88:17:88:Infinity":34,"s:89:2:89:Infinity":35,"f:89:9:89:23":14,"s:89:23:89:56":36,"f:89:30:89:36":15,"s:89:42:89:53":37,"f:101:16:101:40":16,"s:102:2:108:Infinity":38,"f:103:5:103:13":17,"s:103:19:103:42":39,"b:103:19:103:35:103:35:103:42":8,"f:104:5:104:Infinity":18,"s:105:10:107:Infinity":40,"b:105:10:106:Infinity:107:8:107:Infinity":9,"b:106:9:106:32:106:32:106:40":10,"b:106:40:106:63:106:63:106:Infinity":11,"f:112:16:112:52":19,"s:113:17:113:Infinity":41,"s:114:2:114:Infinity":42,"f:114:9:114:23":20,"s:114:23:114:56":43,"f:118:16:118:52":21,"s:119:2:121:Infinity":44,"f:125:16:125:47":22,"s:126:2:129:Infinity":45,"f:129:4:129:9":23,"s:129:15:129:19":46},"fnNames":{}}}
,"/Users/grebmann/zcc-workspace/zana-command-center/apps/app/src/plugins/plugin-app-loader.ts": {"path":"/Users/grebmann/zcc-workspace/zana-command-center/apps/app/src/plugins/plugin-app-loader.ts","statementMap":{"0":{"start":{"line":31,"column":35},"end":{"line":34,"column":null}},"1":{"start":{"line":31,"column":75},"end":{"line":34,"column":2}},"2":{"start":{"line":33,"column":27},"end":{"line":33,"column":null}},"3":{"start":{"line":38,"column":6},"end":{"line":38,"column":null}},"4":{"start":{"line":38,"column":52},"end":{"line":38,"column":null}},"5":{"start":{"line":41,"column":8},"end":{"line":55,"column":null}},"6":{"start":{"line":42,"column":4},"end":{"line":55,"column":null}},"7":{"start":{"line":56,"column":2},"end":{"line":63,"column":null}},"8":{"start":{"line":67,"column":2},"end":{"line":67,"column":null}},"9":{"start":{"line":71,"column":15},"end":{"line":71,"column":null}},"10":{"start":{"line":72,"column":67},"end":{"line":74,"column":null}},"11":{"start":{"line":75,"column":19},"end":{"line":75,"column":null}},"12":{"start":{"line":77,"column":4},"end":{"line":77,"column":null}},"13":{"start":{"line":79,"column":4},"end":{"line":79,"column":null}},"14":{"start":{"line":80,"column":2},"end":{"line":85,"column":null}},"15":{"start":{"line":81,"column":4},"end":{"line":84,"column":null}},"16":{"start":{"line":86,"column":2},"end":{"line":96,"column":null}},"17":{"start":{"line":100,"column":14},"end":{"line":100,"column":null}},"18":{"start":{"line":101,"column":21},"end":{"line":101,"column":null}},"19":{"start":{"line":102,"column":2},"end":{"line":102,"column":null}},"20":{"start":{"line":102,"column":27},"end":{"line":102,"column":null}},"21":{"start":{"line":104,"column":8},"end":{"line":123,"column":null}},"22":{"start":{"line":105,"column":22},"end":{"line":105,"column":null}},"23":{"start":{"line":106,"column":4},"end":{"line":113,"column":null}},"24":{"start":{"line":107,"column":24},"end":{"line":107,"column":null}},"25":{"start":{"line":108,"column":6},"end":{"line":112,"column":null}},"26":{"start":{"line":114,"column":4},"end":{"line":121,"column":null}},"27":{"start":{"line":115,"column":24},"end":{"line":115,"column":null}},"28":{"start":{"line":116,"column":6},"end":{"line":120,"column":null}},"29":{"start":{"line":122,"column":4},"end":{"line":122,"column":null}},"30":{"start":{"line":125,"column":2},"end":{"line":138,"column":null}},"31":{"start":{"line":145,"column":2},"end":{"line":145,"column":null}},"32":{"start":{"line":145,"column":21},"end":{"line":145,"column":null}},"33":{"start":{"line":146,"column":2},"end":{"line":166,"column":null}},"34":{"start":{"line":149,"column":4},"end":{"line":149,"column":null}},"35":{"start":{"line":150,"column":16},"end":{"line":150,"column":null}},"36":{"start":{"line":151,"column":4},"end":{"line":154,"column":null}},"37":{"start":{"line":152,"column":18},"end":{"line":152,"column":null}},"38":{"start":{"line":153,"column":6},"end":{"line":153,"column":null}},"39":{"start":{"line":157,"column":4},"end":{"line":160,"column":null}},"40":{"start":{"line":158,"column":6},"end":{"line":158,"column":null}},"41":{"start":{"line":159,"column":6},"end":{"line":159,"column":null}},"42":{"start":{"line":161,"column":4},"end":{"line":161,"column":null}},"43":{"start":{"line":162,"column":4},"end":{"line":162,"column":null}},"44":{"start":{"line":164,"column":4},"end":{"line":164,"column":null}},"45":{"start":{"line":165,"column":4},"end":{"line":165,"column":null}},"46":{"start":{"line":169,"column":24},"end":{"line":169,"column":null}},"47":{"start":{"line":170,"column":22},"end":{"line":170,"column":null}},"48":{"start":{"line":180,"column":19},"end":{"line":180,"column":null}},"49":{"start":{"line":181,"column":17},"end":{"line":181,"column":null}},"50":{"start":{"line":181,"column":43},"end":{"line":181,"column":85}},"51":{"start":{"line":182,"column":20},"end":{"line":182,"column":null}},"52":{"start":{"line":182,"column":50},"end":{"line":182,"column":58}},"53":{"start":{"line":183,"column":8},"end":{"line":184,"column":null}},"54":{"start":{"line":183,"column":59},"end":{"line":183,"column":116}},"55":{"start":{"line":184,"column":51},"end":{"line":184,"column":66}},"56":{"start":{"line":186,"column":2},"end":{"line":186,"column":null}},"57":{"start":{"line":186,"column":38},"end":{"line":186,"column":null}},"58":{"start":{"line":187,"column":2},"end":{"line":192,"column":null}},"59":{"start":{"line":188,"column":4},"end":{"line":191,"column":null}},"60":{"start":{"line":189,"column":6},"end":{"line":189,"column":null}},"61":{"start":{"line":190,"column":6},"end":{"line":190,"column":null}},"62":{"start":{"line":193,"column":2},"end":{"line":193,"column":null}},"63":{"start":{"line":194,"column":2},"end":{"line":194,"column":null}},"64":{"start":{"line":199,"column":33},"end":{"line":205,"column":null}},"65":{"start":{"line":200,"column":41},"end":{"line":200,"column":null}},"66":{"start":{"line":201,"column":31},"end":{"line":201,"column":null}},"67":{"start":{"line":203,"column":6},"end":{"line":203,"column":null}},"68":{"start":{"line":206,"column":2},"end":{"line":206,"column":null}},"69":{"start":{"line":207,"column":35},"end":{"line":207,"column":null}},"70":{"start":{"line":208,"column":2},"end":{"line":208,"column":null}},"71":{"start":{"line":209,"column":2},"end":{"line":213,"column":null}},"72":{"start":{"line":210,"column":4},"end":{"line":210,"column":null}}},"fnMap":{"0":{"name":"(anonymous_0)","decl":{"start":{"line":31,"column":35},"end":{"line":31,"column":66}},"loc":{"start":{"line":31,"column":75},"end":{"line":34,"column":2}},"line":31},"1":{"name":"(anonymous_1)","decl":{"start":{"line":33,"column":2},"end":{"line":33,"column":15}},"loc":{"start":{"line":33,"column":27},"end":{"line":33,"column":null}},"line":33},"2":{"name":"(anonymous_2)","decl":{"start":{"line":38,"column":6},"end":{"line":38,"column":44}},"loc":{"start":{"line":38,"column":52},"end":{"line":38,"column":null}},"line":38},"3":{"name":"errorModule","decl":{"start":{"line":40,"column":9},"end":{"line":40,"column":21}},"loc":{"start":{"line":40,"column":78},"end":{"line":64,"column":null}},"line":40},"4":{"name":"(anonymous_4)","decl":{"start":{"line":41,"column":8},"end":{"line":41,"column":null}},"loc":{"start":{"line":42,"column":4},"end":{"line":55,"column":null}},"line":42},"5":{"name":"isRendererEntry","decl":{"start":{"line":66,"column":9},"end":{"line":66,"column":25}},"loc":{"start":{"line":66,"column":65},"end":{"line":68,"column":null}},"line":66},"6":{"name":"moduleFromLegacyActivate","decl":{"start":{"line":70,"column":9},"end":{"line":70,"column":34}},"loc":{"start":{"line":70,"column":99},"end":{"line":97,"column":null}},"line":70},"7":{"name":"moduleFromSet","decl":{"start":{"line":99,"column":9},"end":{"line":99,"column":23}},"loc":{"start":{"line":99,"column":98},"end":{"line":139,"column":null}},"line":99},"8":{"name":"(anonymous_8)","decl":{"start":{"line":104,"column":8},"end":{"line":104,"column":60}},"loc":{"start":{"line":104,"column":73},"end":{"line":123,"column":null}},"line":104},"9":{"name":"loadPluginApp","decl":{"start":{"line":141,"column":15},"end":{"line":141,"column":null}},"loc":{"start":{"line":144,"column":35},"end":{"line":167,"column":null}},"line":144},"10":{"name":"reconcilePluginApps","decl":{"start":{"line":176,"column":22},"end":{"line":176,"column":null}},"loc":{"start":{"line":179,"column":17},"end":{"line":195,"column":null}},"line":179},"11":{"name":"(anonymous_11)","decl":{"start":{"line":181,"column":25},"end":{"line":181,"column":33}},"loc":{"start":{"line":181,"column":43},"end":{"line":181,"column":85}},"line":181},"12":{"name":"(anonymous_12)","decl":{"start":{"line":182,"column":35},"end":{"line":182,"column":40}},"loc":{"start":{"line":182,"column":50},"end":{"line":182,"column":58}},"line":182},"13":{"name":"(anonymous_13)","decl":{"start":{"line":183,"column":44},"end":{"line":183,"column":49}},"loc":{"start":{"line":183,"column":59},"end":{"line":183,"column":116}},"line":183},"14":{"name":"(anonymous_14)","decl":{"start":{"line":184,"column":5},"end":{"line":184,"column":13}},"loc":{"start":{"line":184,"column":51},"end":{"line":184,"column":66}},"line":184},"15":{"name":"initPluginApps","decl":{"start":{"line":198,"column":22},"end":{"line":198,"column":54}},"loc":{"start":{"line":198,"column":54},"end":{"line":214,"column":null}},"line":198},"16":{"name":"(anonymous_16)","decl":{"start":{"line":200,"column":4},"end":{"line":200,"column":14}},"loc":{"start":{"line":200,"column":41},"end":{"line":200,"column":null}},"line":200},"17":{"name":"(anonymous_17)","decl":{"start":{"line":201,"column":4},"end":{"line":201,"column":18}},"loc":{"start":{"line":201,"column":31},"end":{"line":201,"column":null}},"line":201},"18":{"name":"(anonymous_18)","decl":{"start":{"line":202,"column":17},"end":{"line":202,"column":24}},"loc":{"start":{"line":202,"column":45},"end":{"line":204,"column":null}},"line":202}},"branchMap":{"0":{"loc":{"start":{"line":67,"column":9},"end":{"line":67,"column":null}},"type":"binary-expr","locations":[{"start":{"line":67,"column":9},"end":{"line":67,"column":38}},{"start":{"line":67,"column":38},"end":{"line":67,"column":56}},{"start":{"line":67,"column":56},"end":{"line":67,"column":null}}],"line":67},"1":{"loc":{"start":{"line":75,"column":19},"end":{"line":75,"column":null}},"type":"binary-expr","locations":[{"start":{"line":75,"column":19},"end":{"line":75,"column":51}},{"start":{"line":75,"column":51},"end":{"line":75,"column":80}},{"start":{"line":75,"column":80},"end":{"line":75,"column":null}}],"line":75},"2":{"loc":{"start":{"line":77,"column":4},"end":{"line":77,"column":null}},"type":"binary-expr","locations":[{"start":{"line":77,"column":4},"end":{"line":77,"column":44}},{"start":{"line":77,"column":44},"end":{"line":77,"column":81}},{"start":{"line":77,"column":81},"end":{"line":77,"column":null}}],"line":77},"3":{"loc":{"start":{"line":79,"column":4},"end":{"line":79,"column":null}},"type":"binary-expr","locations":[{"start":{"line":79,"column":4},"end":{"line":79,"column":16}},{"start":{"line":79,"column":16},"end":{"line":79,"column":31}},{"start":{"line":79,"column":31},"end":{"line":79,"column":65}},{"start":{"line":79,"column":65},"end":{"line":79,"column":null}}],"line":79},"4":{"loc":{"start":{"line":80,"column":2},"end":{"line":85,"column":null}},"type":"if","locations":[{"start":{"line":80,"column":2},"end":{"line":85,"column":null}},{"start":{},"end":{}}],"line":80},"5":{"loc":{"start":{"line":90,"column":11},"end":{"line":90,"column":null}},"type":"cond-expr","locations":[{"start":{"line":90,"column":22},"end":{"line":90,"column":30}},{"start":{"line":90,"column":30},"end":{"line":90,"column":null}}],"line":90},"6":{"loc":{"start":{"line":91,"column":19},"end":{"line":91,"column":null}},"type":"cond-expr","locations":[{"start":{"line":91,"column":33},"end":{"line":91,"column":49}},{"start":{"line":91,"column":49},"end":{"line":91,"column":null}}],"line":91},"7":{"loc":{"start":{"line":95,"column":16},"end":{"line":95,"column":null}},"type":"cond-expr","locations":[{"start":{"line":95,"column":27},"end":{"line":95,"column":46}},{"start":{"line":95,"column":46},"end":{"line":95,"column":null}}],"line":95},"8":{"loc":{"start":{"line":102,"column":2},"end":{"line":102,"column":null}},"type":"if","locations":[{"start":{"line":102,"column":2},"end":{"line":102,"column":null}},{"start":{},"end":{}}],"line":102},"9":{"loc":{"start":{"line":102,"column":6},"end":{"line":102,"column":27}},"type":"binary-expr","locations":[{"start":{"line":102,"column":6},"end":{"line":102,"column":14}},{"start":{"line":102,"column":14},"end":{"line":102,"column":27}}],"line":102},"10":{"loc":{"start":{"line":106,"column":4},"end":{"line":113,"column":null}},"type":"if","locations":[{"start":{"line":106,"column":4},"end":{"line":113,"column":null}},{"start":{},"end":{}}],"line":106},"11":{"loc":{"start":{"line":106,"column":8},"end":{"line":106,"column":33}},"type":"binary-expr","locations":[{"start":{"line":106,"column":8},"end":{"line":106,"column":22}},{"start":{"line":106,"column":22},"end":{"line":106,"column":33}}],"line":106},"12":{"loc":{"start":{"line":114,"column":4},"end":{"line":121,"column":null}},"type":"if","locations":[{"start":{"line":114,"column":4},"end":{"line":121,"column":null}},{"start":{},"end":{}}],"line":114},"13":{"loc":{"start":{"line":127,"column":11},"end":{"line":127,"column":null}},"type":"binary-expr","locations":[{"start":{"line":127,"column":11},"end":{"line":127,"column":25}},{"start":{"line":127,"column":25},"end":{"line":127,"column":null}}],"line":127},"14":{"loc":{"start":{"line":128,"column":10},"end":{"line":128,"column":null}},"type":"binary-expr","locations":[{"start":{"line":128,"column":10},"end":{"line":128,"column":23}},{"start":{"line":128,"column":23},"end":{"line":128,"column":null}}],"line":128},"15":{"loc":{"start":{"line":130,"column":16},"end":{"line":137,"column":null}},"type":"cond-expr","locations":[{"start":{"line":131,"column":8},"end":{"line":136,"column":null}},{"start":{"line":137,"column":8},"end":{"line":137,"column":null}}],"line":130},"16":{"loc":{"start":{"line":145,"column":2},"end":{"line":145,"column":null}},"type":"if","locations":[{"start":{"line":145,"column":2},"end":{"line":145,"column":null}},{"start":{},"end":{}}],"line":145},"17":{"loc":{"start":{"line":151,"column":4},"end":{"line":154,"column":null}},"type":"if","locations":[{"start":{"line":151,"column":4},"end":{"line":154,"column":null}},{"start":{},"end":{}}],"line":151},"18":{"loc":{"start":{"line":157,"column":4},"end":{"line":160,"column":null}},"type":"if","locations":[{"start":{"line":157,"column":4},"end":{"line":160,"column":null}},{"start":{},"end":{}}],"line":157},"19":{"loc":{"start":{"line":165,"column":30},"end":{"line":165,"column":84}},"type":"cond-expr","locations":[{"start":{"line":165,"column":55},"end":{"line":165,"column":71}},{"start":{"line":165,"column":71},"end":{"line":165,"column":84}}],"line":165},"20":{"loc":{"start":{"line":178,"column":2},"end":{"line":178,"column":null}},"type":"default-arg","locations":[{"start":{"line":178,"column":46},"end":{"line":178,"column":null}}],"line":178},"21":{"loc":{"start":{"line":181,"column":43},"end":{"line":181,"column":85}},"type":"binary-expr","locations":[{"start":{"line":181,"column":43},"end":{"line":181,"column":73}},{"start":{"line":181,"column":73},"end":{"line":181,"column":85}}],"line":181},"22":{"loc":{"start":{"line":183,"column":80},"end":{"line":183,"column":115}},"type":"binary-expr","locations":[{"start":{"line":183,"column":80},"end":{"line":183,"column":100}},{"start":{"line":183,"column":100},"end":{"line":183,"column":115}}],"line":183},"23":{"loc":{"start":{"line":186,"column":2},"end":{"line":186,"column":null}},"type":"if","locations":[{"start":{"line":186,"column":2},"end":{"line":186,"column":null}},{"start":{},"end":{}}],"line":186},"24":{"loc":{"start":{"line":188,"column":4},"end":{"line":191,"column":null}},"type":"if","locations":[{"start":{"line":188,"column":4},"end":{"line":191,"column":null}},{"start":{},"end":{}}],"line":188}},"s":{"0":2,"1":2,"2":13,"3":2,"4":0,"5":1,"6":0,"7":1,"8":1,"9":1,"10":1,"11":1,"12":1,"13":1,"14":1,"15":0,"16":1,"17":2,"18":2,"19":2,"20":0,"21":2,"22":0,"23":0,"24":0,"25":0,"26":0,"27":0,"28":0,"29":0,"30":2,"31":4,"32":0,"33":4,"34":4,"35":4,"36":3,"37":2,"38":2,"39":1,"40":1,"41":1,"42":0,"43":0,"44":1,"45":1,"46":2,"47":2,"48":9,"49":9,"50":5,"51":9,"52":4,"53":9,"54":4,"55":4,"56":9,"57":0,"58":9,"59":4,"60":4,"61":4,"62":9,"63":9,"64":0,"65":0,"66":0,"67":0,"68":0,"69":0,"70":0,"71":0,"72":0},"f":{"0":2,"1":13,"2":0,"3":1,"4":0,"5":1,"6":1,"7":2,"8":0,"9":4,"10":9,"11":5,"12":4,"13":4,"14":4,"15":0,"16":0,"17":0,"18":0},"b":{"0":[1,1,1],"1":[1,0,0],"2":[1,1,0],"3":[1,0,0,0],"4":[0,1],"5":[1,0],"6":[0,1],"7":[1,0],"8":[0,2],"9":[2,0],"10":[0,0],"11":[0,0],"12":[0,0],"13":[2,0],"14":[2,0],"15":[0,2],"16":[0,4],"17":[2,1],"18":[1,0],"19":[1,0],"20":[9],"21":[5,4],"22":[4,0],"23":[0,9],"24":[4,0]},"meta":{"lastBranch":25,"lastFunction":19,"lastStatement":73,"seen":{"s:31:35:34:Infinity":0,"f:31:35:31:66":0,"s:31:75:34:2":1,"f:33:2:33:15":1,"s:33:27:33:Infinity":2,"s:38:6:38:Infinity":3,"f:38:6:38:44":2,"s:38:52:38:Infinity":4,"f:40:9:40:21":3,"s:41:8:55:Infinity":5,"f:41:8:41:Infinity":4,"s:42:4:55:Infinity":6,"s:56:2:63:Infinity":7,"f:66:9:66:25":5,"s:67:2:67:Infinity":8,"b:67:9:67:38:67:38:67:56:67:56:67:Infinity":0,"f:70:9:70:34":6,"s:71:15:71:Infinity":9,"s:72:67:74:Infinity":10,"s:75:19:75:Infinity":11,"b:75:19:75:51:75:51:75:80:75:80:75:Infinity":1,"s:77:4:77:Infinity":12,"b:77:4:77:44:77:44:77:81:77:81:77:Infinity":2,"s:79:4:79:Infinity":13,"b:79:4:79:16:79:16:79:31:79:31:79:65:79:65:79:Infinity":3,"b:80:2:85:Infinity:undefined:undefined:undefined:undefined":4,"s:80:2:85:Infinity":14,"s:81:4:84:Infinity":15,"s:86:2:96:Infinity":16,"b:90:22:90:30:90:30:90:Infinity":5,"b:91:33:91:49:91:49:91:Infinity":6,"b:95:27:95:46:95:46:95:Infinity":7,"f:99:9:99:23":7,"s:100:14:100:Infinity":17,"s:101:21:101:Infinity":18,"b:102:2:102:Infinity:undefined:undefined:undefined:undefined":8,"s:102:2:102:Infinity":19,"b:102:6:102:14:102:14:102:27":9,"s:102:27:102:Infinity":20,"s:104:8:123:Infinity":21,"f:104:8:104:60":8,"s:105:22:105:Infinity":22,"b:106:4:113:Infinity:undefined:undefined:undefined:undefined":10,"s:106:4:113:Infinity":23,"b:106:8:106:22:106:22:106:33":11,"s:107:24:107:Infinity":24,"s:108:6:112:Infinity":25,"b:114:4:121:Infinity:undefined:undefined:undefined:undefined":12,"s:114:4:121:Infinity":26,"s:115:24:115:Infinity":27,"s:116:6:120:Infinity":28,"s:122:4:122:Infinity":29,"s:125:2:138:Infinity":30,"b:127:11:127:25:127:25:127:Infinity":13,"b:128:10:128:23:128:23:128:Infinity":14,"b:131:8:136:Infinity:137:8:137:Infinity":15,"f:141:15:141:Infinity":9,"b:145:2:145:Infinity:undefined:undefined:undefined:undefined":16,"s:145:2:145:Infinity":31,"s:145:21:145:Infinity":32,"s:146:2:166:Infinity":33,"s:149:4:149:Infinity":34,"s:150:16:150:Infinity":35,"b:151:4:154:Infinity:undefined:undefined:undefined:undefined":17,"s:151:4:154:Infinity":36,"s:152:18:152:Infinity":37,"s:153:6:153:Infinity":38,"b:157:4:160:Infinity:undefined:undefined:undefined:undefined":18,"s:157:4:160:Infinity":39,"s:158:6:158:Infinity":40,"s:159:6:159:Infinity":41,"s:161:4:161:Infinity":42,"s:162:4:162:Infinity":43,"s:164:4:164:Infinity":44,"s:165:4:165:Infinity":45,"b:165:55:165:71:165:71:165:84":19,"s:169:24:169:Infinity":46,"s:170:22:170:Infinity":47,"f:176:22:176:Infinity":10,"b:178:46:178:Infinity":20,"s:180:19:180:Infinity":48,"s:181:17:181:Infinity":49,"f:181:25:181:33":11,"s:181:43:181:85":50,"b:181:43:181:73:181:73:181:85":21,"s:182:20:182:Infinity":51,"f:182:35:182:40":12,"s:182:50:182:58":52,"s:183:8:184:Infinity":53,"f:183:44:183:49":13,"s:183:59:183:116":54,"b:183:80:183:100:183:100:183:115":22,"f:184:5:184:13":14,"s:184:51:184:66":55,"b:186:2:186:Infinity:undefined:undefined:undefined:undefined":23,"s:186:2:186:Infinity":56,"s:186:38:186:Infinity":57,"s:187:2:192:Infinity":58,"b:188:4:191:Infinity:undefined:undefined:undefined:undefined":24,"s:188:4:191:Infinity":59,"s:189:6:189:Infinity":60,"s:190:6:190:Infinity":61,"s:193:2:193:Infinity":62,"s:194:2:194:Infinity":63,"f:198:22:198:54":15,"s:199:33:205:Infinity":64,"f:200:4:200:14":16,"s:200:41:200:Infinity":65,"f:201:4:201:18":17,"s:201:31:201:Infinity":66,"f:202:17:202:24":18,"s:203:6:203:Infinity":67,"s:206:2:206:Infinity":68,"s:207:35:207:Infinity":69,"s:208:2:208:Infinity":70,"s:209:2:213:Infinity":71,"s:210:4:210:Infinity":72},"fnNames":{}}}
,"/Users/grebmann/zcc-workspace/zana-command-center/apps/server/src/plugins/plugin-api.ts": {"path":"/Users/grebmann/zcc-workspace/zana-command-center/apps/server/src/plugins/plugin-api.ts","statementMap":{"0":{"start":{"line":41,"column":32},"end":{"line":41,"column":null}},"1":{"start":{"line":42,"column":39},"end":{"line":42,"column":null}},"2":{"start":{"line":43,"column":34},"end":{"line":43,"column":null}},"3":{"start":{"line":81,"column":2},"end":{"line":81,"column":null}},"4":{"start":{"line":81,"column":25},"end":{"line":81,"column":null}},"5":{"start":{"line":82,"column":2},"end":{"line":86,"column":null}},"6":{"start":{"line":83,"column":4},"end":{"line":83,"column":null}},"7":{"start":{"line":85,"column":4},"end":{"line":85,"column":null}},"8":{"start":{"line":90,"column":2},"end":{"line":90,"column":null}},"9":{"start":{"line":91,"column":2},"end":{"line":91,"column":null}},"10":{"start":{"line":114,"column":2},"end":{"line":114,"column":null}},"11":{"start":{"line":115,"column":17},"end":{"line":115,"column":null}},"12":{"start":{"line":116,"column":23},"end":{"line":116,"column":null}},"13":{"start":{"line":117,"column":58},"end":{"line":117,"column":null}},"14":{"start":{"line":118,"column":36},"end":{"line":118,"column":null}},"15":{"start":{"line":119,"column":38},"end":{"line":119,"column":null}},"16":{"start":{"line":120,"column":61},"end":{"line":120,"column":null}},"17":{"start":{"line":121,"column":61},"end":{"line":121,"column":null}},"18":{"start":{"line":122,"column":22},"end":{"line":122,"column":null}},"19":{"start":{"line":123,"column":46},"end":{"line":123,"column":null}},"20":{"start":{"line":124,"column":98},"end":{"line":124,"column":null}},"21":{"start":{"line":125,"column":28},"end":{"line":125,"column":null}},"22":{"start":{"line":126,"column":68},"end":{"line":126,"column":null}},"23":{"start":{"line":127,"column":14},"end":{"line":127,"column":null}},"24":{"start":{"line":128,"column":68},"end":{"line":128,"column":null}},"25":{"start":{"line":129,"column":46},"end":{"line":129,"column":null}},"26":{"start":{"line":130,"column":52},"end":{"line":130,"column":null}},"27":{"start":{"line":134,"column":7},"end":{"line":134,"column":null}},"28":{"start":{"line":135,"column":50},"end":{"line":135,"column":null}},"29":{"start":{"line":136,"column":8},"end":{"line":138,"column":null}},"30":{"start":{"line":137,"column":4},"end":{"line":137,"column":null}},"31":{"start":{"line":137,"column":15},"end":{"line":137,"column":null}},"32":{"start":{"line":139,"column":14},"end":{"line":139,"column":null}},"33":{"start":{"line":140,"column":8},"end":{"line":140,"column":null}},"34":{"start":{"line":140,"column":48},"end":{"line":140,"column":null}},"35":{"start":{"line":141,"column":8},"end":{"line":142,"column":null}},"36":{"start":{"line":142,"column":4},"end":{"line":142,"column":null}},"37":{"start":{"line":144,"column":26},"end":{"line":170,"column":null}},"38":{"start":{"line":145,"column":4},"end":{"line":148,"column":null}},"39":{"start":{"line":146,"column":6},"end":{"line":146,"column":null}},"40":{"start":{"line":147,"column":6},"end":{"line":147,"column":null}},"41":{"start":{"line":149,"column":17},"end":{"line":149,"column":null}},"42":{"start":{"line":150,"column":4},"end":{"line":150,"column":null}},"43":{"start":{"line":150,"column":15},"end":{"line":150,"column":null}},"44":{"start":{"line":151,"column":4},"end":{"line":168,"column":null}},"45":{"start":{"line":152,"column":19},"end":{"line":152,"column":null}},"46":{"start":{"line":153,"column":19},"end":{"line":153,"column":null}},"47":{"start":{"line":154,"column":25},"end":{"line":160,"column":null}},"48":{"start":{"line":157,"column":12},"end":{"line":157,"column":null}},"49":{"start":{"line":161,"column":6},"end":{"line":164,"column":null}},"50":{"start":{"line":162,"column":8},"end":{"line":162,"column":null}},"51":{"start":{"line":163,"column":8},"end":{"line":163,"column":null}},"52":{"start":{"line":165,"column":6},"end":{"line":167,"column":null}},"53":{"start":{"line":166,"column":8},"end":{"line":166,"column":null}},"54":{"start":{"line":169,"column":4},"end":{"line":169,"column":null}},"55":{"start":{"line":172,"column":28},"end":{"line":456,"column":null}},"56":{"start":{"line":175,"column":26},"end":{"line":175,"column":null}},"57":{"start":{"line":176,"column":25},"end":{"line":176,"column":null}},"58":{"start":{"line":177,"column":25},"end":{"line":177,"column":null}},"59":{"start":{"line":178,"column":26},"end":{"line":178,"column":null}},"60":{"start":{"line":182,"column":8},"end":{"line":182,"column":null}},"61":{"start":{"line":183,"column":8},"end":{"line":195,"column":null}},"62":{"start":{"line":185,"column":27},"end":{"line":185,"column":null}},"63":{"start":{"line":186,"column":73},"end":{"line":186,"column":null}},"64":{"start":{"line":187,"column":12},"end":{"line":189,"column":null}},"65":{"start":{"line":188,"column":14},"end":{"line":188,"column":null}},"66":{"start":{"line":190,"column":12},"end":{"line":190,"column":null}},"67":{"start":{"line":193,"column":12},"end":{"line":193,"column":null}},"68":{"start":{"line":200,"column":39},"end":{"line":200,"column":null}},"69":{"start":{"line":202,"column":10},"end":{"line":202,"column":null}},"70":{"start":{"line":203,"column":23},"end":{"line":203,"column":null}},"71":{"start":{"line":204,"column":10},"end":{"line":204,"column":null}},"72":{"start":{"line":205,"column":10},"end":{"line":205,"column":null}},"73":{"start":{"line":208,"column":23},"end":{"line":208,"column":null}},"74":{"start":{"line":209,"column":10},"end":{"line":209,"column":null}},"75":{"start":{"line":210,"column":10},"end":{"line":210,"column":null}},"76":{"start":{"line":213,"column":10},"end":{"line":213,"column":null}},"77":{"start":{"line":213,"column":49},"end":{"line":213,"column":88}},"78":{"start":{"line":216,"column":8},"end":{"line":216,"column":null}},"79":{"start":{"line":217,"column":23},"end":{"line":217,"column":null}},"80":{"start":{"line":219,"column":24},"end":{"line":219,"column":null}},"81":{"start":{"line":220,"column":25},"end":{"line":220,"column":null}},"82":{"start":{"line":228,"column":19},"end":{"line":228,"column":null}},"83":{"start":{"line":229,"column":8},"end":{"line":229,"column":null}},"84":{"start":{"line":230,"column":14},"end":{"line":234,"column":null}},"85":{"start":{"line":231,"column":10},"end":{"line":233,"column":null}},"86":{"start":{"line":231,"column":63},"end":{"line":231,"column":74}},"87":{"start":{"line":232,"column":12},"end":{"line":232,"column":null}},"88":{"start":{"line":235,"column":8},"end":{"line":241,"column":null}},"89":{"start":{"line":237,"column":28},"end":{"line":237,"column":null}},"90":{"start":{"line":239,"column":12},"end":{"line":239,"column":null}},"91":{"start":{"line":239,"column":48},"end":{"line":239,"column":null}},"92":{"start":{"line":246,"column":8},"end":{"line":246,"column":null}},"93":{"start":{"line":247,"column":8},"end":{"line":247,"column":null}},"94":{"start":{"line":247,"column":35},"end":{"line":247,"column":null}},"95":{"start":{"line":248,"column":8},"end":{"line":248,"column":null}},"96":{"start":{"line":253,"column":8},"end":{"line":253,"column":null}},"97":{"start":{"line":254,"column":8},"end":{"line":256,"column":null}},"98":{"start":{"line":255,"column":10},"end":{"line":255,"column":null}},"99":{"start":{"line":257,"column":21},"end":{"line":257,"column":null}},"100":{"start":{"line":258,"column":8},"end":{"line":262,"column":null}},"101":{"start":{"line":259,"column":10},"end":{"line":261,"column":null}},"102":{"start":{"line":263,"column":8},"end":{"line":265,"column":null}},"103":{"start":{"line":264,"column":10},"end":{"line":264,"column":null}},"104":{"start":{"line":266,"column":8},"end":{"line":268,"column":null}},"105":{"start":{"line":267,"column":10},"end":{"line":267,"column":null}},"106":{"start":{"line":269,"column":8},"end":{"line":271,"column":null}},"107":{"start":{"line":270,"column":10},"end":{"line":270,"column":null}},"108":{"start":{"line":272,"column":14},"end":{"line":284,"column":null}},"109":{"start":{"line":273,"column":10},"end":{"line":282,"column":null}},"110":{"start":{"line":279,"column":12},"end":{"line":281,"column":null}},"111":{"start":{"line":283,"column":10},"end":{"line":283,"column":null}},"112":{"start":{"line":285,"column":8},"end":{"line":290,"column":null}},"113":{"start":{"line":295,"column":8},"end":{"line":295,"column":null}},"114":{"start":{"line":301,"column":10},"end":{"line":301,"column":null}},"115":{"start":{"line":302,"column":10},"end":{"line":304,"column":null}},"116":{"start":{"line":303,"column":12},"end":{"line":303,"column":null}},"117":{"start":{"line":305,"column":10},"end":{"line":305,"column":null}},"118":{"start":{"line":311,"column":8},"end":{"line":311,"column":null}},"119":{"start":{"line":312,"column":8},"end":{"line":312,"column":null}},"120":{"start":{"line":312,"column":31},"end":{"line":312,"column":null}},"121":{"start":{"line":313,"column":8},"end":{"line":313,"column":null}},"122":{"start":{"line":314,"column":24},"end":{"line":314,"column":null}},"123":{"start":{"line":315,"column":8},"end":{"line":317,"column":null}},"124":{"start":{"line":316,"column":10},"end":{"line":316,"column":null}},"125":{"start":{"line":318,"column":8},"end":{"line":318,"column":null}},"126":{"start":{"line":321,"column":8},"end":{"line":332,"column":null}},"127":{"start":{"line":323,"column":12},"end":{"line":323,"column":null}},"128":{"start":{"line":324,"column":12},"end":{"line":324,"column":null}},"129":{"start":{"line":324,"column":35},"end":{"line":324,"column":null}},"130":{"start":{"line":325,"column":12},"end":{"line":325,"column":null}},"131":{"start":{"line":326,"column":28},"end":{"line":326,"column":null}},"132":{"start":{"line":327,"column":12},"end":{"line":329,"column":null}},"133":{"start":{"line":328,"column":14},"end":{"line":328,"column":null}},"134":{"start":{"line":330,"column":12},"end":{"line":330,"column":null}},"135":{"start":{"line":337,"column":8},"end":{"line":337,"column":null}},"136":{"start":{"line":338,"column":8},"end":{"line":338,"column":null}},"137":{"start":{"line":341,"column":8},"end":{"line":341,"column":null}},"138":{"start":{"line":342,"column":8},"end":{"line":344,"column":null}},"139":{"start":{"line":343,"column":10},"end":{"line":343,"column":null}},"140":{"start":{"line":343,"column":45},"end":{"line":343,"column":null}},"141":{"start":{"line":349,"column":8},"end":{"line":349,"column":null}},"142":{"start":{"line":350,"column":8},"end":{"line":350,"column":null}},"143":{"start":{"line":350,"column":50},"end":{"line":350,"column":null}},"144":{"start":{"line":355,"column":8},"end":{"line":357,"column":null}},"145":{"start":{"line":356,"column":10},"end":{"line":356,"column":null}},"146":{"start":{"line":356,"column":42},"end":{"line":356,"column":null}},"147":{"start":{"line":360,"column":8},"end":{"line":360,"column":null}},"148":{"start":{"line":361,"column":22},"end":{"line":361,"column":null}},"149":{"start":{"line":362,"column":21},"end":{"line":362,"column":null}},"150":{"start":{"line":363,"column":21},"end":{"line":363,"column":null}},"151":{"start":{"line":364,"column":20},"end":{"line":364,"column":null}},"152":{"start":{"line":365,"column":8},"end":{"line":365,"column":null}},"153":{"start":{"line":365,"column":39},"end":{"line":365,"column":null}},"154":{"start":{"line":366,"column":27},"end":{"line":366,"column":null}},"155":{"start":{"line":367,"column":22},"end":{"line":380,"column":null}},"156":{"start":{"line":368,"column":10},"end":{"line":368,"column":null}},"157":{"start":{"line":368,"column":34},"end":{"line":368,"column":null}},"158":{"start":{"line":369,"column":25},"end":{"line":369,"column":39}},"159":{"start":{"line":370,"column":10},"end":{"line":376,"column":null}},"160":{"start":{"line":371,"column":25},"end":{"line":371,"column":null}},"161":{"start":{"line":372,"column":12},"end":{"line":372,"column":null}},"162":{"start":{"line":372,"column":33},"end":{"line":372,"column":null}},"163":{"start":{"line":373,"column":25},"end":{"line":373,"column":null}},"164":{"start":{"line":374,"column":12},"end":{"line":374,"column":null}},"165":{"start":{"line":375,"column":12},"end":{"line":375,"column":null}},"166":{"start":{"line":377,"column":10},"end":{"line":379,"column":null}},"167":{"start":{"line":378,"column":12},"end":{"line":378,"column":null}},"168":{"start":{"line":381,"column":8},"end":{"line":381,"column":null}},"169":{"start":{"line":381,"column":32},"end":{"line":381,"column":52}},"170":{"start":{"line":386,"column":8},"end":{"line":386,"column":null}},"171":{"start":{"line":387,"column":24},"end":{"line":387,"column":null}},"172":{"start":{"line":388,"column":8},"end":{"line":388,"column":null}},"173":{"start":{"line":388,"column":21},"end":{"line":388,"column":null}},"174":{"start":{"line":391,"column":8},"end":{"line":391,"column":null}},"175":{"start":{"line":394,"column":8},"end":{"line":394,"column":null}},"176":{"start":{"line":395,"column":8},"end":{"line":397,"column":null}},"177":{"start":{"line":396,"column":10},"end":{"line":396,"column":null}},"178":{"start":{"line":398,"column":8},"end":{"line":398,"column":null}},"179":{"start":{"line":401,"column":8},"end":{"line":401,"column":null}},"180":{"start":{"line":402,"column":23},"end":{"line":402,"column":null}},"181":{"start":{"line":403,"column":8},"end":{"line":403,"column":null}},"182":{"start":{"line":403,"column":32},"end":{"line":403,"column":51}},"183":{"start":{"line":404,"column":8},"end":{"line":404,"column":null}},"184":{"start":{"line":407,"column":8},"end":{"line":407,"column":null}},"185":{"start":{"line":408,"column":8},"end":{"line":408,"column":null}},"186":{"start":{"line":413,"column":8},"end":{"line":413,"column":null}},"187":{"start":{"line":414,"column":23},"end":{"line":414,"column":null}},"188":{"start":{"line":415,"column":8},"end":{"line":417,"column":null}},"189":{"start":{"line":416,"column":10},"end":{"line":416,"column":null}},"190":{"start":{"line":418,"column":8},"end":{"line":426,"column":null}},"191":{"start":{"line":429,"column":8},"end":{"line":429,"column":null}},"192":{"start":{"line":430,"column":8},"end":{"line":432,"column":null}},"193":{"start":{"line":431,"column":10},"end":{"line":431,"column":null}},"194":{"start":{"line":433,"column":8},"end":{"line":433,"column":null}},"195":{"start":{"line":434,"column":8},"end":{"line":445,"column":null}},"196":{"start":{"line":439,"column":14},"end":{"line":441,"column":null}},"197":{"start":{"line":442,"column":53},"end":{"line":442,"column":null}},"198":{"start":{"line":443,"column":12},"end":{"line":443,"column":null}},"199":{"start":{"line":450,"column":8},"end":{"line":450,"column":null}},"200":{"start":{"line":454,"column":6},"end":{"line":454,"column":null}},"201":{"start":{"line":457,"column":2},"end":{"line":520,"column":null}},"202":{"start":{"line":467,"column":6},"end":{"line":475,"column":null}},"203":{"start":{"line":468,"column":8},"end":{"line":474,"column":null}},"204":{"start":{"line":469,"column":10},"end":{"line":473,"column":null}},"205":{"start":{"line":470,"column":12},"end":{"line":470,"column":null}},"206":{"start":{"line":472,"column":12},"end":{"line":472,"column":null}},"207":{"start":{"line":478,"column":21},"end":{"line":478,"column":null}},"208":{"start":{"line":479,"column":69},"end":{"line":479,"column":null}},"209":{"start":{"line":480,"column":6},"end":{"line":482,"column":null}},"210":{"start":{"line":481,"column":8},"end":{"line":481,"column":null}},"211":{"start":{"line":483,"column":6},"end":{"line":483,"column":null}},"212":{"start":{"line":486,"column":19},"end":{"line":486,"column":null}},"213":{"start":{"line":487,"column":6},"end":{"line":487,"column":null}},"214":{"start":{"line":488,"column":72},"end":{"line":488,"column":null}},"215":{"start":{"line":489,"column":6},"end":{"line":491,"column":null}},"216":{"start":{"line":490,"column":8},"end":{"line":490,"column":null}},"217":{"start":{"line":492,"column":6},"end":{"line":492,"column":null}},"218":{"start":{"line":492,"column":47},"end":{"line":492,"column":null}},"219":{"start":{"line":495,"column":6},"end":{"line":495,"column":null}},"220":{"start":{"line":496,"column":6},"end":{"line":498,"column":null}},"221":{"start":{"line":497,"column":8},"end":{"line":497,"column":null}},"222":{"start":{"line":501,"column":6},"end":{"line":501,"column":null}},"223":{"start":{"line":502,"column":6},"end":{"line":502,"column":null}},"224":{"start":{"line":503,"column":6},"end":{"line":509,"column":null}},"225":{"start":{"line":504,"column":8},"end":{"line":508,"column":null}},"226":{"start":{"line":505,"column":10},"end":{"line":505,"column":null}},"227":{"start":{"line":510,"column":6},"end":{"line":510,"column":null}},"228":{"start":{"line":511,"column":6},"end":{"line":517,"column":null}},"229":{"start":{"line":512,"column":8},"end":{"line":516,"column":null}},"230":{"start":{"line":513,"column":10},"end":{"line":513,"column":null}},"231":{"start":{"line":518,"column":6},"end":{"line":518,"column":null}},"232":{"start":{"line":527,"column":23},"end":{"line":527,"column":null}},"233":{"start":{"line":528,"column":2},"end":{"line":530,"column":null}},"234":{"start":{"line":529,"column":4},"end":{"line":529,"column":null}},"235":{"start":{"line":531,"column":17},"end":{"line":534,"column":null}},"236":{"start":{"line":535,"column":2},"end":{"line":535,"column":null}},"237":{"start":{"line":545,"column":2},"end":{"line":547,"column":null}},"238":{"start":{"line":546,"column":4},"end":{"line":546,"column":null}},"239":{"start":{"line":548,"column":2},"end":{"line":550,"column":null}},"240":{"start":{"line":549,"column":4},"end":{"line":549,"column":null}},"241":{"start":{"line":551,"column":2},"end":{"line":553,"column":null}},"242":{"start":{"line":552,"column":4},"end":{"line":552,"column":null}},"243":{"start":{"line":554,"column":2},"end":{"line":560,"column":null}},"244":{"start":{"line":559,"column":4},"end":{"line":559,"column":null}},"245":{"start":{"line":562,"column":2},"end":{"line":572,"column":null}},"246":{"start":{"line":563,"column":17},"end":{"line":563,"column":null}},"247":{"start":{"line":564,"column":4},"end":{"line":564,"column":null}},"248":{"start":{"line":564,"column":28},"end":{"line":564,"column":null}},"249":{"start":{"line":565,"column":4},"end":{"line":567,"column":null}},"250":{"start":{"line":566,"column":6},"end":{"line":566,"column":null}},"251":{"start":{"line":568,"column":4},"end":{"line":568,"column":null}},"252":{"start":{"line":570,"column":4},"end":{"line":570,"column":null}},"253":{"start":{"line":570,"column":68},"end":{"line":570,"column":null}},"254":{"start":{"line":571,"column":4},"end":{"line":571,"column":null}},"255":{"start":{"line":573,"column":20},"end":{"line":573,"column":null}},"256":{"start":{"line":574,"column":2},"end":{"line":576,"column":null}},"257":{"start":{"line":575,"column":4},"end":{"line":575,"column":null}},"258":{"start":{"line":577,"column":2},"end":{"line":583,"column":null}},"259":{"start":{"line":587,"column":2},"end":{"line":587,"column":null}},"260":{"start":{"line":594,"column":15},"end":{"line":594,"column":null}},"261":{"start":{"line":595,"column":15},"end":{"line":595,"column":null}},"262":{"start":{"line":596,"column":2},"end":{"line":596,"column":null}},"263":{"start":{"line":596,"column":41},"end":{"line":596,"column":null}},"264":{"start":{"line":597,"column":2},"end":{"line":601,"column":null}},"265":{"start":{"line":600,"column":4},"end":{"line":600,"column":null}},"266":{"start":{"line":600,"column":23},"end":{"line":600,"column":null}},"267":{"start":{"line":602,"column":2},"end":{"line":602,"column":null}},"268":{"start":{"line":611,"column":2},"end":{"line":623,"column":null}},"269":{"start":{"line":612,"column":4},"end":{"line":620,"column":null}},"270":{"start":{"line":615,"column":8},"end":{"line":618,"column":null}},"271":{"start":{"line":616,"column":16},"end":{"line":616,"column":null}},"272":{"start":{"line":622,"column":4},"end":{"line":622,"column":null}},"273":{"start":{"line":622,"column":15},"end":{"line":622,"column":null}},"274":{"start":{"line":627,"column":2},"end":{"line":634,"column":null}},"275":{"start":{"line":628,"column":23},"end":{"line":628,"column":null}},"276":{"start":{"line":629,"column":18},"end":{"line":629,"column":null}},"277":{"start":{"line":632,"column":4},"end":{"line":632,"column":null}},"278":{"start":{"line":632,"column":66},"end":{"line":632,"column":null}},"279":{"start":{"line":633,"column":4},"end":{"line":633,"column":null}},"280":{"start":{"line":638,"column":2},"end":{"line":638,"column":null}},"281":{"start":{"line":638,"column":44},"end":{"line":638,"column":null}},"282":{"start":{"line":639,"column":15},"end":{"line":639,"column":null}},"283":{"start":{"line":640,"column":20},"end":{"line":640,"column":null}},"284":{"start":{"line":641,"column":2},"end":{"line":643,"column":null}},"285":{"start":{"line":642,"column":4},"end":{"line":642,"column":null}},"286":{"start":{"line":644,"column":2},"end":{"line":644,"column":null}},"287":{"start":{"line":644,"column":30},"end":{"line":644,"column":null}},"288":{"start":{"line":645,"column":15},"end":{"line":645,"column":null}},"289":{"start":{"line":646,"column":2},"end":{"line":648,"column":null}},"290":{"start":{"line":647,"column":4},"end":{"line":647,"column":null}},"291":{"start":{"line":649,"column":2},"end":{"line":649,"column":null}}},"fnMap":{"0":{"name":"readJsonFile","decl":{"start":{"line":80,"column":9},"end":{"line":80,"column":25}},"loc":{"start":{"line":80,"column":55},"end":{"line":87,"column":null}},"line":80},"1":{"name":"writeJsonFile","decl":{"start":{"line":89,"column":9},"end":{"line":89,"column":23}},"loc":{"start":{"line":89,"column":59},"end":{"line":92,"column":null}},"line":89},"2":{"name":"createPluginApi","decl":{"start":{"line":94,"column":16},"end":{"line":94,"column":null}},"loc":{"start":{"line":113,"column":16},"end":{"line":521,"column":null}},"line":113},"3":{"name":"(anonymous_3)","decl":{"start":{"line":136,"column":8},"end":{"line":136,"column":33}},"loc":{"start":{"line":136,"column":33},"end":{"line":138,"column":null}},"line":136},"4":{"name":"(anonymous_4)","decl":{"start":{"line":140,"column":8},"end":{"line":140,"column":48}},"loc":{"start":{"line":140,"column":48},"end":{"line":140,"column":null}},"line":140},"5":{"name":"(anonymous_5)","decl":{"start":{"line":141,"column":8},"end":{"line":141,"column":null}},"loc":{"start":{"line":142,"column":4},"end":{"line":142,"column":null}},"line":142},"6":{"name":"(anonymous_6)","decl":{"start":{"line":144,"column":26},"end":{"line":144,"column":53}},"loc":{"start":{"line":144,"column":53},"end":{"line":170,"column":null}},"line":144},"7":{"name":"(anonymous_7)","decl":{"start":{"line":151,"column":23},"end":{"line":151,"column":35}},"loc":{"start":{"line":151,"column":35},"end":{"line":168,"column":5}},"line":151},"8":{"name":"register","decl":{"start":{"line":156,"column":10},"end":{"line":156,"column":19}},"loc":{"start":{"line":156,"column":90},"end":{"line":158,"column":null}},"line":156},"9":{"name":"(anonymous_9)","decl":{"start":{"line":175,"column":6},"end":{"line":175,"column":14}},"loc":{"start":{"line":175,"column":26},"end":{"line":175,"column":null}},"line":175},"10":{"name":"(anonymous_10)","decl":{"start":{"line":176,"column":6},"end":{"line":176,"column":13}},"loc":{"start":{"line":176,"column":25},"end":{"line":176,"column":null}},"line":176},"11":{"name":"(anonymous_11)","decl":{"start":{"line":177,"column":6},"end":{"line":177,"column":13}},"loc":{"start":{"line":177,"column":25},"end":{"line":177,"column":null}},"line":177},"12":{"name":"(anonymous_12)","decl":{"start":{"line":178,"column":6},"end":{"line":178,"column":14}},"loc":{"start":{"line":178,"column":26},"end":{"line":178,"column":null}},"line":178},"13":{"name":"(anonymous_13)","decl":{"start":{"line":181,"column":6},"end":{"line":181,"column":15}},"loc":{"start":{"line":181,"column":31},"end":{"line":196,"column":null}},"line":181},"14":{"name":"(anonymous_14)","decl":{"start":{"line":184,"column":15},"end":{"line":184,"column":27}},"loc":{"start":{"line":184,"column":27},"end":{"line":191,"column":null}},"line":184},"15":{"name":"(anonymous_15)","decl":{"start":{"line":192,"column":10},"end":{"line":192,"column":21}},"loc":{"start":{"line":192,"column":34},"end":{"line":194,"column":null}},"line":192},"16":{"name":"(anonymous_16)","decl":{"start":{"line":200,"column":13},"end":{"line":200,"column":23}},"loc":{"start":{"line":200,"column":39},"end":{"line":200,"column":null}},"line":200},"17":{"name":"(anonymous_17)","decl":{"start":{"line":201,"column":13},"end":{"line":201,"column":20}},"loc":{"start":{"line":201,"column":35},"end":{"line":206,"column":null}},"line":201},"18":{"name":"(anonymous_18)","decl":{"start":{"line":207,"column":16},"end":{"line":207,"column":23}},"loc":{"start":{"line":207,"column":31},"end":{"line":211,"column":null}},"line":207},"19":{"name":"(anonymous_19)","decl":{"start":{"line":212,"column":14},"end":{"line":212,"column":21}},"loc":{"start":{"line":213,"column":10},"end":{"line":213,"column":null}},"line":213},"20":{"name":"(anonymous_20)","decl":{"start":{"line":213,"column":32},"end":{"line":213,"column":40}},"loc":{"start":{"line":213,"column":49},"end":{"line":213,"column":88}},"line":213},"21":{"name":"(anonymous_21)","decl":{"start":{"line":215,"column":6},"end":{"line":215,"column":38}},"loc":{"start":{"line":215,"column":38},"end":{"line":242,"column":null}},"line":215},"22":{"name":"(anonymous_22)","decl":{"start":{"line":230,"column":14},"end":{"line":230,"column":27}},"loc":{"start":{"line":230,"column":43},"end":{"line":234,"column":null}},"line":230},"23":{"name":"(anonymous_23)","decl":{"start":{"line":231,"column":49},"end":{"line":231,"column":54}},"loc":{"start":{"line":231,"column":63},"end":{"line":231,"column":74}},"line":231},"24":{"name":"(anonymous_24)","decl":{"start":{"line":237,"column":10},"end":{"line":237,"column":20}},"loc":{"start":{"line":237,"column":28},"end":{"line":237,"column":null}},"line":237},"25":{"name":"(anonymous_25)","decl":{"start":{"line":238,"column":10},"end":{"line":238,"column":20}},"loc":{"start":{"line":238,"column":35},"end":{"line":240,"column":null}},"line":238},"26":{"name":"(anonymous_26)","decl":{"start":{"line":245,"column":6},"end":{"line":245,"column":14}},"loc":{"start":{"line":245,"column":40},"end":{"line":249,"column":null}},"line":245},"27":{"name":"(anonymous_27)","decl":{"start":{"line":252,"column":6},"end":{"line":252,"column":17}},"loc":{"start":{"line":252,"column":34},"end":{"line":291,"column":null}},"line":252},"28":{"name":"(anonymous_28)","decl":{"start":{"line":272,"column":79},"end":{"line":272,"column":84}},"loc":{"start":{"line":272,"column":103},"end":{"line":284,"column":9}},"line":272},"29":{"name":"(anonymous_29)","decl":{"start":{"line":294,"column":6},"end":{"line":294,"column":11}},"loc":{"start":{"line":294,"column":29},"end":{"line":296,"column":null}},"line":294},"30":{"name":"(anonymous_30)","decl":{"start":{"line":300,"column":15},"end":{"line":300,"column":22}},"loc":{"start":{"line":300,"column":31},"end":{"line":306,"column":null}},"line":300},"31":{"name":"(anonymous_31)","decl":{"start":{"line":310,"column":25},"end":{"line":310,"column":32}},"loc":{"start":{"line":310,"column":50},"end":{"line":319,"column":null}},"line":310},"32":{"name":"experimental_client","decl":{"start":{"line":320,"column":6},"end":{"line":320,"column":28}},"loc":{"start":{"line":320,"column":28},"end":{"line":333,"column":null}},"line":320},"33":{"name":"(anonymous_33)","decl":{"start":{"line":322,"column":16},"end":{"line":322,"column":23}},"loc":{"start":{"line":322,"column":54},"end":{"line":331,"column":null}},"line":322},"34":{"name":"(anonymous_34)","decl":{"start":{"line":336,"column":6},"end":{"line":336,"column":15}},"loc":{"start":{"line":336,"column":33},"end":{"line":339,"column":null}},"line":336},"35":{"name":"(anonymous_35)","decl":{"start":{"line":340,"column":6},"end":{"line":340,"column":17}},"loc":{"start":{"line":340,"column":41},"end":{"line":345,"column":null}},"line":340},"36":{"name":"(anonymous_36)","decl":{"start":{"line":348,"column":6},"end":{"line":348,"column":16}},"loc":{"start":{"line":348,"column":35},"end":{"line":351,"column":null}},"line":348},"37":{"name":"(anonymous_37)","decl":{"start":{"line":354,"column":6},"end":{"line":354,"column":16}},"loc":{"start":{"line":354,"column":33},"end":{"line":358,"column":null}},"line":354},"38":{"name":"(anonymous_38)","decl":{"start":{"line":355,"column":38},"end":{"line":355,"column":44}},"loc":{"start":{"line":355,"column":53},"end":{"line":357,"column":9}},"line":355},"39":{"name":"(anonymous_39)","decl":{"start":{"line":359,"column":6},"end":{"line":359,"column":17}},"loc":{"start":{"line":359,"column":54},"end":{"line":382,"column":null}},"line":359},"40":{"name":"(anonymous_40)","decl":{"start":{"line":367,"column":22},"end":{"line":367,"column":40}},"loc":{"start":{"line":367,"column":40},"end":{"line":380,"column":11}},"line":367},"41":{"name":"(anonymous_41)","decl":{"start":{"line":377,"column":38},"end":{"line":377,"column":45}},"loc":{"start":{"line":377,"column":55},"end":{"line":379,"column":11}},"line":377},"42":{"name":"(anonymous_42)","decl":{"start":{"line":381,"column":21},"end":{"line":381,"column":32}},"loc":{"start":{"line":381,"column":32},"end":{"line":381,"column":52}},"line":381},"43":{"name":"(anonymous_43)","decl":{"start":{"line":385,"column":6},"end":{"line":385,"column":31}},"loc":{"start":{"line":385,"column":40},"end":{"line":389,"column":null}},"line":385},"44":{"name":"(anonymous_44)","decl":{"start":{"line":390,"column":6},"end":{"line":390,"column":25}},"loc":{"start":{"line":390,"column":39},"end":{"line":392,"column":null}},"line":390},"45":{"name":"(anonymous_45)","decl":{"start":{"line":393,"column":6},"end":{"line":393,"column":21}},"loc":{"start":{"line":393,"column":38},"end":{"line":399,"column":null}},"line":393},"46":{"name":"(anonymous_46)","decl":{"start":{"line":400,"column":6},"end":{"line":400,"column":38}},"loc":{"start":{"line":400,"column":54},"end":{"line":405,"column":null}},"line":400},"47":{"name":"(anonymous_47)","decl":{"start":{"line":403,"column":21},"end":{"line":403,"column":32}},"loc":{"start":{"line":403,"column":32},"end":{"line":403,"column":51}},"line":403},"48":{"name":"(anonymous_48)","decl":{"start":{"line":406,"column":6},"end":{"line":406,"column":18}},"loc":{"start":{"line":406,"column":31},"end":{"line":409,"column":null}},"line":406},"49":{"name":"(anonymous_49)","decl":{"start":{"line":412,"column":20},"end":{"line":412,"column":27}},"loc":{"start":{"line":412,"column":55},"end":{"line":427,"column":null}},"line":412},"50":{"name":"(anonymous_50)","decl":{"start":{"line":428,"column":6},"end":{"line":428,"column":32}},"loc":{"start":{"line":428,"column":49},"end":{"line":446,"column":null}},"line":428},"51":{"name":"(anonymous_51)","decl":{"start":{"line":437,"column":19},"end":{"line":437,"column":26}},"loc":{"start":{"line":437,"column":38},"end":{"line":444,"column":null}},"line":437},"52":{"name":"(anonymous_52)","decl":{"start":{"line":449,"column":6},"end":{"line":449,"column":27}},"loc":{"start":{"line":449,"column":39},"end":{"line":451,"column":null}},"line":449},"53":{"name":"(anonymous_53)","decl":{"start":{"line":453,"column":4},"end":{"line":453,"column":16}},"loc":{"start":{"line":453,"column":25},"end":{"line":455,"column":null}},"line":453},"54":{"name":"emitThreadEvent","decl":{"start":{"line":466,"column":10},"end":{"line":466,"column":26}},"loc":{"start":{"line":466,"column":33},"end":{"line":476,"column":null}},"line":466},"55":{"name":"getSettings","decl":{"start":{"line":477,"column":4},"end":{"line":477,"column":18}},"loc":{"start":{"line":477,"column":18},"end":{"line":484,"column":null}},"line":477},"56":{"name":"setSettings","decl":{"start":{"line":485,"column":10},"end":{"line":485,"column":22}},"loc":{"start":{"line":485,"column":30},"end":{"line":493,"column":null}},"line":485},"57":{"name":"subscribeRealtime","decl":{"start":{"line":494,"column":4},"end":{"line":494,"column":22}},"loc":{"start":{"line":494,"column":32},"end":{"line":499,"column":null}},"line":494},"58":{"name":"(anonymous_58)","decl":{"start":{"line":496,"column":6},"end":{"line":496,"column":19}},"loc":{"start":{"line":496,"column":19},"end":{"line":498,"column":null}},"line":496},"59":{"name":"dispose","decl":{"start":{"line":500,"column":10},"end":{"line":500,"column":20}},"loc":{"start":{"line":500,"column":20},"end":{"line":519,"column":null}},"line":500},"60":{"name":"runPluginCli","decl":{"start":{"line":523,"column":22},"end":{"line":523,"column":null}},"loc":{"start":{"line":526,"column":37},"end":{"line":536,"column":null}},"line":526},"61":{"name":"validatePluginRequestInput","decl":{"start":{"line":538,"column":16},"end":{"line":538,"column":43}},"loc":{"start":{"line":544,"column":2},"end":{"line":584,"column":null}},"line":544},"62":{"name":"isMainModuleExport","decl":{"start":{"line":586,"column":9},"end":{"line":586,"column":28}},"loc":{"start":{"line":586,"column":91},"end":{"line":588,"column":null}},"line":586},"63":{"name":"importServerFactory","decl":{"start":{"line":590,"column":22},"end":{"line":590,"column":null}},"loc":{"start":{"line":593,"column":29},"end":{"line":603,"column":null}},"line":593},"64":{"name":"(anonymous_64)","decl":{"start":{"line":600,"column":11},"end":{"line":600,"column":23}},"loc":{"start":{"line":600,"column":23},"end":{"line":600,"column":null}},"line":600},"65":{"name":"runFactoryTimeBoxed","decl":{"start":{"line":605,"column":22},"end":{"line":605,"column":null}},"loc":{"start":{"line":609,"column":17},"end":{"line":624,"column":null}},"line":609},"66":{"name":"(anonymous_66)","decl":{"start":{"line":614,"column":10},"end":{"line":614,"column":26}},"loc":{"start":{"line":614,"column":40},"end":{"line":619,"column":7}},"line":614},"67":{"name":"(anonymous_67)","decl":{"start":{"line":615,"column":16},"end":{"line":615,"column":null}},"loc":{"start":{"line":616,"column":16},"end":{"line":616,"column":null}},"line":616},"68":{"name":"containsNativeAddon","decl":{"start":{"line":626,"column":16},"end":{"line":626,"column":36}},"loc":{"start":{"line":626,"column":81},"end":{"line":635,"column":null}},"line":626},"69":{"name":"(anonymous_69)","decl":{"start":{"line":627,"column":17},"end":{"line":627,"column":23}},"loc":{"start":{"line":627,"column":31},"end":{"line":634,"column":3}},"line":627},"70":{"name":"resolveContainedEntry","decl":{"start":{"line":637,"column":16},"end":{"line":637,"column":38}},"loc":{"start":{"line":637,"column":81},"end":{"line":650,"column":null}},"line":637}},"branchMap":{"0":{"loc":{"start":{"line":81,"column":2},"end":{"line":81,"column":null}},"type":"if","locations":[{"start":{"line":81,"column":2},"end":{"line":81,"column":null}},{"start":{},"end":{}}],"line":81},"1":{"loc":{"start":{"line":137,"column":4},"end":{"line":137,"column":null}},"type":"if","locations":[{"start":{"line":137,"column":4},"end":{"line":137,"column":null}},{"start":{},"end":{}}],"line":137},"2":{"loc":{"start":{"line":145,"column":4},"end":{"line":148,"column":null}},"type":"if","locations":[{"start":{"line":145,"column":4},"end":{"line":148,"column":null}},{"start":{},"end":{}}],"line":145},"3":{"loc":{"start":{"line":150,"column":4},"end":{"line":150,"column":null}},"type":"if","locations":[{"start":{"line":150,"column":4},"end":{"line":150,"column":null}},{"start":{},"end":{}}],"line":150},"4":{"loc":{"start":{"line":161,"column":6},"end":{"line":164,"column":null}},"type":"if","locations":[{"start":{"line":161,"column":6},"end":{"line":164,"column":null}},{"start":{},"end":{}}],"line":161},"5":{"loc":{"start":{"line":165,"column":6},"end":{"line":167,"column":null}},"type":"if","locations":[{"start":{"line":165,"column":6},"end":{"line":167,"column":null}},{"start":{},"end":{}}],"line":165},"6":{"loc":{"start":{"line":188,"column":26},"end":{"line":188,"column":null}},"type":"binary-expr","locations":[{"start":{"line":188,"column":26},"end":{"line":188,"column":41}},{"start":{"line":188,"column":41},"end":{"line":188,"column":null}}],"line":188},"7":{"loc":{"start":{"line":213,"column":49},"end":{"line":213,"column":88}},"type":"cond-expr","locations":[{"start":{"line":213,"column":58},"end":{"line":213,"column":83}},{"start":{"line":213,"column":83},"end":{"line":213,"column":88}}],"line":213},"8":{"loc":{"start":{"line":247,"column":8},"end":{"line":247,"column":null}},"type":"if","locations":[{"start":{"line":247,"column":8},"end":{"line":247,"column":null}},{"start":{},"end":{}}],"line":247},"9":{"loc":{"start":{"line":254,"column":8},"end":{"line":256,"column":null}},"type":"if","locations":[{"start":{"line":254,"column":8},"end":{"line":256,"column":null}},{"start":{},"end":{}}],"line":254},"10":{"loc":{"start":{"line":258,"column":8},"end":{"line":262,"column":null}},"type":"if","locations":[{"start":{"line":258,"column":8},"end":{"line":262,"column":null}},{"start":{},"end":{}}],"line":258},"11":{"loc":{"start":{"line":258,"column":12},"end":{"line":258,"column":85}},"type":"binary-expr","locations":[{"start":{"line":258,"column":12},"end":{"line":258,"column":40}},{"start":{"line":258,"column":40},"end":{"line":258,"column":85}}],"line":258},"12":{"loc":{"start":{"line":263,"column":8},"end":{"line":265,"column":null}},"type":"if","locations":[{"start":{"line":263,"column":8},"end":{"line":265,"column":null}},{"start":{},"end":{}}],"line":263},"13":{"loc":{"start":{"line":266,"column":8},"end":{"line":268,"column":null}},"type":"if","locations":[{"start":{"line":266,"column":8},"end":{"line":268,"column":null}},{"start":{},"end":{}}],"line":266},"14":{"loc":{"start":{"line":266,"column":12},"end":{"line":266,"column":98}},"type":"binary-expr","locations":[{"start":{"line":266,"column":12},"end":{"line":266,"column":56}},{"start":{"line":266,"column":56},"end":{"line":266,"column":98}}],"line":266},"15":{"loc":{"start":{"line":269,"column":8},"end":{"line":271,"column":null}},"type":"if","locations":[{"start":{"line":269,"column":8},"end":{"line":271,"column":null}},{"start":{},"end":{}}],"line":269},"16":{"loc":{"start":{"line":272,"column":50},"end":{"line":272,"column":77}},"type":"binary-expr","locations":[{"start":{"line":272,"column":50},"end":{"line":272,"column":75}},{"start":{"line":272,"column":75},"end":{"line":272,"column":77}}],"line":272},"17":{"loc":{"start":{"line":273,"column":10},"end":{"line":282,"column":null}},"type":"if","locations":[{"start":{"line":273,"column":10},"end":{"line":282,"column":null}},{"start":{},"end":{}}],"line":273},"18":{"loc":{"start":{"line":274,"column":12},"end":{"line":277,"column":null}},"type":"binary-expr","locations":[{"start":{"line":274,"column":12},"end":{"line":274,"column":null}},{"start":{"line":275,"column":15},"end":{"line":275,"column":null}},{"start":{"line":276,"column":15},"end":{"line":276,"column":null}},{"start":{"line":277,"column":15},"end":{"line":277,"column":null}}],"line":274},"19":{"loc":{"start":{"line":302,"column":10},"end":{"line":304,"column":null}},"type":"if","locations":[{"start":{"line":302,"column":10},"end":{"line":304,"column":null}},{"start":{},"end":{}}],"line":302},"20":{"loc":{"start":{"line":312,"column":8},"end":{"line":312,"column":null}},"type":"if","locations":[{"start":{"line":312,"column":8},"end":{"line":312,"column":null}},{"start":{},"end":{}}],"line":312},"21":{"loc":{"start":{"line":315,"column":8},"end":{"line":317,"column":null}},"type":"if","locations":[{"start":{"line":315,"column":8},"end":{"line":317,"column":null}},{"start":{},"end":{}}],"line":315},"22":{"loc":{"start":{"line":324,"column":12},"end":{"line":324,"column":null}},"type":"if","locations":[{"start":{"line":324,"column":12},"end":{"line":324,"column":null}},{"start":{},"end":{}}],"line":324},"23":{"loc":{"start":{"line":327,"column":12},"end":{"line":329,"column":null}},"type":"if","locations":[{"start":{"line":327,"column":12},"end":{"line":329,"column":null}},{"start":{},"end":{}}],"line":327},"24":{"loc":{"start":{"line":343,"column":10},"end":{"line":343,"column":null}},"type":"if","locations":[{"start":{"line":343,"column":10},"end":{"line":343,"column":null}},{"start":{},"end":{}}],"line":343},"25":{"loc":{"start":{"line":356,"column":10},"end":{"line":356,"column":null}},"type":"if","locations":[{"start":{"line":356,"column":10},"end":{"line":356,"column":null}},{"start":{},"end":{}}],"line":356},"26":{"loc":{"start":{"line":362,"column":21},"end":{"line":362,"column":null}},"type":"cond-expr","locations":[{"start":{"line":362,"column":29},"end":{"line":362,"column":42}},{"start":{"line":362,"column":42},"end":{"line":362,"column":null}}],"line":362},"27":{"loc":{"start":{"line":363,"column":21},"end":{"line":363,"column":null}},"type":"cond-expr","locations":[{"start":{"line":363,"column":29},"end":{"line":363,"column":41}},{"start":{"line":363,"column":41},"end":{"line":363,"column":null}}],"line":363},"28":{"loc":{"start":{"line":364,"column":20},"end":{"line":364,"column":null}},"type":"cond-expr","locations":[{"start":{"line":364,"column":28},"end":{"line":364,"column":39}},{"start":{"line":364,"column":39},"end":{"line":364,"column":null}}],"line":364},"29":{"loc":{"start":{"line":365,"column":8},"end":{"line":365,"column":null}},"type":"if","locations":[{"start":{"line":365,"column":8},"end":{"line":365,"column":null}},{"start":{},"end":{}}],"line":365},"30":{"loc":{"start":{"line":366,"column":27},"end":{"line":366,"column":null}},"type":"cond-expr","locations":[{"start":{"line":366,"column":34},"end":{"line":366,"column":60}},{"start":{"line":366,"column":60},"end":{"line":366,"column":null}}],"line":366},"31":{"loc":{"start":{"line":368,"column":10},"end":{"line":368,"column":null}},"type":"if","locations":[{"start":{"line":368,"column":10},"end":{"line":368,"column":null}},{"start":{},"end":{}}],"line":368},"32":{"loc":{"start":{"line":370,"column":10},"end":{"line":376,"column":null}},"type":"if","locations":[{"start":{"line":370,"column":10},"end":{"line":376,"column":null}},{"start":{},"end":{}}],"line":370},"33":{"loc":{"start":{"line":372,"column":12},"end":{"line":372,"column":null}},"type":"if","locations":[{"start":{"line":372,"column":12},"end":{"line":372,"column":null}},{"start":{},"end":{}}],"line":372},"34":{"loc":{"start":{"line":378,"column":59},"end":{"line":378,"column":72}},"type":"binary-expr","locations":[{"start":{"line":378,"column":59},"end":{"line":378,"column":67}},{"start":{"line":378,"column":67},"end":{"line":378,"column":72}}],"line":378},"35":{"loc":{"start":{"line":387,"column":24},"end":{"line":387,"column":null}},"type":"cond-expr","locations":[{"start":{"line":387,"column":51},"end":{"line":387,"column":65}},{"start":{"line":387,"column":65},"end":{"line":387,"column":null}}],"line":387},"36":{"loc":{"start":{"line":388,"column":8},"end":{"line":388,"column":null}},"type":"if","locations":[{"start":{"line":388,"column":8},"end":{"line":388,"column":null}},{"start":{},"end":{}}],"line":388},"37":{"loc":{"start":{"line":395,"column":8},"end":{"line":397,"column":null}},"type":"if","locations":[{"start":{"line":395,"column":8},"end":{"line":397,"column":null}},{"start":{},"end":{}}],"line":395},"38":{"loc":{"start":{"line":395,"column":12},"end":{"line":395,"column":79}},"type":"binary-expr","locations":[{"start":{"line":395,"column":12},"end":{"line":395,"column":35}},{"start":{"line":395,"column":35},"end":{"line":395,"column":79}}],"line":395},"39":{"loc":{"start":{"line":415,"column":8},"end":{"line":417,"column":null}},"type":"if","locations":[{"start":{"line":415,"column":8},"end":{"line":417,"column":null}},{"start":{},"end":{}}],"line":415},"40":{"loc":{"start":{"line":430,"column":8},"end":{"line":432,"column":null}},"type":"if","locations":[{"start":{"line":430,"column":8},"end":{"line":432,"column":null}},{"start":{},"end":{}}],"line":430},"41":{"loc":{"start":{"line":430,"column":12},"end":{"line":430,"column":76}},"type":"binary-expr","locations":[{"start":{"line":430,"column":12},"end":{"line":430,"column":33}},{"start":{"line":430,"column":33},"end":{"line":430,"column":76}}],"line":430},"42":{"loc":{"start":{"line":439,"column":14},"end":{"line":441,"column":null}},"type":"cond-expr","locations":[{"start":{"line":440,"column":18},"end":{"line":440,"column":null}},{"start":{"line":441,"column":18},"end":{"line":441,"column":null}}],"line":439},"43":{"loc":{"start":{"line":439,"column":14},"end":{"line":439,"column":null}},"type":"binary-expr","locations":[{"start":{"line":439,"column":14},"end":{"line":439,"column":30}},{"start":{"line":439,"column":30},"end":{"line":439,"column":66}},{"start":{"line":439,"column":66},"end":{"line":439,"column":null}}],"line":439},"44":{"loc":{"start":{"line":440,"column":26},"end":{"line":440,"column":74}},"type":"binary-expr","locations":[{"start":{"line":440,"column":26},"end":{"line":440,"column":72}},{"start":{"line":440,"column":72},"end":{"line":440,"column":74}}],"line":440},"45":{"loc":{"start":{"line":468,"column":8},"end":{"line":474,"column":null}},"type":"if","locations":[{"start":{"line":468,"column":8},"end":{"line":474,"column":null}},{"start":{},"end":{}}],"line":468},"46":{"loc":{"start":{"line":481,"column":22},"end":{"line":481,"column":null}},"type":"binary-expr","locations":[{"start":{"line":481,"column":22},"end":{"line":481,"column":37}},{"start":{"line":481,"column":37},"end":{"line":481,"column":null}}],"line":481},"47":{"loc":{"start":{"line":490,"column":25},"end":{"line":490,"column":null}},"type":"binary-expr","locations":[{"start":{"line":490,"column":25},"end":{"line":490,"column":38}},{"start":{"line":490,"column":38},"end":{"line":490,"column":null}}],"line":490},"48":{"loc":{"start":{"line":528,"column":2},"end":{"line":530,"column":null}},"type":"if","locations":[{"start":{"line":528,"column":2},"end":{"line":530,"column":null}},{"start":{},"end":{}}],"line":528},"49":{"loc":{"start":{"line":545,"column":2},"end":{"line":547,"column":null}},"type":"if","locations":[{"start":{"line":545,"column":2},"end":{"line":547,"column":null}},{"start":{},"end":{}}],"line":545},"50":{"loc":{"start":{"line":545,"column":6},"end":{"line":545,"column":47}},"type":"binary-expr","locations":[{"start":{"line":545,"column":6},"end":{"line":545,"column":18}},{"start":{"line":545,"column":18},"end":{"line":545,"column":47}}],"line":545},"51":{"loc":{"start":{"line":548,"column":2},"end":{"line":550,"column":null}},"type":"
[...]
ined:undefined:undefined:undefined":8,"s:253:2:257:Infinity":32,"b:253:6:253:39:253:39:253:99":9,"s:254:4:256:Infinity":33,"f:260:9:260:27":6,"s:261:21:265:Infinity":34,"s:266:16:266:Infinity":35,"f:266:27:266:33":7,"s:266:41:266:56":36,"b:267:2:267:Infinity:undefined:undefined:undefined:undefined":10,"s:267:2:267:Infinity":37,"s:267:14:267:Infinity":38,"s:268:2:268:Infinity":39,"f:271:16:271:36":8,"s:272:29:272:Infinity":40,"s:273:41:275:Infinity":41,"s:276:15:276:Infinity":42,"s:277:22:277:Infinity":43,"b:277:22:277:42:277:42:277:Infinity":11,"s:278:21:278:Infinity":44,"b:278:21:278:46:278:46:278:Infinity":12,"s:279:14:279:Infinity":45,"b:279:14:279:26:279:26:279:Infinity":13,"s:280:17:280:Infinity":46,"s:281:19:281:Infinity":47,"b:281:19:281:36:281:36:281:Infinity":14,"s:282:19:282:Infinity":48,"b:282:19:282:36:282:36:282:Infinity":15,"s:283:20:283:Infinity":49,"b:283:20:283:38:283:38:283:Infinity":16,"s:284:2:284:Infinity":50,"f:286:11:286:59":9,"s:287:4:313:Infinity":51,"f:287:24:287:29":10,"s:288:6:312:Infinity":52,"s:289:25:289:Infinity":53,"s:290:8:301:Infinity":54,"b:296:16:296:61:296:61:296:Infinity":17,"s:303:8:311:Infinity":55,"f:316:17:316:51":11,"s:317:4:321:Infinity":56,"s:318:6:318:Infinity":57,"f:324:17:324:50":12,"s:325:4:329:Infinity":58,"s:326:6:326:Infinity":59,"f:332:11:332:55":13,"s:333:41:333:Infinity":60,"s:334:4:343:Infinity":61,"s:335:27:335:Infinity":62,"b:336:6:336:Infinity:undefined:undefined:undefined:undefined":18,"s:336:6:336:Infinity":63,"s:336:25:336:Infinity":64,"s:337:6:342:Infinity":65,"b:341:18:341:43:341:43:341:Infinity":19,"s:344:4:344:Infinity":66,"f:344:15:344:21":14,"s:344:37:344:80":67,"f:347:11:347:30":15,"s:348:75:348:Infinity":68,"s:349:4:357:Infinity":69,"s:350:6:356:Infinity":70,"b:350:29:350:68:350:68:350:72":20,"s:351:8:355:Infinity":71,"b:354:33:354:65:354:65:354:Infinity":21,"s:358:4:358:Infinity":72,"f:361:11:361:38":16,"s:362:4:366:Infinity":73,"f:363:7:363:16":17,"s:363:27:364:Infinity":74,"b:364:9:364:46:364:46:364:48":22,"f:364:50:364:55":18,"s:364:65:364:84":75,"f:366:7:366:15":19,"s:366:23:366:49":76,"f:369:17:369:94":20,"s:370:59:370:Infinity":77,"s:371:4:381:Infinity":78,"s:372:6:380:Infinity":79,"b:372:29:372:65:372:65:372:69":23,"s:373:8:379:Infinity":80,"s:374:25:374:Infinity":81,"s:375:23:375:Infinity":82,"b:376:10:376:Infinity:undefined:undefined:undefined:undefined":24,"s:376:10:376:Infinity":83,"s:376:20:376:Infinity":84,"s:382:4:382:Infinity":85,"f:385:17:385:47":21,"s:386:4:411:Infinity":86,"s:387:6:387:Infinity":87,"s:388:6:391:Infinity":88,"s:392:29:392:Infinity":89,"s:393:6:407:Infinity":90,"b:394:8:394:Infinity:undefined:undefined:undefined:undefined":25,"s:394:8:394:Infinity":91,"s:394:26:394:Infinity":92,"s:395:8:406:Infinity":93,"s:396:27:396:Infinity":94,"s:397:10:403:Infinity":95,"s:408:6:408:Infinity":96,"s:410:6:410:Infinity":97,"f:414:11:414:21":22,"b:415:4:415:Infinity:undefined:undefined:undefined:undefined":26,"s:415:4:415:Infinity":98,"s:415:23:415:Infinity":99,"s:416:4:425:Infinity":100,"s:419:19:419:Infinity":101,"s:420:20:420:Infinity":102,"s:421:24:421:Infinity":103,"s:422:6:422:Infinity":104,"s:424:6:424:Infinity":105,"f:428:17:428:28":23,"s:429:20:429:Infinity":106,"b:430:4:430:Infinity:undefined:undefined:undefined:undefined":27,"s:430:4:430:Infinity":107,"s:430:18:430:Infinity":108,"s:431:4:431:Infinity":109,"s:432:4:432:Infinity":110,"f:435:17:435:25":24,"s:436:21:436:Infinity":111,"b:437:4:443:Infinity:undefined:undefined:undefined:undefined":28,"s:437:4:443:Infinity":112,"s:438:6:438:Infinity":113,"s:439:23:439:Infinity":114,"s:440:6:440:Infinity":115,"s:441:6:441:Infinity":116,"s:442:6:442:Infinity":117,"b:444:4:460:Infinity:undefined:undefined:undefined:undefined":29,"s:444:4:460:Infinity":118,"b:445:6:454:Infinity:undefined:undefined:undefined:undefined":30,"s:445:6:454:Infinity":119,"b:445:10:445:30:445:30:445:65":31,"s:446:21:450:Infinity":120,"s:451:8:451:Infinity":121,"s:452:8:452:Infinity":122,"s:453:8:453:Infinity":123,"s:455:6:455:Infinity":124,"s:456:23:456:Infinity":125,"s:457:6:457:Infinity":126,"s:458:6:458:Infinity":127,"s:459:6:459:Infinity":128,"s:461:18:461:Infinity":129,"b:462:4:468:Infinity:undefined:undefined:undefined:undefined":32,"s:462:4:468:Infinity":130,"s:463:6:463:Infinity":131,"s:464:23:464:Infinity":132,"s:465:6:465:Infinity":133,"s:466:6:466:Infinity":134,"s:467:6:467:Infinity":135,"s:469:46:469:Infinity":136,"s:470:19:486:Infinity":137,"f:473:6:473:29":25,"s:474:8:474:Infinity":138,"f:476:6:476:28":26,"s:477:8:484:Infinity":139,"s:478:27:478:Infinity":140,"s:479:10:481:Infinity":141,"b:480:14:480:Infinity:481:14:481:Infinity":33,"s:483:10:483:Infinity":142,"s:487:16:487:Infinity":143,"s:488:27:488:Infinity":144,"s:489:4:492:Infinity":145,"f:489:19:489:29":27,"s:490:6:490:Infinity":146,"s:491:6:491:Infinity":147,"s:493:29:493:Infinity":148,"s:494:4:499:Infinity":149,"f:494:19:494:31":28,"s:495:6:495:Infinity":150,"s:496:6:498:Infinity":151,"b:497:8:497:Infinity:undefined:undefined:undefined:undefined":34,"s:497:8:497:Infinity":152,"s:497:43:497:Infinity":153,"s:500:4:532:Infinity":154,"b:501:6:505:Infinity:undefined:undefined:undefined:undefined":35,"s:501:6:505:Infinity":155,"s:502:22:502:Infinity":156,"s:503:24:503:Infinity":157,"s:504:8:504:Infinity":158,"s:506:22:510:Infinity":159,"b:508:40:508:64:508:64:508:Infinity":36,"s:511:6:511:Infinity":160,"s:512:6:512:Infinity":161,"b:513:6:515:Infinity:undefined:undefined:undefined:undefined":37,"s:513:6:515:Infinity":162,"b:513:10:513:22:513:22:513:41:513:41:513:69":38,"s:514:8:514:Infinity":163,"s:517:6:517:Infinity":164,"s:518:21:518:Infinity":165,"b:518:46:518:62:518:62:518:Infinity":39,"b:519:6:528:Infinity:undefined:undefined:undefined:undefined":40,"s:519:6:528:Infinity":166,"b:519:10:519:30:519:30:519:65":41,"s:520:21:524:Infinity":167,"s:525:8:525:Infinity":168,"s:526:8:526:Infinity":169,"s:527:8:527:Infinity":170,"s:529:23:529:Infinity":171,"s:530:6:530:Infinity":172,"s:531:6:531:Infinity":173,"f:535:17:535:29":29,"b:546:4:562:Infinity:undefined:undefined:undefined:undefined":42,"s:546:4:562:Infinity":174,"s:547:22:547:Infinity":175,"b:548:6:550:Infinity:undefined:undefined:undefined:undefined":43,"s:548:6:550:Infinity":176,"b:548:10:548:34:548:34:548:68":44,"s:549:8:549:Infinity":177,"s:551:6:561:Infinity":178,"b:563:4:578:Infinity:undefined:undefined:undefined:undefined":45,"s:563:4:578:Infinity":179,"s:564:18:564:Infinity":180,"b:565:6:565:Infinity:undefined:undefined:undefined:undefined":46,"s:565:6:565:Infinity":181,"s:565:16:565:Infinity":182,"s:566:22:566:Infinity":183,"s:567:6:577:Infinity":184,"b:569:38:569:50:569:50:569:Infinity":47,"b:579:4:602:Infinity:undefined:undefined:undefined:undefined":48,"s:579:4:602:Infinity":185,"s:580:20:580:Infinity":186,"s:581:19:581:Infinity":187,"s:582:6:582:Infinity":188,"s:583:6:583:Infinity":189,"s:584:6:584:Infinity":190,"s:585:19:585:Infinity":191,"b:585:33:585:67:585:67:585:Infinity":49,"s:586:21:586:Infinity":192,"b:587:6:587:Infinity:undefined:undefined:undefined:undefined":50,"s:587:6:587:Infinity":193,"s:587:29:587:Infinity":194,"b:587:45:587:62:587:62:587:94":51,"s:588:22:588:Infinity":195,"b:589:6:589:Infinity:undefined:undefined:undefined:undefined":52,"s:589:6:589:Infinity":196,"s:589:32:589:Infinity":197,"s:590:18:590:Infinity":198,"s:591:6:601:Infinity":199,"b:596:28:596:43:596:43:596:58:596:58:596:Infinity":53,"b:603:4:620:Infinity:undefined:undefined:undefined:undefined":54,"s:603:4:620:Infinity":200,"s:604:20:604:Infinity":201,"s:605:19:605:Infinity":202,"s:606:6:606:Infinity":203,"s:607:6:607:Infinity":204,"s:608:21:608:Infinity":205,"s:609:6:619:Infinity":206,"s:621:4:621:Infinity":207,"f:624:17:624:31":30,"s:625:25:625:Infinity":208,"s:626:21:626:Infinity":209,"s:627:4:627:Infinity":210,"s:628:15:628:Infinity":211,"s:629:21:629:Infinity":212,"s:630:36:652:Infinity":213,"b:635:12:635:38:635:38:635:Infinity":55,"b:650:19:650:44:650:44:650:Infinity":56,"s:653:4:653:Infinity":214,"s:654:4:654:Infinity":215,"s:655:4:655:Infinity":216,"s:656:4:656:Infinity":217,"s:657:4:657:Infinity":218,"b:657:11:657:37:657:37:657:Infinity":57,"f:660:11:660:42":31,"s:661:4:719:Infinity":219,"f:661:24:661:29":32,"s:662:33:662:Infinity":220,"s:663:44:663:Infinity":221,"s:664:43:664:Infinity":222,"s:666:42:666:Infinity":223,"s:667:6:699:Infinity":224,"s:668:25:668:Infinity":225,"s:669:8:669:Infinity":226,"s:670:8:670:Infinity":227,"s:671:8:671:Infinity":228,"s:672:8:680:Infinity":229,"f:672:41:672:46":33,"s:672:58:680:10":230,"b:678:32:678:58:678:58:678:Infinity":58,"s:681:8:696:Infinity":231,"b:681:18:681:37:681:37:681:39":59,"f:681:41:681:50":34,"s:682:10:695:Infinity":232,"s:683:25:683:Infinity":233,"s:684:24:684:Infinity":234,"s:685:28:685:Infinity":235,"s:686:12:692:Infinity":236,"b:690:38:690:75:690:75:690:Infinity":60,"s:694:12:694:Infinity":237,"s:698:8:698:Infinity":238,"s:700:6:718:Infinity":239,"s:722:2:981:Infinity":240,"f:723:4:723:16":35,"s:723:16:723:Infinity":241,"f:724:4:724:10":36,"s:724:17:724:Infinity":242,"f:725:4:725:13":37,"s:725:20:725:Infinity":243,"f:726:10:726:18":38,"s:727:21:727:Infinity":244,"b:728:6:746:Infinity:undefined:undefined:undefined:undefined":61,"s:728:6:746:Infinity":245,"s:729:25:734:Infinity":246,"s:735:20:735:Infinity":247,"s:736:24:742:Infinity":248,"s:743:8:743:Infinity":249,"s:744:8:744:Infinity":250,"s:745:8:745:Infinity":251,"s:747:18:747:Infinity":252,"s:748:6:748:Infinity":253,"s:749:6:749:Infinity":254,"f:751:10:751:17":39,"s:752:18:752:Infinity":255,"b:753:6:753:Infinity:undefined:undefined:undefined:undefined":62,"s:753:6:753:Infinity":256,"s:753:16:753:Infinity":257,"s:754:19:754:Infinity":258,"s:755:6:755:Infinity":259,"s:756:6:756:Infinity":260,"s:757:6:757:Infinity":261,"s:758:6:758:Infinity":262,"s:759:22:759:Infinity":263,"b:759:22:759:39:759:39:759:Infinity":63,"s:760:6:760:Infinity":264,"s:761:6:761:Infinity":265,"f:763:10:763:18":40,"s:764:18:764:Infinity":266,"b:765:6:765:Infinity:undefined:undefined:undefined:undefined":64,"s:765:6:765:Infinity":267,"s:765:16:765:Infinity":268,"s:766:6:766:Infinity":269,"s:767:19:767:Infinity":270,"s:768:6:768:Infinity":271,"s:769:6:769:Infinity":272,"s:770:6:770:Infinity":273,"s:771:6:771:Infinity":274,"s:772:6:772:Infinity":275,"s:773:6:773:Infinity":276,"f:775:10:775:17":41,"s:776:6:776:Infinity":277,"s:777:18:777:Infinity":278,"b:778:6:780:Infinity:undefined:undefined:undefined:undefined":65,"s:778:6:780:Infinity":279,"b:778:10:778:17:778:17:778:46:778:46:778:101":66,"s:779:8:779:Infinity":280,"s:781:6:781:Infinity":281,"s:782:6:782:Infinity":282,"s:783:6:783:Infinity":283,"f:785:10:785:17":42,"s:786:18:786:Infinity":284,"b:787:6:787:Infinity:undefined:undefined:undefined:undefined":67,"s:787:6:787:Infinity":285,"s:787:16:787:Infinity":286,"s:790:19:790:Infinity":287,"s:791:6:791:Infinity":288,"s:792:6:792:Infinity":289,"s:793:6:793:Infinity":290,"s:794:6:794:Infinity":291,"s:795:22:795:Infinity":292,"b:795:22:795:39:795:39:795:Infinity":68,"s:796:6:796:Infinity":293,"s:797:6:797:Infinity":294,"f:799:10:799:30":43,"s:800:46:800:Infinity":295,"s:801:6:809:Infinity":296,"b:802:8:802:Infinity:undefined:undefined:undefined:undefined":69,"s:802:8:802:Infinity":297,"s:802:30:802:Infinity":298,"b:803:8:803:Infinity:undefined:undefined:undefined:undefined":70,"s:803:8:803:Infinity":299,"s:803:37:803:Infinity":300,"s:804:8:808:Infinity":301,"s:805:10:805:Infinity":302,"s:810:6:810:Infinity":303,"f:812:10:812:18":44,"s:813:6:813:Infinity":304,"s:814:6:814:Infinity":305,"s:815:6:817:Infinity":306,"b:816:8:816:Infinity:undefined:undefined:undefined:undefined":71,"s:816:8:816:Infinity":307,"s:816:31:816:Infinity":308,"s:818:6:818:Infinity":309,"s:819:6:819:Infinity":310,"s:820:6:820:Infinity":311,"f:826:10:826:24":45,"s:827:19:827:Infinity":312,"b:828:6:828:Infinity:undefined:undefined:undefined:undefined":72,"s:828:6:828:Infinity":313,"s:828:16:828:Infinity":314,"s:829:20:829:Infinity":315,"f:829:39:829:45":46,"s:829:53:829:91":316,"b:829:53:829:72:829:72:829:91":73,"s:830:21:830:Infinity":317,"b:830:29:830:64:830:64:830:Infinity":74,"b:831:6:831:Infinity:undefined:undefined:undefined:undefined":75,"s:831:6:831:Infinity":318,"s:831:19:831:Infinity":319,"s:832:6:832:Infinity":320,"f:834:10:834:23":47,"s:835:21:835:Infinity":321,"b:835:21:835:63:835:63:835:Infinity":76,"s:836:20:836:Infinity":322,"f:836:27:836:33":48,"s:836:41:836:99":323,"b:836:41:836:74:836:74:836:99":77,"b:837:6:837:Infinity:undefined:undefined:undefined:undefined":78,"s:837:6:837:Infinity":324,"s:837:18:837:Infinity":325,"s:838:6:838:Infinity":326,"f:840:10:840:26":49,"s:841:6:843:Infinity":327,"f:842:27:842:32":50,"s:842:44:842:103":328,"b:842:44:842:86:842:86:842:103":79,"f:845:10:845:18":51,"s:846:22:846:Infinity":329,"s:847:22:847:Infinity":330,"b:848:6:848:Infinity:undefined:undefined:undefined:undefined":80,"s:848:6:848:Infinity":331,"s:848:20:848:Infinity":332,"s:849:6:849:Infinity":333,"f:851:4:851:16":52,"s:852:6:852:Infinity":334,"b:852:13:852:58:852:58:852:Infinity":81,"f:854:10:854:22":53,"s:855:21:855:Infinity":335,"b:856:6:856:Infinity:undefined:undefined:undefined:undefined":82,"s:856:6:856:Infinity":336,"s:856:19:856:Infinity":337,"s:857:6:857:Infinity":338,"s:858:6:858:Infinity":339,"f:860:4:860:28":54,"s:860:28:860:Infinity":340,"f:861:10:861:25":55,"s:862:21:862:Infinity":341,"s:863:20:863:Infinity":342,"s:864:6:864:Infinity":343,"f:866:10:866:29":56,"s:867:21:867:Infinity":344,"s:868:22:868:Infinity":345,"s:869:6:877:Infinity":346,"s:870:22:870:Infinity":347,"s:871:8:871:Infinity":348,"s:873:24:873:Infinity":349,"b:873:49:873:65:873:65:873:Infinity":83,"s:874:20:874:Infinity":350,"b:875:8:875:Infinity:undefined:undefined:undefined:undefined":84,"s:875:8:875:Infinity":351,"s:875:18:875:Infinity":352,"s:876:8:876:Infinity":353,"f:879:10:879:28":57,"s:880:21:880:Infinity":354,"s:881:6:881:Infinity":355,"f:883:10:883:24":58,"s:884:16:884:Infinity":356,"s:885:39:885:Infinity":357,"s:886:6:897:Infinity":358,"s:887:20:887:Infinity":359,"b:887:51:887:67:887:67:887:72":85,"b:888:8:896:Infinity:undefined:undefined:undefined:undefined":86,"s:888:8:896:Infinity":360,"b:888:12:888:18:888:18:888:35":87,"s:889:10:895:Infinity":361,"s:898:6:917:Infinity":362,"s:899:8:916:Infinity":363,"s:900:24:901:Infinity":364,"b:900:24:900:Infinity:901:15:901:Infinity":88,"s:902:10:913:Infinity":365,"s:903:24:903:Infinity":366,"b:904:12:912:Infinity:undefined:undefined:undefined:undefined":89,"s:904:12:912:Infinity":367,"b:904:16:904:22:904:22:904:39":90,"s:905:14:911:Infinity":368,"s:918:6:918:Infinity":369,"f:920:10:920:25":59,"s:921:41:921:Infinity":370,"s:922:6:952:Infinity":371,"b:923:8:923:Infinity:undefined:undefined:undefined:undefined":91,"s:923:8:923:Infinity":372,"b:923:12:923:39:923:39:923:60":92,"s:923:60:923:Infinity":373,"s:924:8:951:Infinity":374,"s:925:23:930:Infinity":375,"s:931:25:931:Infinity":376,"s:933:12:933:Infinity":377,"b:933:37:933:67:933:67:933:Infinity":93,"b:933:37:933:52:933:52:933:67":94,"b:933:67:933:92:933:92:933:Infinity":95,"b:934:10:948:Infinity:941:17:948:Infinity":96,"s:934:10:948:Infinity":378,"b:934:14:934:39:934:39:934:54:934:54:934:101":97,"s:935:12:940:Infinity":379,"b:941:17:948:Infinity:undefined:undefined:undefined:undefined":98,"s:941:17:948:Infinity":380,"b:941:21:941:34:941:34:941:63:941:63:941:100":99,"s:942:12:947:Infinity":381,"b:944:23:944:49:944:49:944:Infinity":100,"s:953:6:953:Infinity":382,"f:955:10:955:22":60,"s:956:18:956:Infinity":383,"b:957:6:957:Infinity:undefined:undefined:undefined:undefined":101,"s:957:6:957:Infinity":384,"s:957:16:957:Infinity":385,"b:958:6:976:Infinity:undefined:undefined:undefined:undefined":102,"s:958:6:976:Infinity":386,"b:958:10:958:36:958:36:958:56":103,"s:959:25:964:Infinity":387,"s:965:21:965:Infinity":388,"s:966:24:972:Infinity":389,"s:973:8:973:Infinity":390,"s:974:8:974:Infinity":391,"s:975:8:975:Infinity":392,"s:977:19:977:Infinity":393,"s:978:6:978:Infinity":394,"s:979:6:979:Infinity":395,"f:984:15:984:Infinity":61,"s:989:21:989:Infinity":396,"b:990:2:990:Infinity:undefined:undefined:undefined:undefined":104,"s:990:2:990:Infinity":397,"b:990:6:990:33:990:33:990:70":105,"s:990:70:990:Infinity":398,"s:991:41:991:Infinity":399,"s:992:2:999:Infinity":400,"s:993:16:993:Infinity":401,"s:996:4:996:Infinity":402,"b:996:14:996:29:996:29:996:Infinity":106,"s:1000:56:1000:Infinity":403,"s:1001:2:1005:Infinity":404,"s:1002:4:1002:Infinity":405,"s:1006:2:1018:Infinity":406,"b:1007:4:1007:Infinity:undefined:undefined:undefined:undefined":107,"s:1007:4:1007:Infinity":407,"s:1007:32:1007:Infinity":408,"s:1008:16:1008:Infinity":409,"b:1009:4:1009:Infinity:undefined:undefined:undefined:undefined":108,"s:1009:4:1009:Infinity":410,"s:1009:38:1009:Infinity":411,"b:1010:4:1010:Infinity:undefined:undefined:undefined:undefined":109,"s:1010:4:1010:Infinity":412,"s:1010:25:1010:Infinity":413,"s:1011:21:1011:Infinity":414,"s:1012:22:1012:Infinity":415,"b:1012:57:1012:68:1012:68:1012:Infinity":110,"b:1012:22:1012:34:1012:34:1012:57":111,"s:1013:4:1017:Infinity":416,"s:1014:6:1014:Infinity":417,"f:1021:16:1021:45":62,"b:1022:2:1022:Infinity:undefined:undefined:undefined:undefined":112,"s:1022:2:1022:Infinity":418,"s:1022:43:1022:Infinity":419,"s:1023:20:1023:Infinity":420,"s:1025:4:1027:Infinity":421,"b:1026:8:1026:Infinity:1027:8:1027:Infinity":113,"b:1025:4:1025:49:1025:49:1025:Infinity":114,"s:1028:21:1035:Infinity":422,"b:1029:20:1029:53:1029:53:1029:Infinity":115,"b:1030:20:1030:56:1030:56:1030:Infinity":116,"f:1035:4:1035:12":63,"s:1035:35:1035:40":423,"s:1036:2:1036:Infinity":424,"b:1036:9:1036:54:1036:54:1036:Infinity":117,"f:1036:20:1036:26":64,"s:1036:34:1036:49":425,"f:1039:16:1039:47":65,"s:1040:2:1043:Infinity":426,"b:1041:4:1041:Infinity:1042:4:1042:Infinity:1043:4:1043:Infinity":118,"f:1074:16:1074:Infinity":66,"b:1075:16:1075:Infinity":119,"s:1078:43:1078:Infinity":427,"s:1079:2:1115:Infinity":428,"b:1080:4:1080:Infinity:undefined:undefined:undefined:undefined":120,"s:1080:4:1080:Infinity":429,"b:1080:8:1080:36:1080:36:1080:74":121,"s:1080:74:1080:Infinity":430,"s:1081:18:1083:Infinity":431,"f:1082:7:1082:15":67,"s:1082:25:1082:75":432,"b:1082:25:1082:48:1082:48:1082:75":122,"f:1083:7:1083:12":68,"s:1083:22:1083:32":433,"s:1084:4:1112:Infinity":434,"s:1085:18:1085:Infinity":435,"s:1086:22:1086:Infinity":436,"b:1087:6:1087:Infinity:undefined:undefined:undefined:undefined":123,"s:1087:6:1087:Infinity":437,"s:1087:32:1087:Infinity":438,"s:1088:6:1111:Infinity":439,"s:1089:25:1089:Infinity":440,"b:1092:8:1092:Infinity:undefined:undefined:undefined:undefined":124,"s:1092:8:1092:Infinity":441,"s:1092:34:1092:Infinity":442,"s:1093:8:1108:Infinity":443,"f:1102:42:1102:47":69,"s:1102:59:1105:12":444,"b:1106:58:1106:75:1106:75:1106:Infinity":125,"s:1110:8:1110:Infinity":445,"s:1114:4:1114:Infinity":446,"s:1116:2:1116:Infinity":447,"f:1125:22:1125:Infinity":70,"b:1127:53:1127:Infinity":126,"b:1129:2:1129:Infinity:undefined:undefined:undefined:undefined":127,"s:1129:2:1129:Infinity":448,"s:1129:23:1129:Infinity":449,"s:1130:22:1130:Infinity":450,"b:1130:22:1130:42:1130:42:1130:Infinity":128,"s:1131:18:1131:Infinity":451,"b:1131:18:1131:34:1131:34:1131:Infinity":129,"s:1132:14:1132:Infinity":452,"s:1133:18:1133:Infinity":453,"b:1134:2:1134:Infinity:undefined:undefined:undefined:undefined":130,"s:1134:2:1134:Infinity":454,"s:1134:28:1134:Infinity":455,"s:1135:2:1142:Infinity":456,"s:1136:21:1136:Infinity":457,"b:1137:4:1139:Infinity:undefined:undefined:undefined:undefined":131,"s:1137:4:1139:Infinity":458,"s:1138:6:1138:Infinity":459,"s:1141:4:1141:Infinity":460,"s:1143:18:1143:Infinity":461,"b:1144:2:1144:Infinity:undefined:undefined:undefined:undefined":132,"s:1144:2:1144:Infinity":462,"s:1144:23:1144:Infinity":463,"s:1145:2:1155:Infinity":464,"s:1146:19:1146:Infinity":465,"b:1146:45:1146:63:1146:63:1146:Infinity":133,"s:1147:16:1147:Infinity":466,"s:1148:4:1148:Infinity":467,"s:1150:4:1154:Infinity":468,"b:1153:38:1153:52:1153:52:1153:Infinity":134},"fnNames":{}}}
}
